0.006759758573025465
0.004702356178313494
0.004214482847601175
0.005264855921268463
0.007410943973809481
0.00569113390520215
0.005558437202125788
0.0047838869504630566
0.00498291477560997
0.005678331013768911
0.00589637691155076
0.0058714584447443485
0.007730141282081604
0.007436227519065142
0.006386468652635813
0.006459519267082214
0.006768359337002039
0.007097618188709021
0.007064290344715118
0.008515424095094204
0.006436157505959272
0.006224451120942831
0.006050615571439266
0.009691651910543442
0.0066515556536614895
0.005079304333776236
0.004890795797109604
0.0051733083091676235
0.005698062013834715
0.0041844649240374565
0.004576800391077995
0.005326671991497278
0.004204058088362217
0.003892473643645644
0.003366422140970826
0.0037752212956547737
0.0037011129315942526
0.004489006474614143
0.004661490675061941
0.004555698484182358
0.003915976267307997
0.005204326938837767
0.004167783539742231
0.004851828794926405
0.004883423913270235
0.0039483425207436085
0.004363359417766333
0.004866276402026415
0.0062935990281403065
0.005481697153300047
0.007567898835986853
0.004544892348349094
0.006229449529200792
0.005928230471909046
0.007611609064042568
0.009072575718164444
0.006109011359512806
0.005362438969314098
0.006730552297085524
0.008766470476984978
0.005990642588585615
0.005403572227805853
0.0909837931394577
0.010285523720085621
0.0051950919441878796
0.0054591684602200985
0.006781942676752806
0.009702019393444061
0.005358617752790451
0.005767460446804762
0.0060048699378967285
0.006992754060775042
0.0054087284952402115
0.005390400532633066
0.006736717652529478
0.0051457760855555534
0.004616254474967718
0.007645606528967619
0.005588218569755554
0.0036346050910651684
0.0049627963453531265
0.0042908149771392345
0.005000385921448469
0.0033269913401454687
0.007971257902681828
0.004840055014938116
0.004937490448355675
0.006076957564800978
0.004773400723934174
0.008740536868572235
0.00506980437785387
0.01251958217471838
0.005435241851955652
0.006833899766206741
0.005861908663064241
0.006326646078377962
0.005322800949215889
0.004682515747845173
0.004565937910228968
0.004119363147765398
0.00390907097607851
0.0034231627359986305
0.004225339274853468
0.003876171074807644
0.0034386771731078625
0.0033115975093096495
0.0034507429227232933
0.00526783661916852
0.004957766737788916
0.004724674392491579
0.006589971482753754
0.005701310001313686
0.005001634359359741
0.004136159550398588
0.0056886738166213036
0.0051430594176054
0.0037602048832923174
0.007887930609285831
0.004330585245043039
0.0052374969236552715
0.005605253390967846
0.006568881217390299
0.0065862578339874744
0.004261033609509468
0.005568171385675669
0.005448651500046253
0.005279810633510351
0.0047529395669698715
0.008722302503883839
0.006513866130262613
0.0032229747157543898
0.0038807401433587074
0.0063982256688177586
0.00676236767321825
0.0056847562082111835
0.007225744426250458
0.008237718604505062
0.0060167452320456505
0.005431199446320534
0.004731866531074047
0.005794414319097996
0.005209180526435375
0.005118350498378277
0.005541118327528238
0.006425502244383097
0.005935856141149998
0.008728217333555222
0.009027553722262383
0.00624715955927968
0.005160538479685783
0.007103819865733385
0.00851417239755392
0.009651214815676212
0.005815715063363314
0.013468732126057148
0.023656440898776054
0.019987136125564575
0.026516143232584
0.011783672496676445
0.03294287249445915
0.03041481412947178
0.024862851947546005
0.035841573029756546
0.0851733535528183
0.03283214196562767
0.03844902664422989
0.025732820853590965
0.23616012930870056
0.028926696628332138
0.020273642614483833
0.011380433104932308
0.018697557970881462
0.030709587037563324
0.018519528210163116
0.023159191012382507
0.021989408880472183
0.01207604818046093
0.008739057928323746
0.017317647114396095
0.024587051942944527
0.006035361438989639
0.011268889531493187
0.00781335961073637
0.006217974238097668
0.006729781627655029
0.004779539071023464
0.005208718124777079
0.004790515638887882
0.003150492673739791
0.005789101589471102
0.00437272060662508
0.003722613910213113
0.0045534283854067326
0.005014653317630291
0.00540125323459506
0.003839438548311591
0.01126949954777956
0.006943851243704557
0.005385854747146368
0.009554502554237843
0.009484764188528061
0.014111548662185669
0.0035357887391000986
0.011528301052749157
0.007544306106865406
0.010078870691359043
0.007770801428705454
0.02152758277952671
0.03552096337080002
0.018284399062395096
0.01309384685009718
0.02565421722829342
0.029415925964713097
0.034816548228263855
0.025163913145661354
0.022672448307275772
0.02871658466756344
0.03777071833610535
0.021523067727684975
0.021565673872828484
0.03157506138086319
0.022191965952515602
0.013448282144963741
0.014338054694235325
0.006377524696290493
0.00925389863550663
0.013271352276206017
0.014672764576971531
0.01023630890995264
0.008472575806081295
0.006697201170027256
0.022628460079431534
0.0050099557265639305
0.006302988156676292
0.009613055735826492
0.010548239573836327
0.005686456803232431
0.005209565628319979
0.011433619074523449
0.008902729488909245
0.008202222175896168
0.007438058033585548
0.014044822193682194
0.00969600584357977
0.0048171281814575195
0.008481480181217194
0.004148900508880615
0.008474634028971195
0.0063614873215556145
0.011587799526751041
0.0052403649315238
0.008228273130953312
0.0054835062474012375
0.005277266725897789
0.00634091068059206
0.005804732907563448
0.007646775338798761
0.009181304834783077
0.008763362653553486
0.015718508511781693
0.008593111298978329
0.016251077875494957
0.017764991149306297
0.018743110820651054
0.00750674307346344
0.016182908788323402
0.026201214641332626
0.010680226609110832
0.007950590923428535
0.02266140840947628
0.018560335040092468
0.013835707679390907
0.00963358860462904
0.03443720564246178
0.017323840409517288
0.02026916667819023
0.012947587296366692
0.06055154651403427
0.020816372707486153
0.02486111782491207
0.007322982419282198
0.025611452758312225
0.006802233401685953
0.006824675481766462
0.0099819116294384
0.010403325781226158
0.008489464409649372
0.010773940943181515
0.007024955004453659
0.00784690398722887
0.008953791111707687
0.010525221936404705
0.004871921148151159
0.00397792411968112
0.00788588635623455
0.007473543286323547
0.008197286166250706
0.00861037615686655
0.014189871959388256
0.010206573642790318
0.012598501518368721
0.013390065170824528
0.014029419980943203
0.017003368586301804
0.012689127586781979
0.01686023361980915
0.014502671547234058
0.005415861960500479
0.009190971031785011
0.004043723456561565
0.00336145656183362
0.007396650034934282
0.0050024790689349174
0.0046931104734539986
0.007607284002006054
0.010510522872209549
0.016450952738523483
0.02015809528529644
0.02452237531542778
0.01946566067636013
0.010546796023845673
0.008780436590313911
0.02659708634018898
0.014474191702902317
0.0077584353275597095
0.010995173826813698
0.02409842424094677
0.012964783236384392
0.008482350967824459
0.01981545053422451
0.020058080554008484
0.014622415415942669
0.01819869689643383
0.010698016732931137
0.010295907966792583
0.007829674519598484
0.008438920602202415
0.01462768018245697
0.01237416546791792
0.018875721842050552
0.010851872153580189
0.008646784350275993
0.01152222789824009
0.017300499603152275
0.017885621637105942
0.015543145127594471
0.011599045246839523
0.010675039142370224
0.009452643804252148
0.009859311394393444
0.01037251204252243
0.01339122373610735
0.00838982593268156
0.006330760195851326
0.0034445750061422586
0.0061711883172392845
0.005400095600634813
0.004245929419994354
0.0038562773261219263
0.011142806150019169
0.005341966170817614
0.00460135517641902
0.005247986409813166
0.007564980536699295
0.006203440483659506
0.010119286365807056
0.016150744631886482
