0.011609606444835663
0.020145099610090256
0.020572859793901443
0.02205384150147438
0.01793968677520752
0.01290928851813078
0.007084115408360958
0.00886654295027256
0.02497808448970318
0.008710823953151703
0.004452737979590893
0.014685173518955708
0.012908583506941795
0.0049435761757195
0.00842510350048542
0.008685927838087082
0.009524145163595676
0.004823835100978613
0.010401489213109016
0.01429598405957222
0.010544458404183388
0.006760036572813988
0.009642691351473331
0.01075632032006979
0.012429215013980865
0.006726444698870182
0.01025976613163948
0.013266107998788357
0.015584795735776424
0.015208018943667412
0.009933862835168839
0.02040591463446617
0.01467199344187975
0.020533498376607895
0.01363323163241148
0.00731960404664278
0.008480614982545376
0.02413763664662838
0.005517593584954739
0.00918141845613718
0.01778649538755417
0.007742249872535467
0.015180534683167934
0.019699210301041603
0.6815347075462341
0.3938918709754944
0.028239548206329346
0.012897183187305927
0.01908767968416214
0.09858991950750351
0.023126663640141487
0.015413157641887665
0.011387296952307224
0.011609846726059914
0.02155156619846821
0.012943455949425697
0.010516763664782047
0.007585420273244381
0.01233434583991766
0.008670749142765999
0.010959897190332413
0.007225888781249523
0.008877821266651154
0.004607846029102802
0.007406293880194426
0.00856798980385065
0.007590002845972776
0.005637095309793949
0.006045854184776545
0.005136335734277964
0.00491979718208313
0.0038497019559144974
0.005301371682435274
0.005228275898844004
0.0038048557471483946
0.004195813555270433
0.006659029051661491
0.005998862907290459
0.0036992111708968878
0.0037738012615591288
0.006662335246801376
0.004514380358159542
0.004440619144588709
0.00845316145569086
0.012519599869847298
0.009639778174459934
0.005614113062620163
0.008671184070408344
0.005739104468375444
0.008692631497979164
0.004726751241832972
0.007861863821744919
0.0072035822086036205
0.007456530816853046
0.005562325939536095
0.007434387691318989
0.0069414544850587845
0.004895432852208614
0.005795793607831001
0.007498832419514656
0.008359936065971851
0.005319640506058931
0.005876835435628891
0.0038392015267163515
0.006193295121192932
0.010530844330787659
0.011373755522072315
0.011005844920873642
0.4674719274044037
0.009785104542970657
0.012640411965548992
0.011426184326410294
0.008419587276875973
0.47469866275787354
0.017876822501420975
0.012816441245377064
0.01867014542222023
0.009539320133626461
0.007781773339956999
0.010320727713406086
0.0065780822187662125
0.006060195155441761
0.009252561256289482
0.005720322486013174
0.006723504979163408
0.006639140658080578
0.0072092218324542046
0.004824462346732616
0.006611695513129234
0.010421259328722954
0.00832038838416338
0.0044029587879776955
0.009000846184790134
0.009745781309902668
0.005590404849499464
0.004015709739178419
0.010039270855486393
0.007099664304405451
0.004620564170181751
0.007068646140396595
0.005326737649738789
0.006154914386570454
0.0041643176227808
0.009328260086476803
0.005948146805167198
0.004731273278594017
0.005213236901909113
0.01605682447552681
0.009124998934566975
0.004309279378503561
0.007510950323194265
0.00870345626026392
0.011729057878255844
0.008283540606498718
0.013101834803819656
0.006791671738028526
0.008249358274042606
0.009346595965325832
0.007170455530285835
0.010670884512364864
0.007124568801373243
0.00916284043341875
0.013256754726171494
0.014835802838206291
0.45563992857933044
0.014727083034813404
0.008526640012860298
0.017162490636110306
0.016625594347715378
0.013767963275313377
0.008069850504398346
0.016723643988370895
0.02098463848233223
0.009193593636155128
0.008071576245129108
0.011562961153686047
0.013040727935731411
0.01594989001750946
0.01004946418106556
0.006618063431233168
0.010931351222097874
0.011417084373533726
0.0051272111013531685
0.008661037310957909
0.006781418342143297
0.006209493614733219
0.005989714525640011
0.006920977029949427
0.004813543055206537
0.006976584903895855
0.011620812118053436
0.006919754669070244
0.005748896859586239
0.007390592712908983
0.006114780902862549
0.00625609653070569
0.008322489447891712
0.006151939742267132
0.00600343057885766
0.005374792963266373
0.008846928365528584
0.010167771950364113
0.009411518462002277
0.007591651286929846
0.007241226267069578
0.006221492774784565
0.005796219687908888
0.005921484436839819
0.007474593352526426
0.004833006765693426
0.004098035395145416
0.003647455945611
0.003900609677657485
0.004236213397234678
0.0036987788043916225
0.005581021308898926
