0.004500152077525854
0.0031029267702251673
0.0031073582358658314
0.003468726761639118
0.0037768862675875425
0.0031174214091151953
0.0031999393831938505
0.0035822968930006027
0.003656370798125863
0.003764308523386717
0.004800971131771803
0.004194401204586029
0.005174403078854084
0.005401829723268747
0.004520895425230265
0.005067217163741589
0.004594683181494474
0.0033053806982934475
0.00638655386865139
0.005095308180898428
0.00513833574950695
0.0041326372884213924
0.007509507704526186
0.00832747295498848
0.005546743981540203
0.00648465333506465
0.006804173346608877
0.008538354188203812
0.006806486751884222
0.009169865399599075
0.007350149564445019
0.007445436902344227
0.14561454951763153
0.00994172040373087
0.01204401720315218
0.011469034478068352
0.007470391690731049
0.011853997595608234
0.01161516085267067
0.011216015554964542
0.01502849068492651
0.013118350878357887
0.011878648772835732
0.008029590360820293
0.016752414405345917
0.01329050399363041
0.01160912960767746
0.015028350986540318
0.013696644455194473
0.01609405316412449
0.006016540341079235
0.006194692570716143
0.009663592092692852
0.020882274955511093
0.008063909597694874
0.00726469699293375
0.00685112876817584
0.007098912261426449
0.006190642714500427
0.006920846179127693
0.006076626945286989
0.038795337080955505
0.005686543416231871
0.026650169864296913
0.007979040034115314
0.00789390318095684
0.009894626215100288
0.010743824765086174
0.011536531150341034
0.049475520849227905
0.010443469509482384
0.007772279437631369
0.009650280699133873
0.00971703976392746
0.21803128719329834
0.5787089467048645
0.008888703770935535
0.009675689041614532
0.009067201055586338
0.01047486811876297
0.015687692910432816
0.07031595706939697
0.016506457701325417
0.31318214535713196
0.3488374948501587
0.6548123955726624
0.5509822368621826
0.00746583566069603
0.013058660551905632
0.4216414988040924
0.011221352964639664
0.006377778481692076
0.013841058127582073
0.3998388648033142
0.007585750427097082
0.6150162816047668
0.01130842138081789
0.2155369222164154
0.008585444651544094
0.009975090622901917
0.010791304521262646
0.011950541287660599
0.010115547105669975
0.010286976583302021
0.00704827718436718
0.15657581388950348
0.1940917819738388
0.012185279279947281
0.010333310812711716
0.010063744150102139
0.011821923777461052
0.010697728954255581
0.011587625369429588
0.01307586021721363
0.009668933227658272
0.012503680773079395
0.010580288246273994
0.01024248544126749
0.0073918732814490795
0.4374259412288666
0.015717394649982452
0.37294676899909973
0.012178358621895313
0.013214325532317162
0.010596318170428276
0.012870010919868946
0.17234987020492554
0.01081275474280119
0.057588037103414536
0.006585892755538225
0.008291025646030903
0.005635516252368689
0.006284093018621206
0.009068367071449757
0.0060026454739272594
0.006583334878087044
0.005511071532964706
0.004365317523479462
0.45403626561164856
0.0071899304166436195
0.005562460515648127
0.005693179555237293
0.007710288278758526
0.0057508270256221294
0.010702579282224178
0.007776550482958555
0.007326778955757618
0.0061771622858941555
0.007215725723654032
0.007720243185758591
0.01337118074297905
0.00898986216634512
0.008529115468263626
0.006593818310648203
0.0070125991478562355
0.006156950257718563
0.006739209871739149
0.008859798312187195
0.01118715200573206
0.21653874218463898
0.00857925321906805
0.00739640137180686
0.011417428962886333
0.011488432064652443
0.010186461731791496
0.005657987669110298
0.010398073121905327
0.013912234455347061
0.008539593778550625
0.005666129291057587
0.008085178211331367
0.014212039299309254
0.014752346090972424
0.015380808152258396
0.012827902100980282
0.015480615198612213
0.010806952603161335
0.02167145162820816
0.016096023842692375
0.013866784982383251
0.01670752465724945
0.018847381696105003
0.01843685656785965
0.012845716439187527
0.007883438840508461
0.015244340524077415
0.18806438148021698
0.01506088301539421
0.013177629560232162
0.007488136645406485
0.010228320956230164
0.007483704015612602
0.0059067667461931705
0.005572807043790817
0.004618634469807148
0.010826810263097286
0.006719697266817093
0.00478578032925725
0.007700389716774225
0.0055031063966453075
0.005034441128373146
0.003415167098864913
0.0062524364329874516
0.0038121137768030167
0.003371642902493477
0.00951140932738781
0.004793217405676842
0.006335732527077198
0.0036571731325238943
0.004879296291619539
0.003798275487497449
0.006793852895498276
0.003359540132805705
0.0045595490373671055
0.006773573812097311
0.007070524618029594
0.014825108461081982
0.017778558656573296
0.018346384167671204
0.01083445269614458
0.015184585005044937
0.016403988003730774
0.011406837031245232
0.01193910650908947
0.008316714316606522
0.00817981269210577
0.008378567174077034
0.011037108488380909
0.005422394722700119
0.0030672901775687933
0.007594443392008543
0.00663317134603858
0.005977700464427471
0.00387096987105906
0.01313897967338562
0.009869249537587166
0.005851744208484888
0.01185096986591816
0.010800215415656567
0.010732123628258705
0.013255189172923565
0.009905019775032997
0.006870317738503218
0.008629871532320976
0.006720582488924265
0.013289672322571278
0.011083433404564857
0.008042589761316776
0.06607691943645477
0.007138374261558056
0.006518495734781027
0.006800023838877678
0.004151764325797558
0.007182292640209198
0.004609475843608379
0.0042187818326056
0.007326620165258646
0.0074044507928192616
0.008830102160573006
0.0067680454812943935
0.008439391851425171
0.0056934356689453125
0.010372023098170757
0.012342981994152069
0.006526208017021418
0.014925351366400719
0.013202803209424019
0.01215702760964632
0.011623266153037548
0.011356171220541
0.014603286050260067
0.012597351334989071
0.010337626561522484
0.005630492232739925
0.007581020705401897
0.00734554510563612
0.008528647944331169
0.0072486684657633305
0.012091969139873981
0.005875642877072096
0.010387113317847252
0.008978624828159809
0.006722896825522184
0.004996690899133682
0.00645213620737195
0.006557275541126728
0.007354239001870155
0.00715754134580493
0.01309780403971672
0.00752275763079524
0.011716612614691257
0.01036644447594881
0.007103403564542532
0.013944270089268684
0.013213125988841057
0.012219840660691261
0.013817411847412586
0.011513487435877323
0.010502798482775688
0.005238023586571217
0.011554739437997341
0.008462999016046524
0.01173324789851904
0.011015305295586586
0.010607346892356873
0.006126128137111664
0.010300545021891594
0.007365323603153229
0.00733525026589632
0.007852849550545216
0.006938526406884193
0.010862390510737896
0.004967597778886557
0.009907657280564308
0.004401282873004675
0.007069864775985479
0.005927511025220156
0.005659205373376608
0.008284230716526508
0.008324720896780491
0.005273784045130014
0.006712810602039099
0.006944446824491024
0.009149866178631783
0.012896054424345493
0.00902201421558857
0.008173037320375443
0.009365290403366089
0.008737120777368546
0.010476621799170971
0.008805438876152039
0.00957520492374897
0.009407544508576393
0.00883522816002369
0.009905440732836723
0.007940682582557201
0.01289741974323988
0.005453035701066256
0.010012965649366379
0.005523656494915485
0.006864574272185564
0.007318020798265934
0.011491621844470501
0.006871130783110857
0.009567294269800186
0.010016988962888718
0.009955153800547123
0.008611654862761497
0.007236945908516645
0.0040764943696558475
0.007609963417053223
0.005892755929380655
0.0038038655184209347
0.006987795699387789
0.010301380418241024
0.005643658339977264
0.0037484357599169016
0.010065387934446335
0.01229892112314701
0.005833107512444258
0.003969618119299412
0.010951176285743713
0.009962327778339386
0.007128192111849785
0.009388345293700695
0.010843982920050621
0.013704615645110607
0.004877194762229919
0.009423613548278809
0.006102069281041622
0.008832940831780434
0.0035902983509004116
0.0053905826061964035
0.015085375867784023
0.005769108887761831
0.005734774749726057
0.00880570150911808
0.011966034770011902
0.01171384658664465
0.007095205597579479
0.011818029917776585
0.006651621777564287
0.012784318998456001
0.0071999612264335155
0.00725474813953042
0.012179575860500336
0.10321498662233353
0.007992507889866829
0.006584785412997007
0.010090706869959831
0.007394182495772839
0.005435113329440355
0.004858916159719229
0.006944910157471895
0.005945897661149502
0.00471833348274231
0.0061448183842003345
0.006197960581630468
0.007226363755762577
0.005644198972731829
0.014796245843172073
0.004947762470692396
0.005927646066993475
0.007789799012243748
0.005102656781673431
0.006793586071580648
0.011046439409255981
0.009960955008864403
0.004923370201140642
0.007625477388501167
0.007372937630861998
0.009444279596209526
0.003984574228525162
0.006836201064288616
0.01044178381562233
0.005379552021622658
0.00806934293359518
0.011537923477590084
0.0059126270934939384
0.007941791787743568
0.013562161475419998
0.010009591467678547
0.008234153501689434
0.013358949683606625
0.006673876661807299
0.007873130030930042
0.008222554810345173
0.010176965966820717
0.012663507834076881
0.00883469358086586
0.009388167411088943
0.010754554532468319
0.006564243230968714
0.013371148146688938
0.008741093799471855
0.007998542860150337
0.008426202461123466
0.00834772177040577
0.005451673176139593
0.005584356375038624
0.007561258506029844
0.005401025991886854
0.004108721856027842
0.006347023881971836
0.0071828775107860565
0.003910875879228115
0.003644630778580904
0.007492291275411844
0.004933394957333803
0.003478670259937644
0.00514232786372304
0.007296174764633179
0.003921875264495611
0.006132503505796194
0.006387928035110235
0.005065221805125475
0.0033955564722418785
0.006620583590120077
0.00674858782440424
0.004782878793776035
0.007394521962851286
0.0044561829417943954
0.004483450669795275
0.005943339318037033
0.005468916613608599
0.0058607496321201324
0.003915627021342516
0.007329235319048166
0.005201888270676136
0.006995586212724447
0.0036591857206076384
0.007983782328665257
0.004599400795996189
0.004599662963300943
0.005288819316774607
0.005341461859643459
0.007379323244094849
0.0038559017702937126
0.005287048406898975
0.006834498606622219
0.007199614308774471
0.007800689898431301
0.004440699238330126
0.01439770869910717
0.006695812568068504
0.007751787547022104
0.006049812771379948
0.005974167957901955
0.005128602497279644
0.003937161061912775
0.00390364951454103
0.0034330931957811117
0.003509044647216797
0.00396557804197073
0.003297684248536825
0.0032357957679778337
0.003532244125381112
0.004483799450099468
0.004395905416458845
0.004359975922852755
0.006860323715955019
0.00616553146392107
0.006207096390426159
0.007847709581255913
0.006857542786747217
0.009788792580366135
0.008397921919822693
0.007527580019086599
0.013375986367464066
0.006147867999970913
0.014754487201571465
0.010028623044490814
0.008227984420955181
0.01253434643149376
0.0142602464184165
0.008449525572359562
0.012953633442521095
0.016155274584889412
0.008662506937980652
0.010828944854438305
0.01024739257991314
0.0047736093401908875
0.00893104262650013
0.00909618753939867
0.006848566234111786
0.008258304558694363
0.016566269099712372
0.008203370496630669
0.01541853602975607
0.01758725196123123
0.018290819600224495
0.011649897322058678
0.012838171795010567
0.01319143921136856
0.012750481255352497
0.01546530332416296
0.01103712897747755
0.00724119832739234
0.012643127702176571
0.008605985902249813
0.00592129398137331
0.005812743678689003
0.010764060541987419
0.010476230643689632
0.008007234893739223
0.009772500023245811
0.010361768305301666
0.006440375465899706
0.00812529306858778
0.008154540322721004
0.011159698478877544
0.008794358931481838
0.010968108661472797
0.013211732730269432
0.009719430468976498
0.010129470378160477
0.005959350615739822
0.011590657755732536
0.009779894724488258
0.00923712644726038
0.012452656403183937
0.01135881058871746
0.010486111044883728
0.013608253560960293
0.01416060421615839
0.00981645192950964
0.009713640436530113
0.013434698805212975
0.010572114959359169
0.010409792885184288
0.011334381066262722
0.009216595441102982
0.007076083682477474
0.00719295023009181
0.010686324909329414
0.011402644217014313
0.0152951180934906
0.009470277465879917
0.012338551692664623
0.011789114214479923
0.015420366078615189
0.01231856644153595
0.013146357610821724
0.013632499612867832
0.013565288856625557
0.009609733708202839
0.019070101901888847
0.015503421425819397
0.008553399704396725
0.0070213573053479195
0.007957477122545242
0.007851196452975273
0.00718889944255352
0.004892806056886911
0.00427250238135457
0.009972970932722092
0.005946241319179535
0.007397728972136974
0.009709961712360382
0.012912150472402573
0.00652939360588789
0.006646657828241587
0.011853164993226528
0.007122332695871592
0.006145543418824673
0.006390730384737253
0.006223020143806934
0.004567154683172703
0.0033836206421256065
0.0042801001109182835
0.00576713215559721
0.009819104336202145
0.0059964293614029884
0.007944898679852486
0.005599502008408308
0.006648289039731026
0.014651285484433174
0.009835097007453442
0.009491194039583206
0.013715563341975212
0.011215883307158947
0.01177175622433424
0.013082526624202728
0.011856164783239365
0.011978574097156525
0.007727654650807381
0.00780015904456377
0.0053554014302790165
0.007499074097722769
0.007517468649893999
0.008590174838900566
0.008489913307130337
0.0106733413413167
0.011748408898711205
0.007054670713841915
0.008783619850873947
0.012326366268098354
0.01083339937031269
0.011191405355930328
0.015713663771748543
0.008392511866986752
0.009517539292573929
0.007673637010157108
0.009651228785514832
0.004761522635817528
0.006197499576956034
0.011402993462979794
0.006197919603437185
0.006953412666916847
0.009021506644785404
0.009487460367381573
0.011362475343048573
0.010012195445597172
0.008079160936176777
0.008391877636313438
0.004545787815004587
0.006446899380534887
0.0038855429738759995
0.003025786019861698
0.0030811219476163387
0.003211759263649583
0.003759354818612337
0.0035970034077763557
0.0033937706612050533
0.003379259491339326
0.0033474185038357973
0.0032157031819224358
0.002847872208803892
0.002638760022819042
0.003812213661149144
0.0036462447606027126
0.0025853626430034637
0.003359198337420821
0.003803337924182415
0.0025517605245113373
0.0032506862189620733
0.002439697040244937
0.003280710196122527
0.0035416334867477417
0.0030919662676751614
0.0032158405520021915
0.0026890605222433805
0.003225481603294611
0.0032806091476231813
0.0026248490903526545
0.003077118657529354
0.002881507156416774
0.0030311187729239464
0.0032701478339731693
0.0031848594080656767
0.003116222796961665
0.0034516563173383474
0.0036623822525143623
0.004345933441072702
0.005560849327594042
0.007482575252652168
0.005879376549273729
0.006704358384013176
0.008535932749509811
0.009173985570669174
0.012405387125909328
0.008131597191095352
0.009056325070559978
0.011983535252511501
0.010405127890408039
0.013691865839064121
0.010602058842778206
0.009465895593166351
0.009420710615813732
0.005907506216317415
0.010112973861396313
0.0037587692495435476
0.006315812934190035
0.00871941726654768
0.011251869611442089
0.008564927615225315
0.01424796599894762
0.009865699335932732
0.01199206430464983
0.011923501268029213
0.011370287276804447
0.010632789693772793
0.012177979573607445
0.013684997335076332
0.01355154998600483
0.012913743034005165
0.007899402640759945
0.006268524564802647
0.00930961687117815
0.005857530981302261
0.004710810724645853
0.003447101218625903
0.004357089754194021
0.010690866969525814
0.006984742358326912
0.00625653238967061
0.008086646907031536
0.011399272829294205
0.009821361862123013
0.009859474375844002
0.00867566466331482
0.006150790955871344
0.003967327997088432
0.004283533897250891
0.004892564378678799
0.003557640826329589
0.0066472371108829975
0.007741356268525124
0.005719813052564859
0.007694001775234938
0.011875879019498825
0.006031832657754421
0.015149733982980251
0.009795335121452808
0.009324277751147747
0.012967896647751331
0.0118116345256567
0.015683665871620178
0.015413613058626652
0.012733517214655876
0.014626695774495602
0.009268902242183685
0.009001531638205051
0.004877993371337652
0.006352987140417099
0.008925194852054119
0.013924026861786842
0.009872497990727425
0.014910579659044743
0.011691036634147167
0.016671229153871536
0.018263787031173706
0.016142653301358223
0.013054628856480122
0.01456389669328928
0.012334165163338184
0.013680350966751575
0.01307633426040411
0.009188860654830933
0.006427624262869358
0.009057510644197464
0.009720416739583015
0.0038269790820777416
0.0052517070434987545
0.009939083829522133
0.006659042090177536
0.005572838708758354
0.0063181533478200436
0.008454511873424053
0.009169396944344044
0.006820811424404383
0.009463668800890446
0.009270806796848774
0.008687238208949566
0.0044243959710001945
0.0042191604152321815
0.00457243574783206
0.006127809174358845
0.007438015658408403
0.00576668931171298
0.009880462661385536
0.012012646533548832
0.006633206270635128
0.01161803025752306
0.00976440031081438
0.009574662894010544
0.012131056748330593
0.012315654195845127
0.011914191767573357
0.010578476823866367
0.012082898989319801
0.008990384638309479
0.006504932884126902
0.011462911032140255
0.004789183381944895
0.00517509039491415
0.0063494304195046425
0.010906904935836792
0.00903743039816618
0.012662719935178757
0.010533896274864674
0.013003152795135975
0.011224411427974701
0.013187156058847904
0.015639472752809525
0.013348891399800777
0.014749602414667606
0.011678216978907585
0.008834777399897575
0.008824399672448635
0.0065780263394117355
0.008533519692718983
0.0047498117201030254
0.0038850782439112663
0.008419615216553211
0.005246913991868496
0.006244777236133814
0.008321292698383331
0.010493813082575798
0.007079568691551685
0.010706300847232342
0.00917481817305088
0.0082040810957551
0.0074133784510195255
0.006590108387172222
0.0047567663714289665
0.00398632138967514
0.004156462848186493
0.0037828548811376095
0.0033798038493841887
0.0033427653834223747
0.0032194440718740225
0.0030839487444609404
0.0029592840000987053
0.0030434811487793922
0.0025490906555205584
0.0032973596826195717
0.0032919764053076506
0.0032857644837349653
0.0033362475223839283
0.00337348785251379
0.003340511815622449
0.005288435611873865
