0.006238633766770363
0.0054441397078335285
0.006198321934789419
0.005739784799516201
0.009513678960502148
0.06893959641456604
0.004971785005182028
0.00758324982598424
0.007649442180991173
0.005968680139631033
0.0063352701254189014
0.007284544873982668
0.005535209085792303
0.0059356167912483215
0.012241101823747158
0.012098578736186028
0.007656341418623924
0.01343886461108923
0.016252877190709114
0.012514914385974407
0.008030751720070839
0.019504260271787643
0.014203992672264576
0.027067700400948524
0.015935542061924934
0.017637720331549644
0.024739746004343033
0.015869203954935074
0.028025686740875244
0.019722307100892067
0.01767512783408165
0.016498733311891556
0.009524275548756123
0.012440130114555359
0.010190549306571484
0.007574459072202444
0.008304834365844727
0.003993395250290632
0.006489435210824013
0.012668140232563019
0.005711658857762814
0.0033917149994522333
0.010536490008234978
0.008140763267874718
0.004775566514581442
0.004314427729696035
0.009205254726111889
0.007209845818579197
0.0029174291994422674
0.0072778379544615746
0.011622313410043716
0.011540599167346954
0.01058175042271614
0.006774167530238628
0.0074641467072069645
0.01623675413429737
0.3044453263282776
0.023668183013796806
0.018423540517687798
0.022706277668476105
0.022600295022130013
0.8295446038246155
0.3934738039970398
0.9565155506134033
0.01326465979218483
0.026806030422449112
0.0100777018815279
0.010683410800993443
0.013452216982841492
0.00781292375177145
0.009813718497753143
0.00406885240226984
0.007926616817712784
0.014473234303295612
0.009577673859894276
0.00490947812795639
0.014918187633156776
0.010593464598059654
0.008737699128687382
0.008136722259223461
0.008384051732718945
0.006273228209465742
0.005090456455945969
0.00816029217094183
0.0056450823321938515
0.009861042723059654
0.003891865722835064
0.004538147244602442
0.010761506855487823
0.0046353512443602085
0.010034637525677681
0.01023839134722948
0.006764974910765886
0.01663311757147312
0.012134336866438389
0.015683583915233612
0.01887141354382038
0.01933000236749649
0.0144455311819911
0.011568079702556133
0.006979452911764383
0.019040333107113838
0.00955874938517809
0.006265812553465366
0.007401920855045319
0.008077068254351616
0.009727240540087223
0.004294840153306723
0.009840086102485657
0.011378077790141106
0.022667301818728447
0.01122477650642395
0.008431670255959034
0.01088335458189249
0.018189765512943268
0.016950154677033424
0.019472947344183922
0.021161094307899475
0.019413864240050316
0.009495116770267487
0.008066648617386818
0.011418096721172333
0.004501071292907
0.008606758899986744
0.01293410174548626
0.008661946281790733
0.004861051216721535
0.012677101418375969
0.008374875411391258
0.010476582683622837
0.0045946030877530575
0.00905653927475214
0.006299434695392847
0.01101028360426426
0.011906633153557777
0.008342983201146126
0.01510680839419365
0.008121151477098465
0.0165284164249897
0.015256878919899464
0.024585353210568428
0.019627844914793968
0.012506361119449139
0.015402003191411495
0.015193195082247257
0.00908967386931181
0.012372080236673355
0.016562284901738167
0.02251213788986206
0.008092684671282768
0.00934936385601759
0.016886020079255104
0.007920851930975914
0.0135600371286273
0.005366993136703968
0.007403918541967869
0.007798830512911081
0.007219077553600073
0.005151647608727217
0.008009416982531548
0.007927494123578072
0.0071734474040567875
0.0041983406990766525
0.011658510193228722
0.0077430554665625095
0.005080518778413534
0.004490400664508343
0.013894529081881046
0.006325950380414724
0.003962225280702114
0.007917371578514576
0.011652061715722084
0.006348173134028912
0.005727959331125021
0.009158473461866379
0.008015519008040428
0.007123452145606279
0.007513827178627253
0.007297818548977375
0.005070059560239315
0.010363832116127014
0.006746490951627493
0.00803985446691513
0.009307721629738808
0.019041724503040314
0.021791480481624603
0.017112404108047485
0.01998198591172695
0.02245160937309265
0.019417500123381615
0.020511256530880928
0.020275354385375977
0.018077734857797623
0.013641313649713993
0.005488262046128511
0.01463349536061287
0.016419272869825363
0.010220499709248543
0.007254050578922033
0.007987541146576405
0.007848592475056648
0.0069274562411010265
0.00700478395447135
0.008236214518547058
0.006652425043284893
0.0043497770093381405
0.006306584924459457
0.00780534278601408
0.00584165845066309
0.008309190161526203
0.005397317465394735
0.009811809286475182
0.012868647463619709
0.008831730112433434
0.01404199656099081
0.013026073575019836
0.0161813385784626
0.019761424511671066
0.021465400233864784
0.016128111630678177
0.02617623843252659
0.017374802380800247
0.01913665235042572
0.00920478068292141
0.01055515930056572
0.007757687941193581
0.00970508437603712
0.011291655711829662
0.005074020009487867
0.01126912236213684
0.005830049980431795
0.01043266337364912
0.005289323162287474
0.005020407028496265
0.016878856346011162
0.011954179964959621
0.010666788555681705
0.012599177658557892
0.014287102967500687
0.009042252786457539
0.00918316189199686
0.013069936074316502
0.013704860582947731
0.0087273633107543
0.008661733008921146
0.012131011113524437
0.011608166620135307
0.008774488233029842
0.009327255189418793
0.011642718687653542
0.013321248814463615
0.010204382240772247
0.009455841034650803
0.010687503963708878
0.019548704847693443
0.01546779926866293
0.015191951766610146
0.011326786130666733
0.010834907181560993
0.006765551865100861
0.011157183907926083
0.012790368869900703
0.00935269519686699
0.007808711379766464
0.009878918528556824
0.0065918066538870335
0.007305069360882044
0.00741809606552124
0.006708364002406597
0.005707882344722748
0.008954277262091637
0.00771331274881959
0.006065004970878363
0.004569571930915117
0.006854101549834013
0.004419253207743168
0.0037175172474235296
0.004195273853838444
0.003626441117376089
0.0033980023581534624
0.004765186924487352
0.004968773573637009
