0.005062377545982599
0.004866717383265495
0.004472118802368641
0.004842586815357208
0.005022383760660887
0.004662187770009041
0.004733189474791288
0.004320482723414898
0.0040910993702709675
0.004241431597620249
0.004569749813526869
0.003746968926861882
0.004222635645419359
0.005150460172444582
0.004005675204098225
0.003777481848374009
0.004155302885919809
0.005439174361526966
0.0038429328706115484
0.003386494005098939
0.003473450895398855
0.005648825317621231
0.010111589916050434
0.0042479499243199825
0.0035482679959386587
0.0036190415266901255
0.008312263526022434
0.005446739960461855
0.005579851102083921
0.008378828875720501
0.006767849903553724
0.008678898215293884
0.010166211985051632
0.006081994157284498
0.008719936944544315
0.007612448185682297
0.010920971632003784
0.007093640044331551
0.011002492159605026
0.019490888342261314
0.012883593328297138
0.01413216907531023
0.020769478753209114
0.02694598399102688
0.010699732229113579
0.01739901304244995
0.025077715516090393
0.018513940274715424
0.021678635850548744
0.021928608417510986
0.02574978582561016
0.7597231864929199
0.027457691729068756
0.01585979387164116
0.011637885123491287
0.010098796337842941
0.00919890683144331
0.015085000544786453
0.004038150422275066
0.0077988929115235806
0.019745169207453728
0.004692475311458111
0.011781295761466026
0.0056524984538555145
0.007808326277881861
0.007548412773758173
0.007733908947557211
0.011516103520989418
0.016358932480216026
0.01754487305879593
0.01504359021782875
0.016006870195269585
0.025848735123872757
0.034678876399993896
0.024923184886574745
0.021562574431300163
0.010077049024403095
0.011531800962984562
0.054934196174144745
0.01868617720901966
0.017839545384049416
0.015440940856933594
0.017955712974071503
0.019487857818603516
0.013197410851716995
0.026888782158493996
0.014903961680829525
0.01824718527495861
0.010386059992015362
0.02049356885254383
0.010810572654008865
0.012162668630480766
0.011819851584732533
0.011803667061030865
0.0147854620590806
0.010075636208057404
0.008102616295218468
0.012279514223337173
0.010879895649850368
0.007578324526548386
0.008584900759160519
0.013014192692935467
0.011265776120126247
0.006787128280848265
0.01782437227666378
0.01238699909299612
0.011947598308324814
0.007416411302983761
0.019821710884571075
0.016772447153925896
0.008542359806597233
0.0101619902998209
0.0224312637001276
0.015196654945611954
0.008280540816485882
0.013073964975774288
0.008119745180010796
0.008434409275650978
0.01300384383648634
0.006665889639407396
0.010388637892901897
0.011099542491137981
0.008330482058227062
0.007847623899579048
0.012441618368029594
0.01191649865359068
0.00830428022891283
0.010293900966644287
0.020896924659609795
0.016931461170315742
0.010119372047483921
0.017327241599559784
0.022156834602355957
0.016169006004929543
0.009906170889735222
0.011215968057513237
0.01790168508887291
0.027162887156009674
0.017545185983181
0.015241110697388649
0.0186435729265213
0.013272413983941078
0.009412073530256748
0.007600925397127867
0.011530138552188873
0.00785158947110176
0.009305479004979134
0.011301417835056782
0.04549553617835045
0.004551025573164225
0.0054215071722865105
0.0326913446187973
0.004700609017163515
0.013204679824411869
0.011647854000329971
0.008961117826402187
0.009486394003033638
0.010795886628329754
0.014234978705644608
0.012580742128193378
0.013966620899736881
0.009464536793529987
0.013222168199717999
0.012250181287527084
0.009007696993649006
0.015464025549590588
0.017325008288025856
0.012701809406280518
0.010217929258942604
0.010382899083197117
0.022534973919391632
0.013266481459140778
0.009907246567308903
0.0176834836602211
0.011050284840166569
0.009099983610212803
0.008909900672733784
0.014981330372393131
0.007451528683304787
0.007765182759612799
0.010610525496304035
0.010457602329552174
0.012903225608170033
0.008879563771188259
0.015668164938688278
0.013334140181541443
0.009909678250551224
0.010613013058900833
0.00942234881222248
0.016929905861616135
0.011728113517165184
0.02363080345094204
0.010705851018428802
0.011659185402095318
0.007431815378367901
0.006947380490601063
0.00792832300066948
0.007284448016434908
0.0063315522857010365
0.008035654202103615
0.009193607605993748
0.00804203376173973
0.007295539602637291
0.009672833606600761
0.010033112950623035
0.005044559948146343
0.0053098974749445915
0.008502298034727573
0.005152969621121883
0.005903357639908791
0.005133879836648703
0.005639587063342333
0.005437593441456556
0.00723037077113986
0.006045765243470669
0.011391381733119488
0.010964962653815746
0.009464031085371971
0.013502447865903378
0.010312508791685104
0.01667322963476181
0.0086525222286582
0.011340036988258362
0.013944770209491253
0.013855032622814178
0.007919548079371452
0.01245488878339529
0.013214698992669582
0.008472327142953873
0.010219505988061428
0.009797763079404831
0.011057905852794647
0.008912752382457256
0.015343626961112022
0.0077511523850262165
0.012081129476428032
0.00903178658336401
0.011101599782705307
0.0078017618507146835
0.004374302923679352
0.004359052982181311
0.0047925300896167755
0.006245415657758713
0.006508501246571541
0.00604421878233552
0.005885318387299776
0.00735048670321703
0.024113688617944717
0.006259966176003218
0.007763264235109091
0.010354671627283096
0.006651302799582481
0.006754429545253515
0.006244738586246967
0.013943326659500599
0.008075505495071411
0.0052977921441197395
0.009231511503458023
0.009125309064984322
0.006316875573247671
0.0069186510518193245
0.011738679371774197
0.007721214555203915
0.007038109004497528
0.011121299117803574
0.016071198508143425
0.009616007097065449
0.008659395389258862
0.015586096793413162
0.005892403889447451
0.008777997456490993
0.014734882861375809
0.014538038522005081
0.011151855811476707
0.012585185468196869
0.011833058670163155
0.006142057944089174
0.010711136274039745
0.010062689892947674
0.0077270991168916225
0.008344643749296665
0.007223901338875294
0.007050186395645142
0.01868293434381485
0.012586566619575024
0.010020209476351738
0.011107479222118855
0.013791471719741821
0.008747984655201435
0.010149244219064713
0.013600784353911877
0.01025159191340208
0.008076097816228867
0.00923918653279543
0.015691634267568588
0.010914108715951443
0.01805005967617035
0.012486083433032036
0.01509532518684864
0.011442752555012703
0.012571446597576141
0.014357435517013073
0.010015877895057201
0.010306262411177158
0.011397791095077991
0.016523897647857666
0.011011799797415733
0.011361398734152317
0.008241505362093449
0.01633269526064396
0.007099738344550133
0.008924592286348343
0.015478595159947872
0.006158646196126938
0.012387564405798912
0.007727683987468481
0.011715082451701164
0.01115319225937128
0.006600731052458286
0.015966186299920082
0.016266362741589546
0.008334721438586712
0.012899504043161869
0.010956739075481892
0.011245865374803543
0.012274045497179031
0.00987270288169384
0.01773959770798683
0.008573119528591633
0.010950866155326366
0.014759506098926067
0.011149869300425053
0.007749371230602264
0.008562729693949223
0.010813030414283276
0.00566317280754447
0.006701520178467035
0.009063542820513248
0.008422545157372952
0.006140204146504402
0.007096972782164812
0.008600185625255108
0.004357044119387865
0.006603257730603218
0.009141527116298676
0.0065225050784647465
0.011077611707150936
0.007641733158379793
0.007205594796687365
0.019556431099772453
0.013674497604370117
0.007129180710762739
0.00744653632864356
0.011512814089655876
0.007838685065507889
0.006286987569183111
0.007024429272860289
0.008792462758719921
0.007724846713244915
0.005665299016982317
0.009211327880620956
0.00803680531680584
0.007551832124590874
0.008187584578990936
0.007693586405366659
0.008203285746276379
0.007268532179296017
0.010116553865373135
0.004651647061109543
0.004621176049113274
0.003389309858903289
0.006685199681669474
0.005472984630614519
0.011997788213193417
0.008240913040935993
0.007800860796123743
0.008789870887994766
0.008540861308574677
0.006679549813270569
0.009487751871347427
0.011932965368032455
0.007390686776489019
0.006843832787126303
0.008040467277169228
0.009756519459187984
0.007704741321504116
0.011333195492625237
0.010485745966434479
0.013677353039383888
0.010166038759052753
0.011769554577767849
0.01031641848385334
0.012688733637332916
0.010769062675535679
0.01067266147583723
0.02143402025103569
0.01269257441163063
0.011399967595934868
0.03154788911342621
0.012841436080634594
0.00876651145517826
0.009817443788051605
0.013497501611709595
0.005128086544573307
0.004654210992157459
0.004756459500640631
0.008655756711959839
0.015710866078734398
0.011080313473939896
0.014796177856624126
0.018925268203020096
0.01667165942490101
0.01772722229361534
0.009543655440211296
0.01586344838142395
0.02059103734791279
0.01786026917397976
0.015078305266797543
0.015918293967843056
0.024232402443885803
0.009875612333416939
0.016464838758111
0.022244082763791084
0.014841281808912754
0.007404419593513012
0.017283808439970016
0.012823796831071377
0.01117055956274271
0.007404240779578686
0.008062570355832577
0.012470277026295662
0.009687721729278564
0.020494168624281883
0.010547925718128681
0.008268785662949085
0.005631105974316597
0.005599260330200195
0.0047004795633256435
0.0044322749599814415
0.004533793777227402
0.003960245754569769
0.0047410535626113415
0.00445530703291297
0.00477544916793704
0.006052382290363312
0.008768148720264435
0.005292201414704323
0.006394622847437859
0.011813114397227764
0.009644094854593277
0.006378872320055962
0.009820392355322838
0.008158833719789982
0.00843065045773983
0.005823064129799604
0.008928059600293636
0.008066724985837936
0.006386781111359596
0.007491398137062788
0.006679588463157415
0.007154911756515503
0.005486276000738144
0.025253217667341232
0.006940698716789484
0.006001012399792671
0.011598941870033741
0.007521857041865587
0.007632268592715263
0.004673257935792208
0.00539625808596611
0.004724869970232248
0.00438203290104866
0.004218371119350195
0.003970042336732149
0.0038671973161399364
0.013839860446751118
0.0037429516669362783
0.004752487875521183
0.0031223632395267487
0.003162604058161378
0.004691248759627342
