0.005289248190820217
0.00452387472614646
0.0035465287510305643
0.003907382022589445
0.004590049386024475
0.0050442819483578205
0.0047089154832065105
0.006100100465118885
0.005843347404152155
0.005251951050013304
0.006059873383492231
0.007956716232001781
0.005262444727122784
0.006152907852083445
0.006011733785271645
0.004354727920144796
0.006383208092302084
0.009725802578032017
0.004324119072407484
0.004253370687365532
0.00953698717057705
0.01064247451722622
0.008619539439678192
0.007128476165235043
0.008357496932148933
0.010505737736821175
0.010933618992567062
0.011999761685729027
0.008497769013047218
0.010449276305735111
0.01153830997645855
0.012160114012658596
0.056823328137397766
0.017240984365344048
0.010633576661348343
0.012178697623312473
0.01427565235644579
0.01005085464566946
0.018542185425758362
0.017607910558581352
0.013870161958038807
0.009868782944977283
0.022195877507328987
0.02019372396171093
0.017242778092622757
0.01851881854236126
0.015530343167483807
0.03682173788547516
0.008148853667080402
0.011132149957120419
0.019563956186175346
0.017213132232427597
0.01396744791418314
0.01441512256860733
0.010179449804127216
0.01255740225315094
0.011377358809113503
0.011104332283139229
0.010128002613782883
0.011440983042120934
0.006890995427966118
0.024960223585367203
0.010015197098255157
0.011687908321619034
0.014468582347035408
0.017418213188648224
0.017713086679577827
0.02180059440433979
0.016846580430865288
0.014875167049467564
0.010761816054582596
0.017854539677500725
0.0925697535276413
0.011044329032301903
0.010634038597345352
0.01807471364736557
0.014901630580425262
0.013633083552122116
0.019210660830140114
0.04386088252067566
0.04195475950837135
0.25816893577575684
0.10135307163000107
0.5809548497200012
0.33878982067108154
0.01352902315557003
0.016072358936071396
0.3508053123950958
0.011949664913117886
0.010247315280139446
0.014363577589392662
0.01600668393075466
0.009603600017726421
0.37483662366867065
0.0139124421402812
0.02375718019902706
0.009872820228338242
0.013386108912527561
0.014222466386854649
0.014506891369819641
0.013424394652247429
0.014473512768745422
0.0073388200253248215
0.061921123415231705
0.23239119350910187
0.015035354532301426
0.014220253564417362
0.012998301535844803
0.012675668112933636
0.017912596464157104
0.015174292027950287
0.015020898543298244
0.012825711630284786
0.012049396522343159
0.013625629246234894
0.009833087213337421
0.012516281567513943
0.011579255573451519
0.012842214666306973
0.017099112272262573
0.05272014066576958
0.016707390546798706
0.017166875302791595
0.01175752468407154
0.01882912777364254
0.02293172851204872
0.015296152792870998
0.0144949397072196
0.007725778967142105
0.012301926501095295
0.006506260484457016
0.009589958004653454
0.012360671535134315
0.007912234403192997
0.009044671431183815
0.008304719813168049
0.006772139575332403
0.008804540149867535
0.010769671760499477
0.008009446784853935
0.007415140047669411
0.010856377892196178
0.010100388899445534
0.012766878120601177
0.009727217257022858
0.008995492942631245
0.00876163225620985
0.010748088359832764
0.01095171831548214
0.01552792452275753
0.010744706727564335
0.011483521200716496
0.008895613253116608
0.011965155601501465
0.008348583243787289
0.007721203379333019
0.011674316599965096
0.011725073680281639
0.009725412353873253
0.009814811870455742
0.007974976673722267
0.013795560225844383
0.016423163935542107
0.017424441874027252
0.006923906970769167
0.01347137987613678
0.018171193078160286
0.008075516670942307
0.007182333618402481
0.008803565986454487
0.020922105759382248
0.017379386350512505
0.01884032040834427
0.02298075333237648
0.01766110025346279
0.013934964314103127
0.02737037092447281
0.021565306931734085
0.01702374406158924
0.026419470086693764
0.024802692234516144
0.027789147570729256
0.017222240567207336
0.010805546306073666
0.018691936507821083
0.027017273008823395
0.018048087134957314
0.016745151951909065
0.007863846607506275
0.0104343481361866
0.012128913775086403
0.006326714996248484
0.00917947106063366
0.004698679782450199
0.010819918476045132
0.010032800026237965
0.005738487001508474
0.008397731930017471
0.006723396480083466
0.005824801046401262
0.004436729475855827
0.007787430193275213
0.005088454578071833
0.003635912435129285
0.01032934244722128
0.005492607597261667
0.006668021436780691
0.0039462801069021225
0.00443077739328146
0.004995102994143963
0.005669571924954653
0.0037252495530992746
0.006503783166408539
0.006668030750006437
0.00924273207783699
0.02004678174853325
0.020052162930369377
0.013402517884969711
0.009918187744915485
0.01527930423617363
0.019742637872695923
0.009655158035457134
0.01579328253865242
0.009921611286699772
0.00716782221570611
0.00852633360773325
0.02261233702301979
0.011028669774532318
0.00634441152215004
0.004498734138906002
0.00874960608780384
0.005942387506365776
0.007441258989274502
0.00507451593875885
0.010110902599990368
0.011911316774785519
0.006425410974770784
0.011967635713517666
0.011425057426095009
0.01266434695571661
0.015647798776626587
0.013821493834257126
0.006529924925416708
0.013830538839101791
0.012203503400087357
0.017122618854045868
0.016067804768681526
0.010283607058227062
0.009931475855410099
0.007990757003426552
0.008151926100254059
0.00952890980988741
0.0053182304836809635
0.009901391342282295
0.009272124618291855
0.008234964683651924
0.009267163462936878
0.006121136248111725
0.012509257532656193
0.015099670737981796
0.00844566710293293
0.014873364008963108
0.016338028013706207
0.016501976177096367
0.014391179196536541
0.01538442075252533
0.015511611476540565
0.0074321492575109005
0.00809964258223772
0.007370139006525278
0.008776524104177952
0.007610708475112915
0.014009026810526848
0.007271071430295706
0.01352642197161913
0.0063214534893631935
0.014978359453380108
0.011108831502497196
0.007922818884253502
0.006968776695430279
0.007093264255672693
0.007883849553763866
0.009350786916911602
0.011345570906996727
0.011733518913388252
0.008906726725399494
0.010504989884793758
0.011963210999965668
0.007184870541095734
0.020352395251393318
0.013316838070750237
0.011656422168016434
0.018525922670960426
0.009579791687428951
0.014552616514265537
0.007772831711918116
0.01002741139382124
0.010653696022927761
0.01198502629995346
0.01206287369132042
0.007218165788799524
0.00912835355848074
0.006933534052222967
0.011030187830328941
0.011709188111126423
0.01061995979398489
0.011486098170280457
0.00948395300656557
0.01223629992455244
0.01122482493519783
0.007493304554373026
0.010140970349311829
0.005578832700848579
0.010292778722941875
0.005959020461887121
0.010168472304940224
0.008313042111694813
0.01151296216994524
0.006372649222612381
0.01036545168608427
0.013418289832770824
0.01256045326590538
0.01864623837172985
0.013259973376989365
0.008461234159767628
0.011990430764853954
0.01404302753508091
0.013050894252955914
0.011456845328211784
0.01347703393548727
0.009581347927451134
0.01450734119862318
0.009535401128232479
0.017280731350183487
0.009165269322693348
0.00853652972728014
0.015777984634041786
0.009142706170678139
0.006433455739170313
0.009465358220040798
0.00858645886182785
0.015849830582737923
0.014566580764949322
0.01582595892250538
0.013363494537770748
0.01173712033778429
0.010164398699998856
0.010075275786221027
0.006495293695479631
0.0120567437261343
0.008243235759437084
0.006850999314337969
0.009409450925886631
0.019521184265613556
0.009735588915646076
0.00625853706151247
0.011889539659023285
0.019160659983754158
0.011095727793872356
0.005531412549316883
0.019779125228524208
0.013818972744047642
0.011231532320380211
0.011674717999994755
0.020130805671215057
0.013962049968540668
0.007827289402484894
0.012102233245968819
0.010033567436039448
0.010061237029731274
0.005463586654514074
0.00715872086584568
0.015489266254007816
0.00990899559110403
0.006186140701174736
0.012357882224023342
0.011344228871166706
0.01402017567306757
0.0076234606094658375
0.011264942586421967
0.008279240690171719
0.014204872772097588
0.008985109627246857
0.009344507940113544
0.009748248383402824
0.02535145729780197
0.012758358381688595
0.010808135382831097
0.014438174664974213
0.009324902668595314
0.009481847286224365
0.00795363076031208
0.010639713145792484
0.013415600173175335
0.005319660995155573
0.009107433259487152
0.00967207457870245
0.01101555023342371
0.006144669838249683
0.011415960267186165
0.006734583061188459
0.00590389734134078
0.015483268536627293
0.012153488583862782
0.0076900990679860115
0.011366058140993118
0.007912975735962391
0.014504676684737206
0.005662291776388884
0.012737809680402279
0.01235178578644991
0.008493559435009956
0.010241059586405754
0.014536917209625244
0.00984988920390606
0.009365634992718697
0.01721726916730404
0.016110695898532867
0.009030753746628761
0.012729478068649769
0.008207294158637524
0.009723726660013199
0.011767901480197906
0.01071697287261486
0.018407560884952545
0.01235007494688034
0.013878956437110901
0.013568485155701637
0.014596205204725266
0.01958511397242546
0.00862550362944603
0.009848391637206078
0.010157981887459755
0.01094125397503376
0.008427823893725872
0.007041932549327612
0.00927889533340931
0.010038256645202637
0.005803082603961229
0.0068086436949670315
0.010690872557461262
0.004711548797786236
0.00453702500090003
0.010589426383376122
0.007206771522760391
0.003539691912010312
0.007450163830071688
0.012903577648103237
0.003709569573402405
0.004988767206668854
0.0070995003916323185
0.0072180177085101604
0.0044945161789655685
0.007756005972623825
0.007541218306869268
0.0063426923006772995
0.009099192917346954
0.0042157722637057304
0.005825452972203493
0.0070505933836102486
0.006238616071641445
0.006857231259346008
0.0061594718135893345
0.007682716473937035
0.005542936734855175
0.0075554391369223595
0.0045813885517418385
0.011163709685206413
0.006524214055389166
0.005279505625367165
0.004953059367835522
0.014332421123981476
0.009261728264391422
0.004164036829024553
0.006174022331833839
0.0070542627945542336
0.00980077963322401
0.009453009814023972
0.005048567429184914
0.011560486629605293
0.008363787084817886
0.008553383871912956
0.007827019318938255
0.005929039791226387
0.006832536775618792
0.00461382744833827
0.006453768815845251
0.00372939370572567
0.004144140984863043
0.005329224746674299
0.004091567359864712
0.005278708878904581
0.004498003516346216
0.004112443886697292
0.004573829472064972
0.004218050744384527
0.00402285810559988
0.0043328385800123215
0.004912677686661482
0.005168520379811525
0.007438378874212503
0.008550064638257027
0.009867288172245026
0.008114178664982319
0.011909544467926025
0.007816443219780922
0.009466409683227539
0.0077006882056593895
0.019318873062729836
0.008477198891341686
0.010693127289414406
0.014901974238455296
0.018257593736052513
0.009310483001172543
0.021056702360510826
0.016100699082016945
0.01757737807929516
0.010477679781615734
0.009767512790858746
0.011885412037372589
0.007730576209723949
0.010232184082269669
0.008469371125102043
0.009921747259795666
0.007540539838373661
0.007173807360231876
0.010556623339653015
0.007625575177371502
0.0127499895170331
0.011692788451910019
0.01000292133539915
0.01029397826641798
0.012567740865051746
0.00683315796777606
0.010531426407396793
0.009908387437462807
0.011418177746236324
0.012216392904520035
0.013289572671055794
0.009866206906735897
0.013832644559442997
0.008843846619129181
0.012380962260067463
0.011279753409326077
0.012249482795596123
0.007830623537302017
0.008753501810133457
0.008982457220554352
0.008164816536009312
0.007568590342998505
0.019124232232570648
0.01161118783056736
0.013971795327961445
0.015534201636910439
0.017568666487932205
0.013765799812972546
0.013303078711032867
0.013740175403654575
0.008387933485209942
0.008787676692008972
0.013008221983909607
0.012278236448764801
0.010037963278591633
0.009682745672762394
0.0146913081407547
0.014260462485253811
0.017455466091632843
0.016107067465782166
0.01216163206845522
0.0141941262409091
0.017100514844059944
0.013520008884370327
0.014842472039163113
0.008426269516348839
0.011298572644591331
0.011615895666182041
0.013411466963589191
0.007052045781165361
0.00900331325829029
0.009373823180794716
0.013154526241123676
0.008021648041903973
0.007388728205114603
0.014142477884888649
0.007977995090186596
0.006629490293562412
0.010250139981508255
0.01203239057213068
0.007518176920711994
0.007311179302632809
0.008824119344353676
0.012108094990253448
0.005041440017521381
0.0058774566277861595
0.003894874593243003
0.008375921286642551
0.007586871273815632
0.005445835646241903
0.006844594608992338
0.007336145732551813
0.010255763307213783
0.01614316925406456
0.012943859212100506
0.016095811501145363
0.014339732937514782
0.015496029518544674
0.015792429447174072
0.012941457331180573
0.011374903842806816
0.012780226767063141
0.007428256329149008
0.010807085782289505
0.004822054412215948
0.010341457091271877
0.008414337411522865
0.011518877930939198
0.014683648012578487
0.015055965632200241
0.012708240188658237
0.00952440220862627
0.015848075971007347
0.015744667500257492
0.013285328634083271
0.015855008736252785
0.00937498826533556
0.0077956183813512325
0.011744610965251923
0.010743703693151474
0.015799740329384804
0.006721441633999348
0.006832783576101065
0.01662340946495533
0.007006916683167219
0.007656163536012173
0.008543110452592373
0.008298325352370739
0.011882701888680458
0.00924918707460165
0.009496130049228668
0.007053953129798174
0.004972440656274557
0.004170726053416729
0.003917223308235407
0.004603410605341196
0.005767187103629112
0.008289159275591373
0.005150223150849342
0.008091559633612633
0.013488209806382656
0.005869351793080568
0.012598667293787003
0.010456280782818794
0.013944337144494057
0.01291554793715477
0.013522998429834843
0.00904233381152153
0.010163736529648304
0.009644449688494205
0.009420591406524181
0.00867985375225544
0.008079119957983494
0.006091528106480837
0.008617416955530643
0.009699065238237381
0.014888476580381393
0.012434683740139008
0.011765837669372559
0.010565956123173237
0.011218703351914883
0.010975372977554798
0.011772471480071545
0.015234645456075668
0.016350047662854195
0.014742515049874783
0.008319287560880184
0.00997565034776926
0.0115541135892272
0.008564875461161137
0.009489324875175953
0.009069189429283142
0.0076526678167283535
0.008548440411686897
0.009215541183948517
0.006011551711708307
0.004648120142519474
0.006162824109196663
0.005072224419564009
0.009147761389613152
0.00865781120955944
0.006168439518660307
0.00868659745901823
0.0076963165774941444
0.006767714861780405
0.008911551907658577
0.009159130975604057
0.007128066383302212
0.006520058959722519
0.003820492886006832
0.004903600085526705
0.00797438807785511
0.007551735732704401
0.005717107094824314
0.007741378154605627
0.005807782988995314
0.007998505607247353
0.011901634745299816
0.0076958294957876205
0.005856503266841173
0.009309995919466019
0.008027713745832443
0.007622620556503534
0.008748191408813
0.00667737377807498
0.005844660568982363
0.00996642466634512
0.004955607932060957
0.007534208707511425
0.006751736626029015
0.00729927746579051
0.005914975889027119
0.007893881760537624
0.010972542688250542
0.013147575780749321
0.008468818850815296
0.014369647018611431
0.01398196816444397
0.012025062926113605
0.010529592633247375
0.011805840767920017
0.010833777487277985
0.011380228213965893
0.00960121862590313
0.011860226280987263
0.009464508853852749
0.009869682602584362
0.008739272132515907
0.007524007465690374
0.0071966699324548244
0.008598759770393372
0.008833933621644974
0.007361252326518297
0.008675714954733849
0.007342569530010223
0.007473698351532221
0.007889953441917896
0.004991878755390644
0.005369860213249922
0.003907799255102873
0.0038091884925961494
0.0036728335544466972
0.004724107217043638
