0.009395567700266838
0.008248231373727322
0.008162916637957096
0.00786992721259594
0.0076912459917366505
0.006162706762552261
0.007348490413278341
0.007193937432020903
0.0065062884241342545
0.008387613110244274
0.007782361935824156
0.007336479611694813
0.0068509699776768684
0.007016086485236883
0.008287858217954636
0.009421093389391899
0.011209778487682343
0.00928418803960085
0.013493247330188751
0.010494090616703033
0.015087174251675606
0.019865991547703743
0.013722228817641735
0.007113260682672262
0.012642145156860352
0.013232455588877201
0.014397897757589817
0.006929732859134674
0.012339098379015923
0.013517692685127258
0.011862490326166153
0.008833441883325577
0.01154321152716875
0.0084391999989748
0.018589822575449944
0.012547029182314873
0.014476070180535316
0.01076208520680666
0.013099444098770618
0.01867184415459633
0.012871633283793926
0.015769487246870995
0.012361141853034496
0.010553455911576748
0.01061895303428173
0.0060510397888720036
0.005309741478413343
0.003886017482727766
0.0052255806513130665
0.006583887152373791
0.008034460246562958
0.016908396035432816
0.013363903388381004
0.011820999905467033
0.016613468527793884
0.01917092688381672
0.013976040296256542
0.0204162634909153
0.011039882898330688
0.017930950969457626
0.014892983250319958
0.013916395604610443
0.02250169962644577
0.010498974472284317
0.020390206947922707
0.015260426327586174
0.009634616784751415
0.01557658240199089
0.005609780550003052
0.011753353290259838
0.009146512486040592
0.012592867948114872
0.023869162425398827
0.01800527609884739
0.021571429446339607
0.0243025291711092
0.016179721802473068
0.014696809463202953
0.019518103450536728
0.016717083752155304
0.010217803530395031
0.012203102931380272
0.014034109190106392
0.011069539934396744
0.008545882068574429
0.007519244682043791
0.006358323618769646
0.005836169235408306
0.007640879601240158
0.005132477264851332
0.00643076840788126
0.007677494548261166
0.014578735455870628
0.014222885482013226
0.016510412096977234
0.01917116902768612
0.018917912617325783
0.01942364312708378
0.01792551763355732
0.022609127685427666
0.012796403840184212
0.007828900590538979
0.010727407410740852
0.010995899327099323
0.012813919223845005
0.006496137008070946
0.012977726757526398
0.017926333472132683
0.01226283423602581
0.008238785900175571
0.02188773825764656
0.017941098660230637
0.01661912351846695
0.01967516727745533
0.027708251029253006
0.028628259897232056
0.023830724880099297
0.017026584595441818
0.014681972563266754
0.021571943536400795
0.019287467002868652
0.014802915044128895
0.017528411000967026
0.016455059871077538
0.02420670911669731
0.020556820556521416
0.014248514547944069
0.01782960630953312
0.014827964827418327
0.019343847408890724
0.018630709499120712
0.011121630668640137
0.6793125867843628
0.034086182713508606
0.011515800841152668
0.013004934415221214
0.010326397605240345
0.010066129267215729
0.010569820180535316
0.011455478146672249
0.013867911882698536
0.012105739675462246
0.01236011739820242
0.015517686493694782
0.014544774778187275
0.015213919803500175
0.015488145872950554
0.012517093680799007
0.016705980524420738
0.013433320447802544
0.011390023864805698
0.013568377122282982
0.01049960870295763
0.014461382292211056
0.015534041449427605
0.009511822834610939
0.010273711755871773
0.009390421211719513
0.013467058539390564
0.00978151150047779
0.00950020831078291
0.011075982823967934
0.006347210146486759
0.008696860633790493
0.008039417676627636
0.009734380058944225
0.007536172866821289
0.017268305644392967
0.007846172899007797
0.015945805236697197
0.012718312442302704
0.0172103401273489
0.0166618749499321
0.007738499902188778
0.013323329389095306
0.006220626179128885
0.006560823414474726
0.005391112063080072
0.0049453433603048325
0.005330589599907398
0.004287277348339558
0.004870356060564518
0.004760666284710169
0.004333217162638903
0.004374556243419647
0.004367483779788017
0.005002217832952738
0.004804749973118305
0.004359100479632616
0.004884905181825161
0.005845492240041494
0.004978174809366465
0.006893100216984749
0.011283339001238346
0.012291179038584232
0.009275279939174652
0.013665715232491493
0.00729857524856925
0.014441187493503094
0.008966180495917797
0.01353956013917923
0.007259334437549114
0.010217943228781223
0.011263248510658741
0.009034501388669014
0.008294908329844475
0.010243800468742847
0.009158585220575333
0.01211248617619276
0.006840475834906101
0.009595684707164764
0.009226030670106411
0.012804712168872356
0.009793253615498543
0.015401850454509258
0.008890943601727486
0.012229593470692635
0.011379091069102287
0.013117684982717037
0.009314367547631264
0.014111743308603764
0.011691901832818985
0.0061079771257936954
0.005391507875174284
0.0075774420984089375
0.005457495804876089
0.005387152545154095
0.005268243607133627
0.0049070073291659355
0.005042904056608677
0.004821512382477522
0.004591797012835741
0.0038622990250587463
0.004293631296604872
0.004236070439219475
0.0037293049972504377
0.00468470761552453
0.004322138614952564
0.004428121726959944
0.005070343613624573
0.004554822575300932
0.0055388459004461765
0.006434407085180283
0.004669408779591322
0.007806457579135895
0.0060860225930809975
0.007670685648918152
0.01319145131856203
0.009007016196846962
0.009637597016990185
0.008905548602342606
0.009402981959283352
0.009368272498250008
0.013440869748592377
0.006489099469035864
0.01384617481380701
0.010211811400949955
0.013898457400500774
0.019426822662353516
0.010878417640924454
0.013101267628371716
0.007202389184385538
0.010862667113542557
0.006562427151948214
0.014307948760688305
0.009934519417583942
0.013947476632893085
0.008880238980054855
0.010831713676452637
0.011719925329089165
0.010038773529231548
0.009903335943818092
0.013722965493798256
0.012056175619363785
0.008172488771378994
0.006457334849983454
0.005239843390882015
0.0054828692227602005
0.004450066946446896
0.005828015506267548
0.00638097058981657
0.005903653800487518
0.011290580965578556
0.006975636351853609
0.00828467309474945
0.014270277693867683
0.00853790994733572
0.01454729214310646
0.008181225508451462
0.012295937165617943
0.007445059716701508
0.011754178442060947
0.013020691461861134
0.017072301357984543
0.012296801432967186
0.01300705224275589
0.010515145026147366
0.008077152073383331
0.01534281950443983
0.014459345489740372
0.009425678290426731
0.016929270699620247
0.01697956956923008
0.015084058046340942
0.007804921828210354
0.014168915338814259
0.008577574044466019
0.010140486992895603
0.011213494464755058
0.011504211463034153
0.008691255003213882
0.011014505289494991
0.006727996282279491
0.005341789219528437
0.005426228046417236
0.0052975257858633995
0.004871913697570562
0.005490076262503862
0.005711204372346401
0.00412268191576004
0.006236203946173191
0.007309376262128353
0.00807807594537735
0.009051320143043995
0.008746562525629997
0.011432993225753307
0.007988705299794674
0.01175345852971077
0.007908398285508156
0.013631436042487621
0.009742828086018562
0.011631310917437077
0.013019153848290443
0.01174844242632389
0.00904724933207035
0.014604836702346802
0.009808668866753578
0.011739260517060757
0.010397259145975113
0.010579279623925686
0.013257821090519428
0.012886741198599339
0.009671586565673351
0.014213163405656815
0.01274470891803503
0.012785823084414005
0.00904453918337822
0.015300855971872807
0.009807974100112915
0.008435924537479877
0.005975683219730854
0.004645460285246372
0.005527827888727188
0.004338746890425682
0.0058940742164850235
0.006107027642428875
0.004484016913920641
0.0046056159771978855
0.005444919224828482
0.005013192072510719
0.0058167544193565845
0.005976351909339428
0.009577103890478611
0.008835391141474247
0.00951388105750084
0.009820068255066872
0.011654993519186974
0.016154153272509575
0.011480431072413921
0.013659218326210976
0.009586099535226822
0.013767769560217857
0.016031794250011444
0.012344853021204472
0.012050418183207512
