0.0067479731515049934
0.00961184874176979
0.008100535720586777
0.007918030954897404
0.009072815999388695
0.008464640006422997
0.03465306758880615
0.05396527051925659
0.00975356251001358
0.014860968105494976
0.011682950891554356
0.010857800953090191
0.01153038814663887
0.01714560016989708
0.011205259710550308
0.01505795307457447
0.008408944122493267
0.009551704861223698
0.010738089680671692
0.008475872687995434
0.005615372210741043
0.006497436203062534
0.00905692856758833
0.008712437935173512
0.010720147751271725
0.006391621194779873
0.006812472827732563
0.005227806977927685
0.01002130750566721
0.008815115317702293
0.012698246166110039
0.011562628671526909
0.011690100654959679
0.007108843419700861
0.010034287348389626
0.011704073287546635
0.006357131060212851
0.005023533012717962
0.010973095893859863
0.0066514695063233376
0.004143909085541964
0.006185147445648909
0.005678433459252119
0.007281001191586256
0.004083013627678156
0.007172747980803251
0.0042526135221123695
0.008329151198267937
0.006442374549806118
0.007855458185076714
0.009056175127625465
0.0067585669457912445
0.00901535339653492
0.009824835695326328
0.00889431033283472
0.010737254284322262
0.012967932038009167
0.009298285469412804
0.009586136788129807
0.010367853567004204
0.008441870100796223
0.011888003908097744
0.007918308489024639
0.004232339095324278
0.007931116968393326
0.008033874444663525
0.004524400923401117
0.00628445902839303
0.007421927526593208
0.005451153498142958
0.0038716010749340057
0.00424217339605093
0.01011620182543993
0.007063550874590874
0.009077459573745728
0.007226849906146526
0.010530517436563969
0.009341802448034286
0.01319235097616911
0.014831355772912502
0.014292638748884201
0.008225704543292522
0.00924929603934288
0.005976991727948189
0.004585458897054195
0.009314855560660362
0.010209241881966591
0.004335800185799599
0.008661946281790733
0.011391377076506615
0.008800637908279896
0.004870122764259577
0.009690924547612667
0.012289336882531643
0.01576954498887062
0.011416492983698845
0.8331937789916992
0.01361900381743908
0.00781575869768858
0.016135323792696
0.017565343528985977
0.010510606691241264
0.01587166078388691
0.014216309413313866
0.013718931004405022
0.004417264834046364
0.007789022289216518
0.008557768538594246
0.010069589130580425
0.0058335498906672
0.012135743163526058
0.005715744104236364
0.006905028130859137
0.009663223288953304
0.009980111382901669
0.010877160355448723
0.006676121614873409
0.008488437160849571
0.009008088149130344
0.00878727063536644
0.013327843509614468
0.01017004158347845
0.014535919763147831
0.008492515422403812
0.005742648150771856
0.009312392212450504
0.010644890367984772
0.006298205349594355
0.006901693996042013
0.007646319456398487
0.008875120431184769
0.0040964107029139996
0.004980295896530151
0.004742221441119909
0.005143478978425264
0.007399192079901695
0.004901310428977013
0.010036522522568703
0.01341988705098629
0.0047794184647500515
0.015800541266798973
0.01595388725399971
0.007354586385190487
0.009879413060843945
0.00710038747638464
0.009768440388143063
0.004703376442193985
0.014440969564020634
0.009881600737571716
0.009574562311172485
0.005266709718853235
0.009583248756825924
0.008707728236913681
0.008510594256222248
0.014874406158924103
0.008472174406051636
0.0068461280316114426
0.00954360980540514
0.01185984630137682
0.007551528513431549
0.005152867175638676
0.01137536484748125
0.00816139206290245
0.01460568793118
0.015448329038918018
0.012326099909842014
0.021130947396159172
0.017960641533136368
0.00740288058295846
0.01880446821451187
0.022096404805779457
0.01801234669983387
0.024841057136654854
0.01512178499251604
0.015531102195382118
0.009363229386508465
0.02014201506972313
0.006716801319271326
0.0093873031437397
0.01473997812718153
0.006575652863830328
0.011263832449913025
0.006362605839967728
0.010546945035457611
0.015166263096034527
0.01021858025342226
0.007817952893674374
0.007457547355443239
0.010468542575836182
0.007790215779095888
0.007797465659677982
0.008985127322375774
0.00673211133107543
0.004659177269786596
0.006309615448117256
0.005861830897629261
