0.008931494317948818
0.013780619949102402
0.00898344162851572
0.018365981057286263
0.021473851054906845
0.012090676464140415
0.009787988848984241
0.022019747644662857
0.009348795749247074
0.00971626490354538
0.02237475849688053
0.010160417295992374
0.007857115939259529
0.009698551148176193
0.011449335142970085
0.011310362257063389
0.008145755156874657
0.008778955787420273
0.00601011561229825
0.005576492287218571
0.006355299614369869
0.00941898487508297
0.006603705696761608
0.005653959698975086
0.005015980917960405
0.004937631543725729
0.004392521921545267
0.0041796076111495495
0.006349391303956509
0.004133026115596294
0.004784129559993744
0.004393894225358963
0.004261938389390707
0.0048888372257351875
0.007994310930371284
0.004358306061476469
0.0049019549041986465
0.004047124180942774
0.005584224127233028
0.005146764684468508
0.004896916914731264
0.011633140966296196
0.008626232855021954
0.0055813356302678585
0.016015181317925453
0.010873410850763321
0.010342024266719818
0.005338908638805151
0.010757618583738804
0.008279155008494854
0.007574072107672691
0.007634948473423719
0.015113145112991333
0.018253294751048088
0.007994159124791622
0.017994951456785202
0.016456464305520058
0.014533967711031437
0.008680092170834541
0.01897977665066719
0.018486015498638153
0.010333827696740627
0.04167969897389412
0.9694430232048035
0.018557243049144745
0.007749234791845083
0.008914370089769363
0.006864516064524651
0.012220438569784164
0.012433969415724277
0.016598321497440338
0.011942802928388119
0.012665527872741222
0.015996389091014862
0.017233407124876976
0.010370113886892796
0.010486097075045109
0.017175307497382164
0.02692720666527748
0.021682746708393097
0.02537209540605545
0.015539648942649364
0.02523237280547619
0.00923787709325552
0.014059177599847317
0.01965782418847084
0.012424739077687263
0.010977805592119694
0.015118959359824657
0.007129238452762365
0.006355838850140572
0.008319157175719738
0.009368515573441982
0.008261351846158504
0.007834658026695251
0.006733683403581381
0.005144885275512934
0.007746485993266106
0.008000900037586689
0.00885001476854086
0.009497072547674179
0.020514745265245438
0.007338653318583965
0.010897613130509853
0.00778541062027216
0.007721784990280867
0.008927397429943085
0.006875538267195225
0.011825601570308208
0.02027132175862789
0.015320589765906334
0.010060049593448639
0.015261565335094929
0.012281585484743118
0.031242312863469124
0.022739723324775696
0.00985643919557333
0.017423568293452263
0.019117088988423347
0.009686852805316448
0.015328577719628811
0.014566252008080482
0.0050034476444125175
0.00640468904748559
0.007503372151404619
0.007451926823705435
0.012529348023235798
0.013897182419896126
0.017620254307985306
0.018038004636764526
0.014025963842868805
0.009783893823623657
0.013923240825533867
0.018760690465569496
0.016119087114930153
0.012744816020131111
0.02361629717051983
0.022853128612041473
0.016069086268544197
0.00901676807552576
0.023664383217692375
0.014232482761144638
0.00755719467997551
0.014845484867691994
0.008914303034543991
0.008399026468396187
0.008555413223803043
0.008525568060576916
0.006397189572453499
0.007611529435962439
0.007356519345194101
0.00782737135887146
0.004763391800224781
0.004812558181583881
0.006468106526881456
0.004019241314381361
0.004802399314939976
0.011951071210205555
0.0058375331573188305
0.006533610634505749
0.007378268521279097
0.006171433720737696
0.009732197038829327
0.0069285291247069836
0.006062441971153021
0.006692362949252129
0.00840772781521082
0.008936012163758278
0.006471986882388592
0.013743012212216854
0.009860098361968994
0.0071808649227023125
0.007932172156870365
0.017094120383262634
0.008824161253869534
0.00885305181145668
0.01767217367887497
0.016561275348067284
0.007131044287234545
0.009956900961697102
0.011084625497460365
0.0075922440737485886
0.007126673590391874
0.007130841724574566
0.012699417769908905
0.008968264795839787
0.0055348630994558334
0.0071508074179291725
0.004408151842653751
0.004903217777609825
0.004417386371642351
0.0062242853455245495
