0.004565873183310032
0.005494613200426102
0.003987658303231001
0.004557528533041477
0.004526905715465546
0.004128654953092337
0.0055466704070568085
0.004901701584458351
0.005116024520248175
0.005426219664514065
0.005976705811917782
0.0050766062922775745
0.005865782964974642
0.0039052909705787897
0.02127973362803459
0.006094577722251415
0.005234616342931986
0.005021338351070881
0.008046017959713936
0.008106978610157967
0.0071433065459132195
0.0061983573250472546
0.006631952710449696
0.009262323379516602
0.006970743183046579
0.008564090356230736
0.0075519150123000145
0.007183469831943512
0.009483679197728634
0.010254397988319397
0.01142522506415844
0.011328821070492268
0.007526456844061613
0.012016715481877327
0.01135331392288208
0.010905624367296696
0.01481062825769186
0.01286497712135315
0.012236975133419037
0.007583411410450935
0.01630237139761448
0.01322219893336296
0.013066036626696587
0.016007833182811737
0.01272081583738327
0.017300046980381012
0.0076933749951422215
0.006219689268618822
0.009290948510169983
0.013341469690203667
0.008422689512372017
0.02793210744857788
0.0060322158969938755
0.008716108277440071
0.010846719145774841
0.007824205793440342
0.01041885931044817
0.016900401562452316
0.006122731603682041
0.08501595258712769
0.007028591353446245
0.011209079995751381
0.010528133250772953
0.011365652084350586
0.012874002568423748
0.03486260026693344
0.012395389378070831
0.008005712181329727
0.009283024817705154
0.011184941977262497
0.18740025162696838
0.08951130509376526
0.00933883711695671
0.011705811135470867
0.010219800285995007
0.011667951941490173
0.01730933226644993
0.04560057073831558
0.014711118303239346
0.34547996520996094
0.27941134572029114
0.5852347612380981
0.5159804821014404
0.008091620169579983
0.011820118874311447
0.29859447479248047
0.009967545047402382
0.007236860226839781
0.01111995242536068
0.10274418443441391
0.0074329618364572525
0.476742684841156
0.013061469420790672
0.0986279770731926
0.008212873712182045
0.01093916967511177
0.01107516884803772
0.01157557312399149
0.01029245276004076
0.011555888690054417
0.006514245644211769
0.014693648554384708
0.14090441167354584
0.01363414153456688
0.011929604224860668
0.010611356236040592
0.012040135450661182
0.01049085333943367
0.01166144385933876
0.013523068279027939
0.01019561942666769
0.013444827869534492
0.011601707898080349
0.010758507065474987
0.009382191114127636
0.48384150862693787
0.014242381788790226
0.28265976905822754
0.01239063311368227
0.013075337745249271
0.010290728881955147
0.012914770282804966
0.04885362461209297
0.013418421149253845
0.032311636954545975
0.006523943040519953
0.009425442665815353
0.005656726658344269
0.006510345730930567
0.009511822834610939
0.007260904181748629
0.0062286145985126495
0.006871130783110857
0.004952709656208754
0.23804406821727753
0.006780301220715046
0.005746763665229082
0.005235748365521431
0.006936735939234495
0.004883630201220512
0.00998891144990921
0.008627285249531269
0.007399258203804493
0.007917232811450958
0.008661160245537758
0.010124369524419308
0.014485616236925125
0.008776877075433731
0.007934082299470901
0.0057543558068573475
0.008984452113509178
0.007412968203425407
0.007468953263014555
0.009667914360761642
0.010222255252301693
0.012289476580917835
0.010073672980070114
0.007474922109395266
0.011168711818754673
0.012179907411336899
0.010569910518825054
0.006240934133529663
0.010873093269765377
0.01419167872518301
0.008498849347233772
0.006346534006297588
0.09211038798093796
0.013747530989348888
0.01436503417789936
0.01511059608310461
0.013258288614451885
0.015021752566099167
0.010502997785806656
0.019337551668286324
0.015086693689227104
0.01347814965993166
0.015848901122808456
0.018085354939103127
0.016032613813877106
0.01082612108439207
0.009540275670588017
0.013470816425979137
0.056462425738573074
0.014481322839856148
0.013618791475892067
0.007750099990516901
0.02426968328654766
0.007807980291545391
0.006311373319476843
0.0065199630334973335
0.004430769011378288
0.011872957460582256
0.006718140561133623
0.004906495101749897
0.008658953942358494
0.007993826642632484
0.0059184483252465725
0.0037164930254220963
0.0061676218174397945
0.004237798508256674
0.0037272856570780277
0.007969534955918789
0.0053295958787202835
0.005830392241477966
0.004228837788105011
0.0044464836828410625
0.003846605308353901
0.005527107045054436
0.0035669601056724787
0.0053103710524737835
0.006736223120242357
0.007566735148429871
0.01662466675043106
0.016025418415665627
0.011641258373856544
0.010174987837672234
0.01507642213255167
0.015711190178990364
0.012029046192765236
0.012802290730178356
0.009362827055156231
0.007400852628052235
0.00983415450900793
0.011202782392501831
0.008259890601038933
0.003512678435072303
0.007900500670075417
0.006611758843064308
0.006662559695541859
0.003909806255251169
0.01358922477811575
0.008647426031529903
0.005615849047899246
0.011644791811704636
0.01121595874428749
0.010078100487589836
0.012218534015119076
0.011447899043560028
0.008801677264273167
0.010497309267520905
0.007784520275890827
0.012250826694071293
0.01141910906881094
0.008857831358909607
0.1202625036239624
0.006191957276314497
0.00690047163516283
0.007001305464655161
0.004457765258848667
0.008283242583274841
0.004749620333313942
0.005060197319835424
0.007710167672485113
0.008685915730893612
0.010039450600743294
0.006804449949413538
0.008109175600111485
0.006559315603226423
0.010975487530231476
0.010242180898785591
0.008739305660128593
0.01788952574133873
0.012902606278657913
0.013998189009726048
0.012488117441534996
0.01397193968296051
0.012535614892840385
0.008313285186886787
0.008469679392874241
0.0057902163825929165
0.009495656006038189
0.005164297763258219
0.009776663035154343
0.006719860248267651
0.009785654954612255
0.007031610235571861
0.009239951148629189
0.006861850619316101
0.006237867753952742
0.004510906059294939
0.006092119961977005
0.005871658679097891
0.008395087905228138
0.006670450791716576
0.012820839881896973
0.007879978977143764
0.01219229493290186
0.00833985861390829
0.00789586827158928
0.009693277068436146
0.010183913633227348
0.010976506397128105
0.013674336485564709
0.009969634003937244
0.007983076386153698
0.005030377767980099
0.009668185375630856
0.00956184696406126
0.009883051738142967
0.009035791270434856
0.009974204935133457
0.00714112538844347
0.008565838448703289
0.007311193272471428
0.006985860411077738
0.005595515016466379
0.008020281791687012
0.013802580535411835
0.010072884149849415
0.009386948309838772
0.005943223834037781
0.00755891902372241
0.007647969294339418
0.005747213028371334
0.00812762975692749
0.007887796498835087
0.005742925684899092
0.00698875542730093
0.0066786864772439
0.009711824357509613
0.012628909200429916
0.010994489304721355
0.008064626716077328
0.012304812669754028
0.012549296952784061
0.01207276526838541
0.009223822504281998
0.00952126644551754
0.009951661340892315
0.011775234714150429
0.012596420012414455
0.008695002645254135
0.013426750898361206
0.006810872349888086
0.00997507106512785
0.005687791854143143
0.007237565703690052
0.00888185016810894
0.012327010743319988
0.007822859100997448
0.012776846997439861
0.009014271199703217
0.015741387382149696
0.00841390062123537
0.008262907154858112
0.006007535383105278
0.007650437764823437
0.006086406297981739
0.005462083965539932
0.008965099230408669
0.010464339517056942
0.006440524943172932
0.00437180744484067
0.010600763373076916
0.012884138152003288
0.007756791543215513
0.005008689593523741
0.009766807779669762
0.008293072693049908
0.007544051855802536
0.010061644949018955
0.012838860973715782
0.011690199375152588
0.004867745563387871
0.009626721031963825
0.007203889545053244
0.0073357499204576015
0.00397074967622757
0.0059233540669083595
0.0127744534984231
0.004738065879791975
0.004556338768452406
0.009012904018163681
0.009952427819371223
0.012295729480683804
0.0063397386111319065
0.010242611169815063
0.0060945432633161545
0.011181247420608997
0.00526075717061758
0.00544602470472455
0.007300938479602337
0.008173733949661255
0.007120953407138586
0.005059719551354647
0.006376968696713448
0.006883024238049984
0.0039521437138319016
0.005332098808139563
0.005539709702134132
0.005969367455691099
0.003336020279675722
0.006187269929796457
0.005698696710169315
0.004699538461863995
0.004259169101715088
0.008000802248716354
0.004180230665951967
0.003737173741683364
0.006521100178360939
0.00327470526099205
0.003378570545464754
0.007715802639722824
0.00821053609251976
0.003935184795409441
0.005884523969143629
0.0055296579375863075
0.008829659782350063
0.005016275681555271
0.00551373278722167
0.007512198761105537
0.004920236300677061
0.008373699150979519
0.01105023268610239
0.005762568209320307
0.007200697902590036
0.01255883276462555
0.011560121551156044
0.006857159547507763
0.012729933485388756
0.00697404146194458
0.007005769293755293
0.008295339532196522
0.009199172258377075
0.0140313059091568
0.010264033451676369
0.007847575470805168
0.007995759136974812
0.0071792942471802235
0.008183755911886692
0.005020778626203537
0.008384952321648598
0.007300672587007284
0.0067159016616642475
0.0047037918120622635
0.004351183772087097
0.00757925258949399
0.004301102831959724
0.0030633732676506042
0.005572489928454161
0.007009434979408979
0.002818262204527855
0.0037128294352442026
0.007045044098049402
0.005650507286190987
0.003354949876666069
0.006104596890509129
0.0069432067684829235
0.0033254355657845736
0.0045953900553286076
0.0061172619462013245
0.0041916160844266415
0.003950809128582478
0.006116749253123999
0.00570789584890008
0.0044267429038882256
0.007194499485194683
0.004777978640049696
0.003920921590179205
0.005738141480833292
0.007377347443252802
0.006715093273669481
0.0033022400457412004
0.005849666893482208
0.005077374167740345
0.0070882621221244335
0.0038133852649480104
0.007933215238153934
0.006286005489528179
0.005316424649208784
0.005347596015781164
0.005705758463591337
0.006573864724487066
0.003910753410309553
0.005861316341906786
0.008112305775284767
0.008439416065812111
0.007113153580576181
0.0046608359552919865
0.011546159163117409
0.00678768428042531
0.007850182242691517
0.005719276145100594
0.005932396277785301
0.004666174296289682
0.0039794547483325005
0.004026311915367842
0.004483094904571772
0.004090161062777042
0.0038756339345127344
0.004454448819160461
0.003943285904824734
0.0043526277877390385
0.004319373052567244
0.00404414813965559
0.0042498460970819
0.004522659350186586
0.004291715566068888
0.0037463707849383354
0.0038816509768366814
0.0065335980616509914
0.009768634103238583
0.00941289123147726
0.00787429977208376
0.01487713772803545
0.0078059956431388855
0.018674883991479874
0.012320244684815407
0.010418112389743328
0.012740245088934898
0.014410569332540035
0.00926528126001358
0.013066098093986511
0.01437512505799532
0.014314030297100544
0.009250611998140812
0.010194801725447178
0.005791395902633667
0.009264279156923294
0.009637839160859585
0.008463811129331589
0.012850784696638584
0.01791471801698208
0.010305240750312805
0.014541378244757652
0.013847517780959606
0.01706092059612274
0.011867152526974678
0.011413656175136566
0.011331838555634022
0.012450743466615677
0.016098622232675552
0.01481568068265915
0.012074044905602932
0.01214869786053896
0.01223189290612936
0.00663014966994524
0.005593870300799608
0.01055454183369875
0.012332766316831112
0.008416646160185337
0.009623349644243717
0.010924708098173141
0.006116922479122877
0.008903604000806808
0.0075158616527915
0.01407234463840723
0.00890767015516758
0.012875426560640335
0.01415710523724556
0.008916299790143967
0.010229051113128662
0.008626335300505161
0.010481754317879677
0.009785645641386509
0.009354904294013977
0.015233119018375874
0.009957963600754738
0.009239112958312035
0.01471923477947712
0.011089382693171501
0.016032405197620392
0.010569366626441479
0.01784643903374672
0.011130265891551971
0.012831640429794788
0.011953841894865036
0.011945469304919243
0.0079909423366189
0.00813230499625206
0.013542362488806248
0.013795961625874043
0.019345276057720184
0.008814215660095215
0.010740424506366253
0.00978571455925703
0.011487777344882488
0.011753852479159832
0.01286674477159977
0.015203735791146755
0.016410889104008675
0.008378377184271812
0.015149286016821861
0.017248207703232765
0.00854926835745573
0.006972413510084152
0.008876027539372444
0.008085052482783794
0.007066708989441395
0.004246098455041647
0.005515176337212324
0.011453070677816868
0.007173437159508467
0.006375639233738184
0.0093038659542799
0.01306828111410141
0.007923392578959465
0.006762979086488485
0.010134371928870678
0.0088958153501153
0.007074066903442144
0.005961650982499123
0.005057876463979483
0.004621504805982113
0.004732901696115732
0.003240194171667099
0.0038034103345125914
0.005757341161370277
0.005179279949516058
0.0048932102508842945
0.005741717293858528
0.009828909300267696
0.008712195791304111
0.00667026499286294
0.007231226656585932
0.008345638401806355
0.011658442206680775
0.016538968309760094
0.009561683982610703
0.009654899127781391
0.015188906341791153
0.014477022923529148
0.011008466593921185
0.01598620042204857
0.012145488522946835
0.015012279152870178
0.012531057931482792
0.007938271388411522
0.00642672972753644
0.010744058527052402
0.010092530399560928
0.016536518931388855
0.013904379680752754
0.015934091061353683
0.019427189603447914
0.011564284563064575
0.013059237040579319
0.013268779031932354
0.013343384489417076
0.019465046003460884
0.017009003087878227
0.01155179925262928
0.011132879182696342
0.010226729325950146
0.006848379038274288
0.004245808348059654
0.005266677122563124
0.01005241647362709
0.008323028683662415
0.006935905199497938
0.008796902373433113
0.011373407207429409
0.011946049518883228
0.01070433109998703
0.008590763434767723
0.008731890469789505
0.007351072039455175
0.012531177140772343
0.005291634704917669
0.009747779928147793
0.008748252876102924
0.005822848994284868
0.006885997485369444
0.006114855874329805
0.01198964100331068
0.01376545149832964
0.008103294298052788
0.01832597889006138
0.012553097680211067
0.014673745259642601
0.013437884859740734
0.010764531791210175
0.012244620360434055
0.008708312176167965
0.00897884089499712
0.011472219601273537
0.005687281955033541
0.008982363156974316
0.0075799343176186085
0.014174757525324821
0.014182948507368565
0.017934611067175865
0.01595885306596756
0.015822861343622208
0.015414881519973278
0.01889566145837307
0.01827787235379219
0.014688375405967236
0.01313009113073349
0.016569431871175766
0.014628455974161625
0.008742693811655045
0.011361847631633282
0.007536976598203182
0.006888603791594505
0.004951382055878639
0.00428694998845458
0.0034793333616107702
0.009503139182925224
0.008120871149003506
0.006588632240891457
0.009066661819815636
0.012519228272140026
0.008113047108054161
0.008006349205970764
0.010710639879107475
0.006703301332890987
0.004158447030931711
0.004753385670483112
0.005427252035588026
0.004997893236577511
0.003981676418334246
0.00657334178686142
0.008509363979101181
0.006472096778452396
0.0081431083381176
0.010572333820164204
0.007514168508350849
0.015970274806022644
0.008884172886610031
0.010298259556293488
0.014780303463339806
0.013238510116934776
0.02034556120634079
0.016089078038930893
0.01715235225856304
0.012289460748434067
0.008427449502050877
0.006718150805681944
0.0034933132119476795
0.004193196538835764
0.005136418156325817
0.0035593316424638033
0.003295620670542121
0.004073095973581076
0.004765368066728115
0.005241675302386284
0.00528367655351758
0.009477267041802406
0.009495682083070278
0.010456022806465626
0.01531758438795805
0.011389680206775665
0.01791776344180107
0.016169393435120583
0.01548752747476101
0.012296754866838455
0.014260387979447842
0.010768371634185314
0.014727583155035973
0.01615069806575775
0.010313443839550018
0.009606525301933289
0.008013468235731125
0.013287159614264965
0.004132711794227362
0.008126968517899513
0.012322941794991493
0.0080312080681324
0.006060327403247356
0.007511256728321314
0.009435710497200489
0.014213343150913715
0.007566247601062059
0.011744534596800804
0.009335974231362343
0.008274747058749199
0.0090150972828269
0.006428179331123829
0.0038617050740867853
0.008054985664784908
0.009134471416473389
0.006816105917096138
0.014082099311053753
0.008275361731648445
0.007463327143341303
0.017593326047062874
0.00936678983271122
0.0109612001106143
0.014113844372332096
0.012932081706821918
0.015466528944671154
0.014018415473401546
0.013901961036026478
0.010864142328500748
0.007453344762325287
0.009295044466853142
0.005642256699502468
0.005902305245399475
0.007499698083847761
0.01426080334931612
0.011894145980477333
0.013760117813944817
0.013524326495826244
0.015898577868938446
0.016270965337753296
0.02018268220126629
0.016216985881328583
0.0152601832523942
0.016352517530322075
0.01510439720004797
0.009906010702252388
0.0096549391746521
0.007256900891661644
0.007908503524959087
0.005370492115616798
0.004201044794172049
0.005302359815686941
0.010521288961172104
0.007333021145313978
0.006422537844628096
0.013733526691794395
0.012644246220588684
0.00720440736040473
0.013678260147571564
0.01003588829189539
0.008703806437551975
0.0068229916505515575
0.00634086225181818
0.004211678635329008
0.004527853336185217
0.0038783021736890078
0.003692515892907977
0.003181257052347064
0.0033451891504228115
0.0035120670218020678
0.003627469763159752
0.003078865585848689
0.0029664679896086454
0.0033365944400429726
0.003268676344305277
0.004004030022770166
0.0034747764002531767
0.00370983243919909
0.0032167856115847826
0.0054288217797875404
