0.00656159408390522
0.007062421180307865
0.005103089846670628
0.011721212416887283
0.010415732860565186
0.016853712499141693
0.017329320311546326
0.018353944644331932
0.00574883446097374
0.014336220920085907
0.010564057156443596
0.016093892976641655
0.008503644727170467
0.01212888490408659
0.0075143855065107346
0.012122172862291336
0.009959764778614044
0.010688506998121738
0.008792937733232975
0.006521007511764765
0.0058207157999277115
0.005397405009716749
0.004784322809427977
0.006730214226990938
0.005257566925138235
0.006492580287158489
0.004560564644634724
0.005309917964041233
0.0044908905401825905
0.0046999468468129635
0.005851392168551683
0.005552317481487989
0.005197182297706604
0.003372340463101864
0.006546048913151026
0.006984670180827379
0.003694063751026988
0.004187601152807474
0.01038757897913456
0.005844511091709137
0.00294821267016232
0.008279139176011086
0.006635943427681923
0.005171401891857386
0.003906810190528631
0.012968934141099453
0.00871988758444786
0.002851062687113881
0.005365007556974888
0.01042583305388689
0.0072332085110247135
0.003692856291308999
0.009544655680656433
0.005479763261973858
0.004191444721072912
0.004895300138741732
0.007271425798535347
0.008748580701649189
0.004526217933744192
0.005122244358062744
0.012733517214655876
0.005899711977690458
0.0037201845552772284
0.005109771620482206
0.00629967637360096
0.008122948929667473
0.004100889433175325
0.004831555765122175
0.007219378370791674
0.010936672799289227
0.008787552826106548
0.008154806680977345
0.007118223235011101
0.006510142236948013
0.0179130919277668
0.014323492534458637
0.00997268408536911
0.012689336203038692
0.009389045648276806
0.007190675940364599
0.004882358480244875
0.011701619252562523
0.00737968971952796
0.009193316102027893
0.007707002107053995
0.006863553076982498
0.0032106097787618637
0.004264545626938343
0.008035292848944664
0.006895617116242647
0.0038241641595959663
0.008028419688344002
0.0064703491516411304
0.004723661113530397
0.0030715123284608126
0.004916427657008171
0.0065551442094147205
0.008777756243944168
0.011962146498262882
0.01267806813120842
0.008976897224783897
0.008944233879446983
0.012990785762667656
0.008562041446566582
0.006448368541896343
0.004543730057775974
0.014144610613584518
0.005317872390151024
0.004741458687931299
0.004970416892319918
0.009531822055578232
0.012066369876265526
0.0044164592400193214
0.008409775793552399
0.00749921565875411
0.007459760177880526
0.004603779874742031
0.01051967591047287
0.00658394955098629
0.010900383815169334
0.005551896523684263
0.01505577564239502
0.01149897463619709
0.009058996103703976
0.009658952243626118
0.016848862171173096
0.020160388201475143
0.0130273113027215
0.013326199725270271
0.008372967131435871
0.012127759866416454
0.016030320897698402
0.011455975472927094
0.014695463702082634
0.006425085477530956
0.01643662340939045
0.005348986480385065
0.0059578316286206245
0.009404439479112625
0.013766654767096043
0.007278623525053263
0.009394160471856594
0.005396949127316475
0.007374127861112356
0.003989371005445719
0.007169512566179037
0.007117438595741987
0.006827840115875006
0.007726974319666624
0.007711481302976608
0.005690615624189377
0.006659445818513632
0.004057101905345917
0.00532169733196497
0.0050000897608697414
0.012002401985228062
0.008757608011364937
0.008411144837737083
0.008251313120126724
0.016626037657260895
0.010814673267304897
0.015476523898541927
0.044690247625112534
0.021745853126049042
0.015180135145783424
0.019317541271448135
0.012775463052093983
0.014945807866752148
0.016006797552108765
0.01631617173552513
0.007652936037629843
0.010818234644830227
0.009461657144129276
0.0034630431327968836
0.007157351355999708
0.012748255394399166
0.012366469949483871
0.014099560678005219
0.010235029272735119
0.01239051017910242
0.02217945083975792
0.016943562775850296
0.0203690305352211
0.01776399277150631
0.025976618751883507
0.024769751355051994
0.02108675241470337
0.023723578080534935
0.015344361774623394
0.02328394167125225
0.0263423603028059
0.012888086959719658
0.015620456077158451
0.016879474744200706
0.024473078548908234
0.023817649111151695
0.010814106091856956
0.013582054525613785
0.011359930038452148
0.01691271737217903
0.022896399721503258
0.014081860892474651
0.022943943738937378
0.017972731962800026
0.017397822812199593
0.01014216709882021
0.00919882021844387
0.009718374349176884
0.010785568505525589
0.005770764779299498
0.006822164636105299
0.006053151562809944
0.005236170720309019
0.009676571004092693
0.009609175845980644
0.011131503619253635
0.009044427424669266
0.007602720521390438
0.00840474758297205
0.007041085511445999
0.010555518791079521
0.019103894010186195
0.007855993695557117
0.0060064359568059444
0.012996673583984375
0.00822530034929514
0.007835997268557549
0.007061350625008345
0.00929013267159462
0.011989199556410313
0.014674785546958447
0.006146600935608149
0.003760039107874036
0.003839896759018302
0.006754233967512846
0.0058846683241426945
0.0034494115971028805
0.0033538818825036287
0.008427836000919342
0.0047996132634580135
0.004185400903224945
0.005716472864151001
0.006330566015094519
0.0034078634344041348
0.003898272290825844
0.006904963403940201
0.0051661329343914986
0.004636482335627079
0.005933498963713646
0.0059966170229017735
0.004265959374606609
0.00579067412763834
0.006749402731657028
0.005935707129538059
0.004717522766441107
0.00818470399826765
0.010609769262373447
0.006820530164986849
0.008545918390154839
0.006912222132086754
0.014466875232756138
0.008654046803712845
0.014194106683135033
0.009261032566428185
0.009743236936628819
0.007671741768717766
0.007979074493050575
0.006249824073165655
0.009402324445545673
0.012025760486721992
0.008098665624856949
0.01960597187280655
0.023730216547846794
0.01993745006620884
0.017590118572115898
0.02464327961206436
0.015344477258622646
0.010387519374489784
0.004839772824198008
0.010902219451963902
0.007711817044764757
0.004463486839085817
0.01103872712701559
0.009641758166253567
0.007094419561326504
0.005623440723866224
0.013313742354512215
0.01090396847575903
0.015882575884461403
0.014955738559365273
0.0130008514970541
0.012038196437060833
0.01932900957763195
0.012784174643456936
0.012830747291445732
0.019395317882299423
0.016861949115991592
0.013547050766646862
0.015401930548250675
0.012229466810822487
0.010960156098008156
0.015757612884044647
0.006882610265165567
0.011731036938726902
0.005565441679209471
0.007162951398640871
0.01083073765039444
0.013101877644658089
0.008649197407066822
0.01045217551290989
0.0047669424675405025
0.006213717628270388
0.014695076271891594
0.008377965539693832
0.005060459487140179
0.012614337727427483
0.00867190957069397
0.009779931046068668
0.004839118104428053
0.011561363935470581
0.01139022782444954
0.006397073622792959
0.006635456345975399
0.011567408218979836
0.006760116666555405
0.004666387103497982
0.00708790635690093
0.010539459064602852
0.009917991235852242
0.012574085965752602
0.009921395219862461
0.01557115837931633
0.01824154146015644
0.022783391177654266
0.01699172705411911
0.01717454381287098
0.018483398482203484
0.02155943773686886
0.017335377633571625
0.013318578712642193
0.008790535852313042
0.013225521892309189
0.010204815305769444
0.014271223917603493
0.00848336610943079
0.005718972533941269
0.009292916394770145
0.008433082140982151
0.006254819221794605
0.011372624896466732
0.010358307510614395
0.015363934449851513
0.012693201191723347
0.019888227805495262
0.01581456884741783
0.017584452405571938
0.014253491535782814
0.018023470416665077
0.024501459673047066
0.010664276778697968
0.01945395953953266
0.010901890695095062
0.019544651731848717
0.00909374188631773
0.007929714396595955
0.009707128629088402
0.007741682697087526
0.004663017578423023
0.007643765304237604
0.00877531711012125
0.010737638920545578
0.015387938357889652
0.01630556769669056
0.007636913564056158
0.011033865623176098
0.016645874828100204
0.008495152927935123
0.008582385256886482
0.01634354703128338
0.011641659773886204
0.011427972465753555
0.01145550049841404
0.010938039049506187
0.010079719126224518
0.005787916015833616
0.00902672577649355
0.012594266794621944
0.009691542945802212
0.019637957215309143
0.0100318044424057
0.03195309638977051
0.034558605402708054
0.05088089033961296
0.021358629688620567
0.016910679638385773
0.010822143405675888
0.004998583346605301
0.011504851281642914
0.006433391477912664
0.009586815722286701
0.009328193962574005
0.008875086903572083
0.009568550623953342
0.00402429886162281
0.006327321287244558
0.005897360388189554
0.00480297626927495
0.004796857945621014
0.008933761157095432
0.010070635005831718
0.004632808733731508
0.036326177418231964
0.007141341920942068
0.008504979312419891
0.004400708246976137
0.005056715104728937
0.006453267298638821
0.007836530916392803
0.005118665751069784
0.008328953757882118
0.009593010880053043
0.005926002748310566
0.005582098383456469
0.009218128398060799
0.00894561130553484
0.007806719746440649
0.01885276287794113
0.0156768299639225
0.021120164543390274
0.010838107205927372
0.016433294862508774
0.01707438938319683
0.018590334802865982
0.027050470933318138
0.014732967130839825
0.016103267669677734
0.01048931386321783
0.010401097126305103
0.010745685547590256
0.006553282029926777
0.007329221349209547
0.005731842014938593
0.011523553170263767
0.006273317150771618
0.00994297955185175
0.013990108855068684
0.010434032417833805
0.014462471008300781
0.013193560764193535
0.024268321692943573
0.01201137900352478
0.017076455056667328
0.034580133855342865
0.0199905876070261
0.017491504549980164
0.012022905983030796
0.02427816577255726
0.023236695677042007
0.015848476439714432
0.01847698539495468
0.01464099157601595
0.021704327315092087
0.020426835864782333
0.018932238221168518
0.03947160765528679
0.018578605726361275
0.01576186530292034
0.007090765982866287
0.008356343023478985
0.010235831141471863
0.01281861960887909
0.010336744599044323
0.009548863396048546
0.013106337748467922
0.00855978298932314
0.011723748408257961
0.011520636267960072
0.012181686237454414
0.009620485827326775
0.013273075222969055
0.007932127453386784
0.00789065845310688
0.009684661403298378
0.007584462873637676
0.006093223113566637
0.006511635147035122
0.011780967935919762
0.01023916993290186
0.007886797189712524
0.00595583813264966
0.010140362195670605
0.009646107442677021
0.0089016268029809
0.012585352174937725
0.008052174933254719
0.006392098963260651
0.01098079327493906
0.009327908046543598
0.00844949297606945
0.011051341891288757
0.00931310560554266
0.01320929080247879
0.009712842293083668
0.009081385098397732
0.02386605553328991
0.012476314790546894
0.008713035844266415
0.007990383543074131
0.007058195304125547
0.007698094006627798
0.00994865968823433
0.00854968000203371
0.009766042232513428
0.006587649695575237
0.007499609608203173
0.006216312292963266
0.010198637843132019
0.007781860884279013
0.01417509838938713
0.009483616799116135
0.013821188360452652
0.012598619796335697
0.010139300487935543
0.013945740647614002
0.011993680149316788
0.014541243202984333
0.011529523879289627
0.009539243765175343
0.013597267679870129
0.008649834431707859
0.009621822275221348
0.009228176437318325
0.006053868215531111
0.009137734770774841
0.005883555393666029
0.006883190479129553
0.005364926997572184
0.008712200447916985
0.005673218052834272
0.016288405284285545
0.006534198764711618
0.0073286076076328754
0.0035964909475296736
0.00499664107337594
0.00713577214628458
0.005249316338449717
0.0036617261357605457
0.007426977623254061
0.01219691801816225
0.004224829841405153
0.005136474501341581
0.011581499129533768
0.006169945001602173
0.004064654000103474
0.009202524088323116
0.004573572892695665
0.00803371611982584
0.006530033890157938
0.003907834645360708
0.004688597749918699
0.0060042813420295715
0.0044574798084795475
0.0034260593820363283
0.005590638145804405
0.004514226224273443
0.0034300487022846937
0.0051002344116568565
0.007172765210270882
0.004988997243344784
0.0028491467237472534
0.0037335059605538845
0.004725638777017593
0.0034221638925373554
0.004458002280443907
0.004672541283071041
