0.006317500956356525
0.00500757759436965
0.007207443471997976
0.005347246304154396
0.006537985522300005
0.007728436961770058
0.006100354716181755
0.010998420417308807
0.008949263952672482
0.007956648245453835
0.0076782251708209515
0.007875912822782993
0.007578632794320583
0.009555932134389877
0.007416912354528904
0.007164833135902882
0.008678446523845196
0.015281306579709053
0.013516041450202465
0.014427240937948227
0.027994075790047646
0.020713385194540024
0.04178187996149063
0.018632855266332626
0.01548558659851551
0.011705788783729076
0.019550003111362457
0.010109098628163338
0.008875347673892975
0.013303142040967941
0.013104732148349285
0.01049971766769886
0.009571362286806107
0.008489829488098621
0.012258549220860004
0.005216140765696764
0.005582810379564762
0.005909129977226257
0.008973648771643639
0.00675622746348381
0.006183333229273558
0.005319653078913689
0.014237802475690842
0.00733954319730401
0.01536883320659399
0.007793146651238203
0.015534901060163975
0.010423978790640831
0.015298436395823956
0.009263806976377964
0.004889552481472492
0.00967608205974102
0.008267401717603207
0.006627650000154972
0.004879317246377468
0.00680267158895731
0.005891911685466766
0.004882425535470247
0.007233479060232639
0.006759834475815296
0.0076789152808487415
0.012444793246686459
0.004750499501824379
0.007853703573346138
0.00594363221898675
0.008106464520096779
0.0060397908091545105
0.005824960768222809
0.005522744730114937
0.007115221582353115
0.006056692451238632
0.006483221426606178
0.005203270353376865
0.004474684130400419
0.01071757823228836
0.004829653073102236
0.0038715365808457136
0.009500442072749138
0.005532102659344673
0.00442691333591938
0.0075023965910077095
0.004287940915673971
0.005591706372797489
0.005434087477624416
0.004846513271331787
0.005301990546286106
0.0070651499554514885
0.009217370301485062
0.005128558725118637
0.007762622088193893
0.009091482497751713
0.022126510739326477
0.019371919333934784
0.016513828188180923
0.015659084543585777
0.013139912858605385
0.008156410418450832
0.010192511603236198
0.016625266522169113
0.016296690329909325
0.0077417814172804356
0.008156518451869488
0.015689298510551453
0.012979790568351746
0.009542690590023994
0.00990151334553957
0.005130164325237274
0.00700468709692359
0.006233137100934982
0.007561387959867716
0.012172939255833626
0.012246748432517052
0.017310207709670067
0.016835976392030716
0.020710531622171402
0.9655396938323975
0.013430604711174965
0.013902279548346996
0.01901865005493164
0.011922299861907959
0.01639600284397602
0.01783127710223198
0.009400859475135803
0.010548676364123821
0.01767968200147152
0.01488130446523428
0.005969771649688482
0.007338319439440966
0.01296852994710207
0.005079369060695171
0.004861764144152403
0.005883533041924238
0.006012699566781521
0.010852465406060219
0.01028691790997982
0.004334624391049147
0.005924819968640804
0.005121366586536169
0.005832847207784653
0.004384571686387062
0.003701005596667528
0.005561498459428549
0.007761391345411539
0.0064520202577114105
0.006337951403111219
0.007000039331614971
0.0047724246978759766
0.011545882560312748
0.0035718039143830538
0.004457892384380102
0.007866837084293365
0.007928420789539814
0.010009950026869774
0.011610711924731731
0.005329987499862909
0.006666249595582485
0.007956106215715408
0.007238045334815979
0.010976842604577541
0.026920532807707787
0.017337441444396973
0.023432379588484764
0.016993917524814606
0.026593904942274094
0.023647140711545944
0.014166850596666336
0.023234155029058456
0.020355751737952232
0.0097782788798213
0.0064325230196118355
0.02004230208694935
0.016067923977971077
0.012030883692204952
0.012432657182216644
0.013147575780749321
0.013233721256256104
0.005391485057771206
0.010058287531137466
0.006667475216090679
0.01159762404859066
0.007503589615225792
0.006526480428874493
0.008732624351978302
0.025704117491841316
0.016339445486664772
0.02841583825647831
0.024371437728405
0.022042961791157722
0.013666030019521713
0.026572061702609062
0.010805673897266388
0.014040847308933735
0.011865140870213509
0.008916708640754223
0.01051026489585638
0.007771007716655731
0.008526687510311604
0.006152088288217783
0.011693162843585014
0.006761102471500635
0.011586708016693592
0.01012409757822752
0.01548407506197691
0.0061255935579538345
0.007605171762406826
0.0068023428320884705
0.011449836194515228
0.011838345788419247
0.010675939731299877
0.010615207254886627
0.010767431929707527
0.00865120068192482
0.013671770691871643
0.008307917974889278
0.006425024475902319
0.005363239906728268
0.011007199995219707
0.012962721288204193
0.00312190898694098
0.006113615818321705
0.009024858474731445
0.0077716694213449955
0.009573038667440414
0.010844063945114613
0.006385452579706907
0.009905497543513775
0.007284992840141058
0.010295080952346325
0.01621926762163639
0.013345537707209587
0.020087189972400665
0.016919758170843124
0.060691554099321365
0.016916967928409576
0.012353005819022655
0.01926536299288273
0.023333843797445297
0.009478239342570305
0.01104635652154684
0.01721176877617836
0.01022612489759922
0.013029427267611027
0.013597868382930756
0.008254720829427242
0.012770261615514755
0.007889363914728165
0.011829189956188202
0.004919029306620359
0.006533443462103605
0.008356102742254734
0.0068304953165352345
0.006822229363024235
0.007299546618014574
0.013518151827156544
0.008544710464775562
0.0074758706614375114
0.005948502104729414
0.009632810950279236
0.007246115710586309
0.006628839764744043
0.01036221906542778
0.007665450684726238
0.007882014848291874
0.006477474234998226
0.008399590849876404
0.008179333060979843
0.00419491296634078
0.006657212972640991
0.0074629527516663074
0.007149622775614262
0.008501152507960796
0.0038427046965807676
0.006207416765391827
0.004801143892109394
0.005123816430568695
0.005898451432585716
0.00565872760489583
0.004253286402672529
0.0090877590700984
0.004475105088204145
0.005997298751026392
0.006237746682018042
0.007910680957138538
0.005486006382852793
0.004075979348272085
0.005932039115577936
0.004656280856579542
0.007645635399967432
0.005347905680537224
0.008495567366480827
0.00561742577701807
0.0059404694475233555
0.007149460259824991
0.005735291168093681
0.006562079302966595
0.005674821324646473
0.006300909444689751
0.008308046497404575
0.01084995735436678
0.007266086060553789
0.006308817304670811
0.008083672262728214
0.015932222828269005
0.014851999469101429
0.012264278717339039
0.015554524026811123
0.01290953066200018
0.01923544332385063
0.009548398666083813
0.016962457448244095
0.01603834144771099
0.012215633876621723
0.010037679225206375
0.012265965342521667
0.015222279354929924
0.01262794528156519
0.010662797838449478
0.008624373935163021
0.010712306946516037
0.011463964357972145
0.013612438924610615
0.01401038933545351
0.013071560300886631
0.012924536131322384
0.005113554187119007
0.007888928055763245
0.008658711798489094
0.01205034926533699
0.009509478695690632
0.008773873560130596
0.015785176306962967
0.014106773771345615
0.011108584702014923
0.013713029213249683
0.015256392769515514
0.011982317082583904
0.013778086751699448
0.017516013234853745
0.011309071443974972
0.01116267777979374
0.013055735267698765
0.008770141750574112
0.006722272373735905
0.012607775628566742
0.0066793630830943584
0.009188622236251831
0.005157997831702232
0.009637461043894291
0.009017547592520714
0.013883179053664207
0.007198775187134743
0.008989009074866772
0.009225813671946526
0.011020190082490444
0.014521966688334942
0.012891520746052265
0.014961682260036469
0.018388504162430763
0.03433801606297493
0.009098951704800129
0.008787802420556545
0.008692935109138489
0.009737562388181686
0.009740808978676796
0.010854456573724747
0.011748929508030415
0.010171650908887386
0.007830968126654625
0.007775508798658848
0.011237967759370804
0.010886517353355885
0.008165203034877777
0.007655601482838392
0.010719818994402885
0.018026702105998993
0.02057688497006893
0.5526302456855774
0.29684391617774963
0.03204667195677757
0.04240624979138374
0.02323261648416519
0.0167213324457407
0.022543372586369514
0.01156020350754261
0.010591539554297924
0.012263746932148933
0.01539470162242651
0.012837743386626244
0.008336788043379784
0.01131492666900158
0.012980121187865734
0.004151845350861549
0.009104662574827671
0.00612604059278965
0.011511425487697124
0.0064448039047420025
0.006279244087636471
0.008246343582868576
0.014159128069877625
0.009888965636491776
0.007095373701304197
0.021016262471675873
0.007258822210133076
0.006226819474250078
0.023361487314105034
0.017844051122665405
0.016451038420200348
0.01113076414912939
0.007147789467126131
0.007551603484898806
0.008129021152853966
0.004399621859192848
0.010820387862622738
0.007122029084712267
0.006176987197250128
0.004888545256108046
0.007776826154440641
0.009047643281519413
0.011703306809067726
0.005337579641491175
0.006803502794355154
0.004720328841358423
0.00879988819360733
0.005501332692801952
0.003250873414799571
0.00429797125980258
0.004324363544583321
