0.005795411765575409
0.005260682664811611
0.003901807125657797
0.003808204550296068
0.00659145088866353
0.004730683285742998
0.007157236337661743
0.0038783063646405935
0.005608533974736929
0.029231464490294456
0.005467091221362352
0.008119568228721619
0.0082908496260643
0.004839418921619654
0.011207547038793564
0.007614364847540855
0.00530102476477623
0.009362282231450081
0.006291866302490234
0.0080108642578125
0.00925076100975275
0.010925522074103355
0.01128481701016426
0.011006660759449005
0.008948925882577896
0.008895419538021088
0.009583991020917892
0.008403277024626732
0.009915626607835293
0.007309515029191971
0.008861465379595757
0.008260602131485939
0.009101428091526031
0.010926207527518272
0.0065240138210356236
0.0069045573472976685
0.011056195013225079
0.010255970992147923
0.008438602089881897
0.0066891019232571125
0.015763433650135994
0.013842892833054066
0.011936924420297146
0.00795277301222086
0.01447655912488699
0.0158709604293108
0.012056914158165455
0.009798998944461346
0.012499271892011166
0.007297549396753311
0.009671230800449848
0.014016841538250446
0.006094225216656923
0.006886760238558054
0.008218308910727501
0.007630509790033102
0.008021029643714428
0.008689697831869125
0.008371090516448021
0.010581791400909424
0.0049520209431648254
0.006470619700849056
0.009568690322339535
0.011685308068990707
0.007228505332022905
0.00842225831001997
0.008433296345174313
0.008158208802342415
0.013440350070595741
0.013554062694311142
0.015753479674458504
0.015660421922802925
0.013713822700083256
0.012541601434350014
0.013097458519041538
0.01082197017967701
0.00934480782598257
0.008426648564636707
0.014435974881052971
0.005336622707545757
0.005495783872902393
0.00780104473233223
0.00497200433164835
0.009521019645035267
0.01108750980347395
0.014599614776670933
0.010007224977016449
0.007913713343441486
0.010225228033959866
0.008813295513391495
0.0068868063390254974
0.011674046516418457
0.011870542541146278
0.018683090806007385
0.018901322036981583
0.02085557021200657
0.014838987030088902
0.014906670898199081
0.012785041704773903
0.012412551790475845
0.007859189994633198
0.005864259786903858
0.0061420295387506485
0.008603028953075409
0.01128222793340683
0.006899844389408827
0.011529387906193733
0.013553386554121971
0.014506209641695023
0.012432035990059376
0.01923344098031521
0.4518527388572693
0.015345096588134766
0.019477495923638344
0.015789465978741646
0.012686355970799923
0.018053919076919556
0.013453349471092224
0.01158831361681223
0.0202067568898201
0.01891615241765976
0.011205676943063736
0.02456332929432392
0.007318789605051279
0.010419463738799095
0.009479488246142864
0.009049857035279274
0.009137842804193497
0.010204247198998928
0.013663568533957005
0.012075797654688358
0.353611558675766
0.006497559137642384
0.008141228929162025
0.008916708640754223
0.00859166495501995
0.009951685555279255
0.00842820294201374
0.008813573978841305
0.010398589074611664
0.009945344179868698
0.007976002991199493
0.008345472626388073
0.012861326336860657
0.0075578815303742886
0.011277939192950726
0.010038266889750957
0.008003687486052513
0.007233164273202419
0.008252621628344059
0.006238101050257683
0.008911282755434513
0.00859321653842926
0.005211975425481796
0.005387262441217899
0.006985933054238558
0.00481773167848587
0.004767738748341799
0.005260343197733164
0.006063108332455158
0.012863954529166222
0.013033627532422543
0.012945557944476604
0.009835319593548775
0.0072331614792346954
0.009800571948289871
0.011035826988518238
0.010308791883289814
0.012220836244523525
0.011349695734679699
0.006723839323967695
0.006075183395296335
0.02715579979121685
0.008660128340125084
0.006947409827262163
0.008477696217596531
0.007711568381637335
0.006531524937599897
0.007480875588953495
0.008074034936726093
0.0076607768423855305
0.004012472461909056
0.007983306422829628
0.00566317792981863
0.006202241871505976
0.0047838687896728516
0.005794950760900974
0.00828761886805296
0.006718252319842577
0.007252450566738844
0.00985583383589983
0.01260974071919918
0.010454672388732433
0.00858008861541748
0.012974184937775135
0.008024889044463634
0.008465727791190147
0.00919328536838293
0.007507908623665571
0.007298516575247049
0.008757217787206173
0.008776280097663403
0.007361942902207375
0.009602896869182587
0.006847726181149483
0.006173594854772091
0.006261799484491348
0.004618444014340639
0.006771049462258816
0.004986204672604799
0.006837023422122002
0.006912124343216419
0.008408507332205772
0.007104550022631884
0.009793308563530445
0.005659870803356171
0.006534106098115444
0.011755109764635563
0.0068673184141516685
0.00651474529877305
0.005917463451623917
0.008488072082400322
0.0055321864783763885
0.005471409764140844
0.004636217840015888
0.006997567135840654
0.005982547532767057
0.0044904896058142185
0.004754495341330767
0.00430212402716279
0.004305561538785696
0.006112503353506327
0.005147433839738369
0.006608502008020878
0.00500869145616889
0.004812725353986025
0.008135567419230938
0.006677959114313126
0.0059913210570812225
0.009046018123626709
0.005266087595373392
0.006867702584713697
0.004031910561025143
0.0072354585863649845
0.003585910191759467
0.004270151723176241
0.006803670432418585
0.006025569047778845
0.008832288905978203
0.005407404620200396
0.008474614471197128
0.01094111893326044
0.005891252774745226
0.007989679463207722
0.012464288622140884
0.008317174389958382
0.007186952978372574
0.005326724611222744
0.006503231357783079
0.005581370554864407
0.004641639068722725
0.008930599316954613
0.007889908738434315
0.008680636994540691
0.010083820670843124
0.014829573221504688
0.012173907831311226
0.012501297518610954
0.01969212479889393
0.02194436453282833
0.01186616811901331
0.015759408473968506
0.0155746815726161
0.010868092998862267
0.009580569341778755
0.012808932922780514
0.01468205638229847
0.018174996599555016
0.01596723310649395
0.011691384017467499
0.009199442341923714
0.012979375198483467
0.007879278622567654
0.011759442277252674
0.005571385845541954
0.01113157719373703
0.005925297271460295
0.007682218682020903
0.005160445347428322
0.009768513962626457
0.005041212774813175
0.006634082645177841
0.00421419320628047
0.006513758096843958
0.008579091168940067
0.004705122206360102
0.004652876406908035
0.006182970013469458
0.005251978989690542
0.006361864972859621
0.006796231027692556
0.007090192288160324
0.005481977481395006
0.005065625533461571
0.007167879957705736
0.0051005249843001366
0.006674180272966623
0.006570232100784779
0.007161818910390139
0.004352131858468056
0.0065995617769658566
0.0053789191879332066
0.007620550226420164
0.0062800683081150055
0.007550573907792568
0.008264281786978245
0.010357633233070374
0.009423479437828064
0.008031549863517284
0.00777447922155261
0.01404388528317213
0.007608962245285511
0.011331427842378616
0.010901669040322304
0.009363198652863503
0.009176673367619514
0.012274136766791344
0.010916482657194138
0.01026618480682373
0.010311808437108994
0.011873528361320496
0.015458241105079651
0.016950290650129318
0.01635926216840744
0.012016738764941692
0.011918997392058372
0.010664609260857105
0.012874825857579708
0.01208148617297411
0.00866293627768755
0.005987880751490593
0.008700606413185596
0.006821909919381142
0.005369788501411676
0.008329328149557114
0.00845847837626934
0.006117812357842922
0.005409572273492813
0.008422266691923141
0.006670068949460983
0.004868390038609505
0.004015650600194931
0.00665144482627511
0.006587992422282696
0.005393842700868845
0.004440379329025745
0.007588702719658613
0.006429171655327082
0.004852049518376589
0.004152753856033087
0.008550084196031094
0.005441818851977587
0.003949152771383524
0.0055039310827851295
0.008429964073002338
0.004801011644303799
0.005269818007946014
0.005209627095609903
0.01977071538567543
0.004606615286320448
0.004806430544704199
0.053461018949747086
0.007082069758325815
0.004846158903092146
0.0074861240573227406
0.007944748736917973
0.005100587382912636
0.005863867700099945
0.008305611088871956
0.00452427426353097
0.006308575160801411
0.00596375297755003
0.005053192377090454
0.004938498139381409
0.005340547300875187
0.006791986990720034
0.005511842668056488
0.007750350050628185
0.0053212326020002365
0.007318052463233471
0.020845167338848114
0.006947370711714029
0.005438258871436119
0.009355487301945686
0.006523163523525
0.006631752010434866
0.008975591510534286
0.009707394987344742
0.007471098564565182
0.008238781243562698
0.2108532190322876
0.011213853023946285
0.011568569578230381
0.011992244981229305
0.006751845125108957
0.008251410908997059
0.005543138831853867
0.013245312497019768
0.007411119993776083
0.004581075627356768
0.005998802371323109
0.010638329200446606
0.012189693748950958
0.00903256330639124
0.2462836354970932
0.006884987000375986
0.012374065816402435
0.3899907171726227
0.02120393142104149
0.19775782525539398
0.02331399917602539
0.019815903156995773
0.01820809580385685
0.014449325390160084
0.016802040860056877
0.011737124994397163
0.012929622083902359
0.012926203198730946
0.0131565872579813
0.019350167363882065
0.008481496013700962
0.010288494639098644
0.006748184561729431
0.012434425763785839
0.016399864107370377
0.07785709202289581
0.007286924868822098
0.01046981755644083
0.0459282286465168
0.00809873454272747
0.015723370015621185
0.012276183813810349
0.01353141013532877
0.017572898417711258
0.020496215671300888
0.017518550157546997
0.01057594083249569
0.010784613899886608
0.01571836695075035
0.011102682910859585
0.005746695678681135
0.007121327333152294
0.004631971009075642
0.005622901953756809
0.007114856969565153
0.007354655768722296
0.027803177013993263
0.6181503534317017
0.10995443910360336
0.14955997467041016
0.007828122936189175
0.007839998230338097
0.009218258783221245
0.0063626570627093315
0.007254661526530981
0.008664201945066452
0.011921063996851444
0.007444086950272322
0.009477132931351662
0.008036562241613865
0.007424466777592897
0.007511939387768507
0.005275835748761892
0.006026105955243111
0.006525129545480013
0.740527868270874
0.006204654928296804
0.004816867411136627
0.0061180852353572845
0.009104934521019459
0.008098991587758064
0.011929660104215145
0.008283575996756554
0.007230042014271021
0.008271045982837677
0.012856362387537956
0.010782614350318909
0.011514892801642418
0.02500082179903984
0.02540675550699234
0.015191545709967613
0.010181982070207596
0.015014528296887875
0.013465824536979198
0.012353879399597645
0.01178125198930502
0.016864366829395294
0.01005939394235611
0.01217433251440525
0.011101081036031246
0.004226266406476498
0.0031396406702697277
0.004566657822579145
0.003560405457392335
0.003445686073973775
0.003672453109174967
0.0038988441228866577
0.0029615783132612705
0.0036092144437134266
0.004202050156891346
0.0031337214168161154
0.0032020085491240025
0.003650575177744031
0.0032704106997698545
0.002469051629304886
0.0028648569714277983
0.0038258463609963655
0.0037475191056728363
0.0034265967551618814
0.0033405879512429237
0.0035494822077453136
0.003787200665101409
0.003702367190271616
0.0038068441208451986
0.0037541280034929514
0.0038661593571305275
0.003405604977160692
0.004963201005011797
0.0033584784250706434
0.004529992584139109
0.003557659452781081
0.0037263082340359688
0.002649113303050399
0.002764841541647911
0.003790506860241294
0.0036214133724570274
0.004031830467283726
0.0037781172432005405
0.004770004190504551
0.004370358772575855
0.0026535112410783768
0.002617275109514594
0.0034124141093343496
0.0033267224207520485
0.0024414313957095146
0.0036366775166243315
0.004433323163539171
0.0030069351196289062
0.0029954237397760153
0.016184935346245766
0.0029614006634801626
0.0023700217716395855
0.0026527466252446175
0.0023434713948518038
0.0024125848431140184
0.002966894069686532
0.0024016359820961952
0.002779391361400485
0.002716310555115342
0.0032935834024101496
0.0030956845730543137
0.004752846900373697
0.003994692582637072
0.003181520150974393
0.004022000357508659
0.004117385484278202
0.0037643550895154476
0.0033811198081821203
0.0036765295080840588
0.0038723014295101166
0.003328881459310651
0.002888877410441637
0.004481282085180283
0.00393791263923049
0.004090911243110895
0.003550237976014614
0.0044439006596803665
0.004638375248759985
0.0036530853249132633
0.00354799535125494
0.003073818748816848
0.003244963940232992
0.004119857680052519
0.004958375822752714
0.0037169079296290874
0.004571754019707441
0.004072997719049454
0.004286347422748804
0.004239172674715519
0.0037487298250198364
0.0033955874387174845
0.003111212747171521
0.002532200887799263
0.002535137813538313
0.00304386462084949
0.0030388517770916224
0.0030448457691818476
0.0032483988907188177
0.00392488855868578
0.0030730462167412043
0.003131651319563389
0.0031682702247053385
0.0037785388994961977
0.0037865617778152227
0.004035203717648983
0.004330683499574661
0.004658765625208616
0.003840325167402625
0.0032751192338764668
0.0033297324553132057
0.004404872190207243
0.003763525513932109
0.0029150776099413633
0.004079960752278566
0.004354014992713928
0.0036488771438598633
0.003166308393701911
0.004804394207894802
0.0038643141742795706
0.0036733029410243034
0.0026283343322575092
0.003396449377760291
0.00426064757630229
0.0034655306953936815
0.003199004102498293
0.003664839779958129
0.0027841241098940372
0.0031678788363933563
0.0025269014295190573
0.003980048466473818
