0.005233521107584238
0.004714819137006998
0.003927439916878939
0.003790222341194749
0.004184444900602102
0.005159358959645033
0.005081565119326115
0.005076490342617035
0.005271033383905888
0.0049184528179466724
0.00565862562507391
0.0058060758747160435
0.005737037397921085
0.005189579911530018
0.005888036452233791
0.004090075381100178
0.0065335179679095745
0.006008343771100044
0.0054385787807404995
0.004658976104110479
0.007957288064062595
0.008664345368742943
0.006731894798576832
0.006441854871809483
0.0077375913970172405
0.009661407209932804
0.007479710038751364
0.009387737140059471
0.007377179339528084
0.008340675383806229
0.017898080870509148
0.012318880297243595
0.011749095283448696
0.01237379852682352
0.0076866066083312035
0.012458818964660168
0.011732407845556736
0.010285106487572193
0.01675441674888134
0.013071116991341114
0.012326600030064583
0.008501015603542328
0.015653226524591446
0.013479875400662422
0.012042291462421417
0.01602610945701599
0.013501578010618687
0.015706626698374748
0.007138853892683983
0.0063551729544997215
0.00836013350635767
0.011227847076952457
0.008360600098967552
0.00787886418402195
0.005419191438704729
0.010673537850379944
0.007354412227869034
0.009291972033679485
0.009345871396362782
0.012258525937795639
0.0053526656702160835
0.012151245027780533
0.006742530502378941
0.011341052129864693
0.011846581473946571
0.011219247244298458
0.012487717904150486
0.03504747524857521
0.01248122751712799
0.00797890406101942
0.009339772164821625
0.011627079918980598
0.29366713762283325
0.5494641661643982
0.008872847072780132
0.011993656866252422
0.009907321073114872
0.011744954623281956
0.016651511192321777
0.04133531451225281
0.015920892357826233
0.3178253173828125
0.28112930059432983
0.58602374792099
0.516639769077301
0.00820871815085411
0.011526552028954029
0.2896753251552582
0.011886733584105968
0.0063614207319915295
0.01159399002790451
0.12417962402105331
0.007681691087782383
0.48738062381744385
0.011114626191556454
0.025725722312927246
0.008043319918215275
0.012067824602127075
0.011916532181203365
0.01202887762337923
0.010988299734890461
0.010041707195341587
0.007489058189094067
0.020141497254371643
0.14085939526557922
0.01285199448466301
0.011695324443280697
0.010335592553019524
0.011583913117647171
0.011175217106938362
0.011600456200540066
0.013751435093581676
0.01093040220439434
0.013727031648159027
0.011741501279175282
0.011501727625727654
0.009633679874241352
0.42061376571655273
0.014749892987310886
0.21268388628959656
0.01300258468836546
0.013011674396693707
0.010492214933037758
0.013433827087283134
0.03776156157255173
0.010928154923021793
0.024493739008903503
0.008307348005473614
0.008764025755226612
0.004833963233977556
0.006446508225053549
0.009479844942688942
0.007182143162935972
0.006148978136479855
0.005784700624644756
0.004782905802130699
0.1446552872657776
0.007805482484400272
0.005852151662111282
0.006381862331181765
0.007087671663612127
0.0053428709506988525
0.010647752322256565
0.00904432125389576
0.007269842084497213
0.007395225577056408
0.008222519420087337
0.008315534330904484
0.013060417957603931
0.009697992354631424
0.007842695340514183
0.006222657393664122
0.006214721594005823
0.006805655546486378
0.006581935100257397
0.007652617525309324
0.010108440183103085
0.04172858968377113
0.00931584183126688
0.0069924332201480865
0.010336549021303654
0.012405218556523323
0.009943664073944092
0.0058927335776388645
0.011023344472050667
0.014547237195074558
0.008733747527003288
0.006975600961595774
0.009249886497855186
0.0138922818005085
0.013868577778339386
0.016407733783125877
0.013911422342061996
0.01559197437018156
0.010838664136826992
0.020163988694548607
0.015338231809437275
0.013166732154786587
0.015586178749799728
0.018666138872504234
0.01841859333217144
0.01322319358587265
0.008823143318295479
0.015551041811704636
0.05448335036635399
0.015013238415122032
0.014838269911706448
0.006947218906134367
0.006330868229269981
0.009134972468018532
0.00632348470389843
0.005841996055096388
0.0042761084623634815
0.010306602343916893
0.007923546247184277
0.0053362357430160046
0.00918041542172432
0.007476828992366791
0.0051390258595347404
0.003820394864305854
0.006542245391756296
0.004795599263161421
0.0037584067322313786
0.008039595559239388
0.00637834332883358
0.006815280299633741
0.0045705982483923435
0.004189041443169117
0.004081619903445244
0.006154773756861687
0.004441823344677687
0.0059356167912483215
0.0059149982407689095
0.011579000391066074
0.01611885242164135
0.020575981587171555
0.012714803218841553
0.010237256065011024
0.0130005469545722
0.013990701176226139
0.01147371158003807
0.012861785478889942
0.009105880744755268
0.007018997333943844
0.011708106845617294
0.011105390265583992
0.007065397687256336
0.0039061829447746277
0.008682463318109512
0.0063994568772614
0.005272212903946638
0.004904311615973711
0.01202708575874567
0.010118245147168636
0.006681125145405531
0.011332251131534576
0.010612738318741322
0.011209328658878803
0.011952806264162064
0.008221831172704697
0.007750269491225481
0.009745961055159569
0.008401187136769295
0.012232705019414425
0.012982478365302086
0.011188740842044353
0.11053311079740524
0.00816880352795124
0.007580236066132784
0.0068275402300059795
0.005878707859665155
0.009794073179364204
0.004304408561438322
0.00474578095600009
0.005456249229609966
0.006725505460053682
0.00941118411719799
0.009460780769586563
0.007619321346282959
0.007651813328266144
0.00660423981025815
0.012583515606820583
0.011224877089262009
0.008029081858694553
0.015048932284116745
0.015023481100797653
0.013978629373013973
0.01224229484796524
0.013893627561628819
0.014802532270550728
0.012469913810491562
0.008838552981615067
0.007192797493189573
0.008539896458387375
0.007170898374170065
0.008417903445661068
0.007472035940736532
0.011562040075659752
0.006044370122253895
0.010957612656056881
0.010515930131077766
0.006860609631985426
0.005632334854453802
0.004989352077245712
0.006309454329311848
0.007895023562014103
0.00692678103223443
0.01245207991451025
0.008679320104420185
0.010937569662928581
0.007215476594865322
0.008984120562672615
0.01022288203239441
0.01216453593224287
0.01139452401548624
0.013784794136881828
0.012274933978915215
0.009885959327220917
0.00654292106628418
0.011363513767719269
0.009957249276340008
0.011492656543850899
0.008859707042574883
0.01136819738894701
0.006727553904056549
0.00982222892343998
0.00747298076748848
0.007602188270539045
0.009064117446541786
0.006551310420036316
0.012421778403222561
0.006423070561140776
0.01008966751396656
0.0049575152806937695
0.00836354959756136
0.0062876371666789055
0.006141266785562038
0.007823798805475235
0.008693806827068329
0.005907004699110985
0.00872099120169878
0.006389495451003313
0.009163156151771545
0.013049444183707237
0.0075664520263671875
0.009983598254621029
0.008815166540443897
0.010381806641817093
0.010344414971768856
0.00942398700863123
0.008451406843960285
0.008948436006903648
0.009771655313670635
0.010141865350306034
0.010867653414607048
0.014052220620214939
0.006028348114341497
0.01417404506355524
0.006233285181224346
0.007890244945883751
0.008836714550852776
0.01171010360121727
0.009751839563250542
0.011872857809066772
0.010350499302148819
0.012971923686563969
0.010870273225009441
0.007500692270696163
0.0051909093745052814
0.008791923522949219
0.007421147543936968
0.004529143683612347
0.007926796562969685
0.011797572486102581
0.007677956018596888
0.0041618309915065765
0.011829981580376625
0.014375490136444569
0.009058361873030663
0.003789008827880025
0.012308535166084766
0.010813306085765362
0.008960554376244545
0.008830261416733265
0.012780300341546535
0.013356832787394524
0.00510744983330369
0.010166365653276443
0.006377588026225567
0.007337271235883236
0.005481296684592962
0.007780808489769697
0.013202051632106304
0.007779947016388178
0.005797791760414839
0.009302130900323391
0.011304348707199097
0.011299669742584229
0.0065696872770786285
0.011461549438536167
0.008234601467847824
0.011017928831279278
0.007921556010842323
0.0073693301528692245
0.006880258210003376
0.014739038422703743
0.008735266514122486
0.00692698685452342
0.011817190796136856
0.008402318693697453
0.006486357655376196
0.0060108015313744545
0.006483470089733601
0.007455433253198862
0.005257746204733849
0.00622898293659091
0.006628105416893959
0.008479135110974312
0.00546030979603529
0.014276370406150818
0.0047521768137812614
0.006570701487362385
0.009394475258886814
0.004169750958681107
0.0061765797436237335
0.010793992318212986
0.00711358105763793
0.0041799964383244514
0.006507586222141981
0.005842749495059252
0.005696721840649843
0.005114665720611811
0.007572903763502836
0.005044349003583193
0.00796367134898901
0.004287949297577143
0.00631228880956769
0.005263617727905512
0.003544429549947381
0.0037434480618685484
0.0052441698499023914
0.00408117426559329
0.0037872239481657743
0.004807888064533472
0.004418835509568453
0.003913607448339462
0.003950915765017271
0.004159511532634497
0.003397685941308737
0.0059450240805745125
0.004779557231813669
0.0037206958513706923
0.0038949300069361925
0.004281762521713972
0.003886211197823286
0.0034182127565145493
0.0038429859559983015
0.004591877572238445
0.0051881722174584866
0.003973834216594696
0.0035879146307706833
0.004015232902020216
0.0039133476093411446
0.005130062345415354
0.006776776164770126
0.004899438936263323
0.0069854301400482655
0.008824219927191734
0.00554066663607955
0.005388871766626835
0.009886943735182285
0.007846680469810963
0.006096891593188047
0.008121085353195667
0.0057146246545016766
0.005703938193619251
0.005445195361971855
0.007457120344042778
0.009619141928851604
0.0072424872778356075
0.008906086906790733
0.008121419697999954
0.00608134875074029
0.010196958668529987
0.009074161760509014
0.007193290628492832
0.010310489684343338
0.008125146850943565
0.0050025214441120625
0.005191219970583916
0.006340717896819115
0.0052516949363052845
0.0035338120069354773
0.005964613053947687
0.0074247210286557674
0.0034561504144221544
0.0033393213525414467
0.008104912005364895
0.00595241179689765
0.00378577783703804
0.004828756675124168
0.006777231581509113
0.003475653240457177
0.004139338620007038
0.006428977008908987
0.004587426781654358
0.0034809790086001158
0.005540125072002411
0.0058030434884130955
0.003907318692654371
0.006026980001479387
0.004477888811379671
0.0037179377395659685
0.007797133643180132
0.006404564715921879
0.004801927600055933
0.0040142722427845
0.006317793857306242
0.005545636638998985
0.0045943125151097775
0.005104189272969961
0.0075978366658091545
0.005774979013949633
0.004476324189454317
0.005479243118315935
0.005238794256001711
0.008348984643816948
0.004158989991992712
0.00605869060382247
0.008652893826365471
0.009367905557155609
0.00980888120830059
0.006131716538220644
0.010572513565421104
0.010236198082566261
0.014293141663074493
0.008445235900580883
0.007107860874384642
0.0075124576687812805
0.005527280271053314
0.00571848452091217
0.005108777899295092
0.006385494954884052
0.005083308555185795
0.0053619504906237125
0.004868068732321262
0.007863846607506275
0.00836583599448204
0.008389639668166637
0.007806634996086359
0.009110583923757076
0.009278303943574429
0.008843980729579926
0.009210692718625069
0.008400154300034046
0.0105205737054348
0.01157084945589304
0.009686244651675224
0.015851832926273346
0.007097053341567516
0.023193012923002243
0.014216295443475246
0.011853187344968319
0.01574854739010334
0.016012977808713913
0.010720314458012581
0.015186075121164322
0.014610040001571178
0.020851584151387215
0.01246124878525734
0.011645609512925148
0.007040378637611866
0.010274812579154968
0.01205181423574686
0.011156163178384304
0.01586846634745598
0.01859588734805584
0.015559409745037556
0.01974230818450451
0.019994035363197327
0.020493406802415848
0.014735152944922447
0.01418149471282959
0.01517546083778143
0.015181519091129303
0.02095094881951809
0.01726389490067959
0.009419002570211887
0.01287426333874464
0.011904953978955746
0.008158918470144272
0.008399507030844688
0.012025885283946991
0.013677545823156834
0.010473829694092274
0.011197886429727077
0.010582690127193928
0.009247141890227795
0.009492749348282814
0.009609484113752842
0.015623204410076141
0.010966401547193527
0.015400600619614124
0.01924021542072296
0.013746857643127441
0.014229293912649155
0.007735549472272396
0.012247077189385891
0.01728789135813713
0.009757901541888714
0.017913343384861946
0.011884879320859909
0.012619635090231895
0.016765324398875237
0.018575185909867287
0.01218065433204174
0.011774757876992226
0.021668387576937675
0.01322716474533081
0.014475103467702866
0.015147116966545582
0.013072981499135494
0.011421729810535908
0.008871505968272686
0.011867677792906761
0.014746573753654957
0.02425191178917885
0.011073141358792782
0.014438768848776817
0.016421105712652206
0.019628651440143585
0.015233607031404972
0.015470648184418678
0.017932631075382233
0.015061941929161549
0.011947102844715118
0.013980627059936523
0.01734142377972603
0.010672077536582947
0.009761417284607887
0.012403207831084728
0.012024746276438236
0.010343517176806927
0.004426265601068735
0.005699431523680687
0.011586276814341545
0.009385138750076294
0.007578934542834759
0.01281423307955265
0.015065888874232769
0.00700482027605176
0.008202793076634407
0.014799159951508045
0.008434760384261608
0.007434003986418247
0.00715239904820919
0.009516083635389805
0.005205415654927492
0.003926506731659174
0.005380802322179079
0.007125715259462595
0.009865489788353443
0.007499542087316513
0.00918589998036623
0.010127821005880833
0.014182108454406261
0.016879498958587646
0.013180556707084179
0.011536971665918827
0.015606964007019997
0.019968802109360695
0.013446434400975704
0.01693239063024521
0.01152663305401802
0.01606750302016735
0.011453663930296898
0.010206255130469799
0.005627438426017761
0.008551904000341892
0.009069172665476799
0.013524385169148445
0.015377559699118137
0.015268567949533463
0.02391129545867443
0.012965831905603409
0.01357962004840374
0.014819161035120487
0.01648729480803013
0.020649442449212074
0.01898353174328804
0.010563463903963566
0.011552604846656322
0.009973268024623394
0.010284621268510818
0.006079412065446377
0.006299772299826145
0.012089411728084087
0.008852214552462101
0.007157201878726482
0.009263836778700352
0.013763741590082645
0.009290255606174469
0.014638405293226242
0.008496692404150963
0.01171861682087183
0.006435770075768232
0.012211503461003304
0.005737948231399059
0.008958213031291962
0.009380924515426159
0.006207224912941456
0.014646867290139198
0.007494986988604069
0.010250497609376907
0.016655290499329567
0.009176157414913177
0.00916941836476326
0.012404399923980236
0.016844606027007103
0.015793533995747566
0.0152890644967556
0.013404535129666328
0.010244830511510372
0.008656972087919712
0.0124900471419096
0.005808217916637659
0.009024840779602528
0.009904183447360992
0.015288152731955051
0.012795518152415752
0.018473312258720398
0.013039684854447842
0.014221315272152424
0.013592907227575779
0.015492175705730915
0.016038039699196815
0.013229617848992348
0.012713211588561535
0.014904920943081379
0.015312162227928638
0.00759882153943181
0.00686019379645586
0.008493988774716854
0.0073567042127251625
0.004844862036406994
0.004240640439093113
0.0032993536442518234
0.0031442721374332905
0.0037448243238031864
0.0034310270566493273
0.0031261174008250237
0.003475871169939637
0.0034161554649472237
0.0033528506755828857
0.0036607873626053333
0.0034760581329464912
0.002985491883009672
0.0038054699543863535
0.0033811789471656084
0.0031506677623838186
0.003832420101389289
0.00325970770791173
0.003524833358824253
0.0033304744865745306
0.003603046527132392
0.0035728374496102333
0.0032806212548166513
0.003445514477789402
0.0036226524971425533
0.004105641972273588
0.003506139852106571
0.0044114557094872
0.004572780802845955
0.004729170352220535
0.007032322697341442
0.005741439294070005
0.005433519836515188
0.007396478205919266
0.009865843690931797
0.0066002001985907555
0.009652313776314259
0.007444450631737709
0.008428553119301796
0.004877372644841671
0.005688692443072796
0.0054260604083538055
0.010136820375919342
0.010848678648471832
0.006888795644044876
0.007401837036013603
0.011450090445578098
0.0102386474609375
0.013688408769667149
0.01138768345117569
0.015271937474608421
0.01701105386018753
0.015837399289011955
0.02033371664583683
0.020863676443696022
0.01581539399921894
0.018622053787112236
0.012767923064529896
0.0071822176687419415
0.006188026163727045
0.008301304653286934
0.010105005465447903
0.012383039109408855
0.013986005447804928
0.016053825616836548
0.014514930546283722
0.018041837960481644
0.016597114503383636
0.01561049371957779
0.013202231377363205
0.01488800160586834
0.014370531775057316
0.0182918943464756
0.016057917848229408
0.01117631234228611
0.011179354041814804
0.013756546191871166
0.011795688420534134
0.00550265796482563
0.017396902665495872
0.021659191697835922
0.00950911920517683
0.008192270994186401
0.008614936843514442
0.010259771719574928
0.01655489392578602
0.013435167260468006
0.010860751383006573
0.014570016413927078
0.00980452448129654
0.007043879944831133
0.0067614223808050156
0.007185306400060654
0.01037949975579977
0.013467121869325638
0.007425549440085888
0.01971982792019844
0.01197075005620718
0.010053716599941254
0.016147198155522346
0.015629880130290985
0.014362368732690811
0.016476092860102654
0.027015559375286102
0.017328938469290733
0.02091795951128006
0.017275936901569366
0.021991368383169174
0.017306039109826088
0.01211457047611475
0.008877348154783249
0.00709192780777812
0.012586358934640884
0.015769293531775475
0.015515158884227276
0.018991686403751373
0.016248030588030815
0.019412044435739517
0.023934226483106613
0.0329907089471817
0.024272901937365532
0.018271606415510178
0.01958508789539337
0.020131558179855347
0.013359484262764454
0.014008031226694584
0.011751387268304825
0.015518509782850742
0.009388931095600128
0.005226016975939274
0.006434217561036348
0.012937377206981182
0.008370386436581612
0.008214865811169147
0.012223276309669018
0.015422656200826168
0.007838551886379719
0.01573137193918228
0.014004562050104141
0.008757996372878551
0.01058867760002613
0.00690122926607728
0.006578413303941488
0.005269543267786503
0.004219548776745796
0.003829540917649865
0.003779788501560688
0.003510714042931795
0.003810602007433772
0.0034675239585340023
0.003262559650465846
0.00345662166364491
0.003976495936512947
0.0035682430025190115
0.003583662211894989
0.003655585227534175
0.005492013413459063
