0.004560187924653292
0.0039497120305895805
0.003539343597367406
0.003719479776918888
0.004223168827593327
0.003834441304206848
0.004980407189577818
0.004854274448007345
0.007453270722180605
0.004387068096548319
0.004502370022237301
0.0066861179657280445
0.006191323511302471
0.0071434276178479195
0.007437895983457565
0.0063111670315265656
0.005221700761467218
0.003296423004940152
0.0045366655103862286
0.004145900718867779
0.005513588897883892
0.003224473213776946
0.005781397223472595
0.0067120445892214775
0.004320682026445866
0.006086590699851513
0.00694727199152112
0.004930879455059767
0.004946982953697443
0.005065876059234142
0.009215441532433033
0.005236739758402109
0.006256271153688431
0.005320980679243803
0.00720964465290308
0.005384774412959814
0.005725857801735401
0.006613250356167555
0.005916215479373932
0.00577807379886508
0.00951151829212904
0.005559518001973629
0.012266751378774643
0.008490540087223053
0.00848492980003357
0.006688772700726986
0.005008168984204531
0.010412500239908695
0.0064585525542497635
0.007054700516164303
0.009939364157617092
0.010192165151238441
0.010211699642241001
0.007809161674231291
0.006422757636755705
0.005386385601013899
0.017725428566336632
0.007425068411976099
0.006651155184954405
0.009433891624212265
0.006317039951682091
0.014401674270629883
0.006374361924827099
0.0060481238178908825
0.0064131333492696285
0.008082715794444084
0.005696306470781565
0.005564378574490547
0.006010224111378193
0.0053202686831355095
0.005059587769210339
0.007953066378831863
0.00658599566668272
0.00626780791208148
0.026072155684232712
0.004719506483525038
0.007293778471648693
0.04033122584223747
0.005534537136554718
0.00819754134863615
0.0055427527986466885
0.0076292031444609165
0.006454878486692905
0.0051854257471859455
0.005362624302506447
0.004347107373178005
0.005259295459836721
0.0070471023209393024
0.006554514169692993
0.0066196308471262455
0.0123817203566432
0.028603792190551758
0.008964942768216133
0.009498759172856808
0.009383087046444416
0.007512180600315332
0.007697853725403547
0.012850989587605
0.008370108902454376
0.008948000147938728
0.03189639747142792
0.0072615062817931175
0.009294618852436543
0.014837118797004223
0.009211624041199684
0.006064672023057938
0.006813704967498779
0.006159127689898014
0.007150056306272745
0.005508897826075554
0.005317657720297575
0.005723404698073864
0.005810531321913004
0.005589994136244059
0.005980616435408592
0.004355873446911573
0.004515186417847872
0.005915043409913778
0.004224236123263836
0.005520225968211889
0.004666134715080261
0.00453175837174058
0.004861282184720039
0.004368560388684273
0.008188867010176182
0.005320672877132893
0.007314661052078009
0.0051600197330117226
0.004789629019796848
0.005840976722538471
0.00524621456861496
0.0060561466962099075
0.004390676971524954
0.004814778920263052
0.004261994734406471
0.0040692733600735664
0.003364755306392908
0.0035566333681344986
0.0033748766873031855
0.0035719771403819323
0.0025581049267202616
0.0036828280426561832
0.002936501055955887
0.0033116936683654785
0.0027731682639569044
0.0030207671225070953
0.0034666438587009907
0.0039064036682248116
0.003436642000451684
0.004495034925639629
0.0037114578299224377
0.0036314032040536404
0.0026983709540218115
0.003563900711014867
0.009258721955120564
0.0038715305272489786
0.0026606761384755373
0.0040803756564855576
0.003961761947721243
0.0028484314680099487
0.002766674617305398
0.003978710155934095
0.0037393600214272738
0.0035823986399918795
0.0029072684701532125
0.004673166666179895
0.003710939083248377
0.004920479375869036
0.004508692305535078
0.004220955539494753
0.008708090521395206
0.006386199966073036
0.004178373143076897
0.005761038511991501
0.004234720952808857
0.004727550316601992
0.004237971734255552
0.0055687762796878815
0.004228739533573389
0.0036551998928189278
0.0037400368601083755
0.004811672028154135
0.004965924192219973
0.004860959015786648
0.003879091003909707
0.0035426232498139143
0.00468831742182374
0.005282621365040541
0.0028740977868437767
0.003751854645088315
0.004685678984969854
0.004556269384920597
0.0027685328386723995
0.0041672117076814175
0.004268969874829054
0.002857120940461755
0.0029653245583176613
0.004691282287240028
0.003502389881759882
0.005045789759606123
0.00432376004755497
0.003607315244153142
0.004522936884313822
0.003119314555078745
0.004434611182659864
0.004970428999513388
0.0041209496557712555
0.004411573056131601
0.006486013997346163
0.0044496189802885056
0.0045524886809289455
0.00618392787873745
0.0037344247102737427
0.005256808828562498
0.005164511036127806
0.004562294576317072
0.004393422976136208
0.0031835047993808985
0.006329006515443325
0.004710687790066004
0.007363919168710709
0.004508795216679573
0.010151304304599762
0.005218625068664551
0.007822111248970032
0.006187844555824995
0.006465021520853043
0.005807464011013508
0.005759402643889189
0.00937100313603878
0.004317655228078365
0.014311338774859905
0.008136318065226078
0.007569929584860802
0.010538036935031414
0.019244682043790817
0.007882481440901756
0.006092576775699854
0.010462429374456406
0.006346512585878372
0.013519060797989368
0.007512415759265423
0.01546822115778923
0.2396213859319687
0.04011687636375427
0.012340877205133438
0.006327776703983545
0.0069221570156514645
0.006335573736578226
0.007624358870089054
0.008178641088306904
0.009374823421239853
0.007300288882106543
0.005834949668496847
0.010797751136124134
0.006416975520551205
0.0054175290279090405
0.006555020343512297
0.007531203795224428
0.009927589446306229
0.004560878500342369
0.004952779971063137
0.0055700489319860935
0.008474241942167282
0.009558784775435925
0.006408486049622297
0.006037052255123854
0.005023046396672726
0.004813225474208593
0.009837944991886616
0.006241129711270332
0.00800859834998846
0.006257943343371153
0.004534443840384483
0.004389265552163124
0.00720873661339283
0.004357404075562954
0.003281073644757271
0.00445707980543375
0.014103405177593231
0.006051232106983662
0.003960104659199715
0.00487639382481575
0.005276558455079794
0.005700647830963135
0.005464177578687668
0.005515571217983961
0.004594410769641399
0.008088797330856323
0.005782943218946457
0.008916366845369339
0.004966115113347769
0.006312808487564325
0.015109767206013203
0.0051309484988451
0.005191029980778694
0.006748069077730179
0.008319227956235409
0.005872683599591255
0.010964497923851013
0.010088191367685795
0.005767198279500008
0.00519767077639699
0.006323915906250477
0.005798891186714172
0.0060807145200669765
0.006280818488448858
0.005273751448839903
0.005588764790445566
0.00616346625611186
0.006700856611132622
0.0072981221601367
0.00660778908059001
0.006926455069333315
0.010148674249649048
0.007689262740314007
0.008722645230591297
0.006026797462254763
0.008059070445597172
0.005270862951874733
0.0068093594163656235
0.008565220050513744
0.00853873323649168
0.007829786278307438
0.01287391223013401
0.011296224780380726
0.005494780372828245
0.011258379556238651
0.008090120740234852
0.011331059038639069
0.008210590109229088
0.010902353562414646
0.010108507238328457
0.008302717469632626
0.00979422964155674
0.010675929486751556
0.010122138075530529
0.008939867839217186
0.013314757496118546
0.014859508723020554
0.016672981902956963
0.01285367552191019
0.011522457003593445
0.007997492328286171
0.011280721984803677
0.012201497331261635
0.011832322925329208
0.00953875295817852
0.0057032108306884766
0.007976002991199493
0.005285809747874737
0.006809059530496597
0.0071346573531627655
0.010185754857957363
0.011327923275530338
0.01239421684294939
0.006712222006171942
0.015111292712390423
0.007947759702801704
0.005831909831613302
0.00996350310742855
0.011630816385149956
0.005758512299507856
0.00890562403947115
0.011461311019957066
0.0060174548998475075
0.006816086824983358
0.007082391995936632
0.006416631862521172
0.004400520585477352
0.004640387836843729
0.0052091209217906
0.004380156751722097
0.004797445144504309
0.004501032643020153
0.0029729062225669622
0.0040025413036346436
0.005040420684963465
0.004227614961564541
0.007597016636282206
0.005363699980080128
0.0069800675846636295
0.0046448297798633575
0.004063079133629799
0.005475066602230072
0.0073303841054439545
0.0049318852834403515
0.004146314691752195
0.005094541702419519
0.005260450299829245
0.003639357164502144
0.003512738272547722
0.004249509423971176
0.004007960669696331
0.0033752326853573322
0.005575249437242746
0.00739222252741456
0.006655280012637377
0.003919497597962618
0.006581881549209356
0.004526461008936167
0.005147968418896198
0.005240195896476507
0.006327686831355095
0.006358372047543526
0.004077163990586996
0.004885704722255468
0.012179076671600342
0.011696172878146172
0.008783848956227303
0.007456618826836348
0.008566195145249367
0.022808173671364784
0.023333396762609482
0.022980136796832085
0.019044337794184685
0.020268632099032402
0.011415631510317326
0.014551256783306599
0.014718376100063324
0.02132919616997242
0.014472165144979954
0.00779354153200984
0.01884092576801777
0.015501209534704685
0.0094829760491848
0.006699073128402233
0.011646471917629242
0.007948150858283043
0.007939834147691727
0.023685600608587265
0.003924795426428318
0.0059676445089280605
0.006995311006903648
0.01228398084640503
0.00479984562844038
0.009860171936452389
0.006209175568073988
0.017697803676128387
0.01275688223540783
0.009333963505923748
0.009458055719733238
0.012765039689838886
0.011743725277483463
0.01273679081350565
0.009938004426658154
0.01598290726542473
0.02327706851065159
0.014431647025048733
0.01874030940234661
0.019419271498918533
0.018323400989174843
0.016984639689326286
0.019835658371448517
0.015833616256713867
0.015488450415432453
0.009015851654112339
0.011887198314070702
0.00998410303145647
0.012832879088819027
0.007150387857109308
0.008972334675490856
0.006042224820703268
0.004962283186614513
0.012852024286985397
0.008910481818020344
0.006820284761488438
0.009173865430057049
0.010135146789252758
0.007544323801994324
0.005858674645423889
0.007685057818889618
0.009036093950271606
0.007972735911607742
0.009084123186767101
0.007243008352816105
0.005865683313459158
0.008999188430607319
0.007085597142577171
0.006711106281727552
0.008277620188891888
0.009027421474456787
0.007059399038553238
0.007193556055426598
0.00963989645242691
0.007368929218500853
0.008510622195899487
0.00537009397521615
0.006264747120440006
0.006785643752664328
0.008423485793173313
0.00854593887925148
0.010187270119786263
0.007932761684060097
0.006715287454426289
0.008876681327819824
0.006531726103276014
0.010302906855940819
0.006266988813877106
0.007270197384059429
0.005705566145479679
0.004707322455942631
0.005768772680312395
0.004019277635961771
0.0035580620169639587
0.004097035154700279
0.003729442832991481
0.0031399941071867943
0.004142563324421644
0.0037209978327155113
0.0026667288038879633
0.004208579659461975
0.003595632966607809
0.004634785931557417
0.003193118842318654
0.003590813372284174
0.004745373036712408
0.0031865828204900026
0.0036064786836504936
0.0037234239280223846
0.0033078291453421116
0.0076203118078410625
0.004856891930103302
0.003962048329412937
0.0035879318602383137
0.005357252899557352
0.005243473220616579
0.003135371021926403
0.0033590688835829496
0.003614797256886959
0.0038644352462142706
0.0048699816688895226
0.003870229236781597
0.0054739248007535934
0.004716689698398113
0.006880981381982565
0.004526151809841394
0.0050937156192958355
0.004069801419973373
0.0050347112119197845
0.004212374333292246
0.004655392840504646
0.004194066859781742
0.005545392166823149
0.002715322421863675
0.0031858240254223347
0.0034040145110338926
0.0031667647417634726
0.004552451893687248
0.005294634960591793
0.0044903215020895
0.005241968668997288
0.0038654080126434565
0.007900814525783062
0.007149954792112112
0.005801377352327108
0.008913046680390835
0.007474306970834732
0.005333618726581335
0.004356220830231905
0.004739541560411453
0.007242048624902964
0.005014840979129076
0.005256083328276873
0.004539151210337877
0.0062864492647349834
0.005082727409899235
0.004601584747433662
0.006151039153337479
0.006095972843468189
0.004818534012883902
0.004598713014274836
0.005473431199789047
0.005135463085025549
0.0034806709736585617
0.004039047751575708
0.0041423034854233265
0.004173849709331989
0.004800902213901281
0.0043850005604326725
0.004529418423771858
0.004839559085667133
0.005088696256279945
0.003728309413418174
0.00465359864756465
0.0056782132014632225
0.0055391136556863785
0.006023479159921408
0.006887999828904867
0.0049707917496562
0.005616293288767338
0.005655589513480663
0.007692713290452957
0.003771774470806122
0.005000775214284658
0.005040294490754604
0.005112953018397093
0.004103976767510176
0.006183588411659002
0.005165691953152418
0.0050982264801859856
0.004532786551862955
0.006445274688303471
0.007564666215330362
0.006677326280623674
0.004976066295057535
0.005723800975829363
0.007832208648324013
0.007487566210329533
0.003743582870811224
0.004857189022004604
0.005584012251347303
0.0049505289644002914
0.0038228181656450033
0.004640242084860802
0.010854554362595081
0.007755961734801531
0.004419895354658365
0.011308570392429829
0.005717169493436813
0.003970922902226448
0.006909424439072609
0.010266437195241451
0.009129510261118412
0.007134393788874149
0.009124413132667542
0.012577330693602562
0.005046443548053503
0.010483569465577602
0.006872468627989292
0.0099328076466918
0.005831086542457342
0.005651246756315231
0.008153872564435005
0.005487231072038412
0.0052679236978292465
0.006096389144659042
0.007456205785274506
0.0032511840108782053
0.004818907007575035
0.006380755454301834
0.0031132898293435574
0.003638371592387557
0.004440328571945429
0.007459782063961029
0.0039014846552163363
0.004878627136349678
0.007811892777681351
0.004711121786385775
0.003276283387094736
0.004258487373590469
0.005513989366590977
0.004967833403497934
0.002697336720302701
0.005706870462745428
0.0049105058424174786
0.003754159901291132
0.0056651439517736435
0.007930277846753597
0.005614469293504953
0.0056030103005468845
0.0065750544890761375
0.0073018684051930904
0.006537694483995438
0.007688586134463549
0.0048735784366726875
0.004485973156988621
0.004652035888284445
0.011166642419993877
0.0061083571054041386
0.0037487654481083155
0.005797076970338821
0.006153549067676067
0.005875122267752886
0.003952162340283394
0.006902729626744986
0.009570661932229996
0.004822237882763147
0.003851651679724455
0.007874359376728535
0.006753216963261366
0.003393413033336401
0.004453632049262524
0.004950857721269131
0.006608802825212479
0.0037219314835965633
0.0068054492585361
0.006368375848978758
0.005102514289319515
0.0035172258503735065
0.0051217940635979176
0.005680102854967117
0.004658956080675125
0.004852044861763716
0.005193485878407955
0.007518557831645012
0.007974633015692234
0.006959869991987944
0.020463984459638596
0.005863622762262821
0.00756360637024045
0.008894541300833225
0.005524436943233013
0.012346912175416946
0.013100354932248592
0.015065868385136127
0.012395266443490982
0.012881901115179062
0.008951307274401188
0.006500792223960161
0.008616313338279724
0.011024820618331432
0.005763764958828688
0.024112794548273087
0.011868354864418507
0.007812206633388996
0.010511097498238087
0.012420269660651684
0.009727474302053452
0.022052884101867676
0.010579279623925686
0.007671085186302662
0.008832715451717377
0.011929569765925407
0.007249663583934307
0.010405967012047768
0.007935008965432644
0.009310289286077023
0.0063078273087739944
0.007247401867061853
0.007632943335920572
0.006142384372651577
0.006421348545700312
0.010461724363267422
0.006333253346383572
0.007792199961841106
0.010072137229144573
0.010944339446723461
0.006067086476832628
0.010680059902369976
0.0072079929523169994
0.010588197968900204
0.007344400975853205
0.0074583906680345535
0.0207343939691782
0.007256674580276012
0.008626877330243587
0.009311337023973465
0.006961049512028694
0.006880749482661486
0.012997359037399292
0.012310447171330452
0.018229281529784203
0.012360875494778156
0.019261308014392853
0.01353403925895691
0.01373111829161644
0.013814106583595276
0.008433990180492401
0.012123994529247284
0.012045717798173428
0.012516611255705357
0.013660150580108166
0.007222181186079979
0.01065581850707531
0.01179895643144846
0.015017597936093807
0.006448970176279545
0.01274830847978592
0.009481673128902912
0.010455470532178879
0.008025404997169971
0.011499777436256409
0.01092276070266962
0.010949419811367989
0.012846230529248714
0.007536894176155329
0.00951768271625042
0.009407291188836098
0.00989962462335825
0.008620004169642925
0.006044390145689249
0.0059689003974199295
0.005571180023252964
0.006214860361069441
0.008002649061381817
0.005106233526021242
0.005670943297445774
0.006149240303784609
0.0275568887591362
0.00814774725586176
0.008990342728793621
0.004229207523167133
0.004182740580290556
0.00684566143900156
0.0045642307959496975
0.005552425514906645
0.0051497952081263065
0.00524746160954237
0.008666013367474079
0.005089005455374718
0.0050790030509233475
0.007027749437838793
0.005249926820397377
0.0037314665969461203
0.0047570327296853065
0.005278949160128832
0.006562402937561274
0.006558092311024666
0.004366893321275711
0.005171674769371748
0.00546933664008975
0.00408324645832181
0.010130785405635834
0.005112375598400831
0.005465146619826555
0.009340050630271435
0.01182161271572113
0.00737798260524869
0.008931372314691544
0.008200368843972683
0.005477627273648977
0.0061589693650603294
0.006337123457342386
0.0061426409520208836
0.010865085758268833
0.006707918830215931
0.003933734726160765
0.010569361969828606
0.006987990811467171
0.004284068942070007
0.007367185782641172
0.005461244843900204
0.009030642919242382
0.0041215308010578156
0.005747714079916477
0.010270021855831146
0.006678098347038031
0.006947080604732037
0.0050630210898816586
0.0069830757565796375
0.004300880711525679
0.003333254950121045
0.006533405743539333
0.007262667175382376
0.0029310111422091722
0.004982175305485725
0.0048179784789681435
0.005039655603468418
0.0032182522118091583
0.007450949866324663
0.005058742593973875
0.006921504158526659
0.0027513091918081045
0.004110216163098812
0.005605229176580906
0.0060379221104085445
0.006174937821924686
0.010499374940991402
0.008482014760375023
0.008316832594573498
0.0059477356262505054
0.0072031281888484955
0.012084253132343292
0.0047178566455841064
0.00802596751600504
0.005437603686004877
0.005821418948471546
0.00919890683144331
0.007020632270723581
0.010336852632462978
0.0067087579518556595
0.007983412593603134
0.010151098482310772
0.008187789469957352
0.008136379532516003
0.006943417247384787
0.008965183980762959
0.005982377100735903
0.007853848859667778
0.007978511974215508
0.007318283896893263
0.004678144585341215
0.0061323028057813644
0.007052884437143803
0.005436288192868233
0.006174598820507526
0.008099899627268314
0.007397066801786423
0.010782328434288502
0.007869615219533443
0.009070337750017643
0.006815111730247736
0.005922416690737009
0.012811367399990559
0.01281252596527338
0.01283168327063322
0.011824971996247768
0.025401832535862923
0.012323006056249142
0.013340778648853302
0.014237991534173489
0.012721642851829529
0.013091358356177807
0.012461630627512932
0.007573986425995827
0.009122334420681
0.008271155878901482
0.01085459440946579
0.010147510096430779
0.007800573017448187
0.010907023213803768
0.010062343440949917
0.013928073458373547
0.00846814177930355
0.0072519248351454735
0.00879158265888691
0.008563353680074215
0.007240594830363989
0.00665507884696126
0.005457055754959583
0.008335123769938946
0.00803198292851448
0.009471718221902847
0.005836974363774061
0.00895667728036642
0.008326008915901184
0.0057688551023602486
0.006187082268297672
0.006513239350169897
0.01684974692761898
0.006598286796361208
0.006944660097360611
0.008870592340826988
0.007341193500906229
0.006247301120311022
0.007989800535142422
0.005181233864277601
0.008073793724179268
0.008347575552761555
0.011670751497149467
0.009367400780320168
0.008416327647864819
0.01010601595044136
0.006690220441669226
0.00845497939735651
0.006509004160761833
0.011248214170336723
0.006210824009031057
0.0068978117778897285
0.005703397560864687
0.004182946868240833
0.005815481301397085
0.0049956077709794044
0.005614778492599726
0.00505569064989686
0.0037877243012189865
0.005430403631180525
0.006157288793474436
0.009471140801906586
0.0051283445209264755
0.005844654981046915
0.00647142855450511
0.006017204374074936
0.007499059662222862
0.005064061377197504
0.0043287756852805614
0.007946263067424297
0.00466671958565712
0.004781861789524555
0.008132170885801315
0.00551614398136735
0.00873982161283493
0.006911983713507652
0.006889148149639368
0.00758938817307353
0.007531652692705393
0.0076471841894090176
0.008952504955232143
0.0066868336871266365
0.005368668120354414
0.006438898853957653
0.008725305087864399
0.004642096813768148
0.006738756783306599
0.006773821078240871
0.00643503200262785
0.0049813599325716496
0.0077398247085511684
0.004652808420360088
0.008601418696343899
0.01239935401827097
0.008259101770818233
0.008720234036445618
0.006262903567403555
0.010680715553462505
0.006738762836903334
0.0076103839091956615
0.007493521552532911
0.005645844619721174
0.008126742206513882
0.006252892781049013
0.0076956977136433125
0.005434991791844368
0.004834651481360197
0.006789797451347113
0.005888516549021006
0.006489597726613283
0.007972358725965023
0.00964580662548542
0.005388923455029726
0.004502472933381796
0.010095503181219101
0.0071964929811656475
0.0063467081636190414
0.0034055986907333136
0.007476386614143848
0.003968068864196539
0.004691676236689091
0.0028140144422650337
0.014991705305874348
0.005877258721739054
0.005892470479011536
0.004932432901114225
0.007159906439483166
0.0063275182619690895
0.004729659296572208
0.038472190499305725
0.0076910350471735
0.008175186812877655
0.007028412073850632
0.005137914326041937
0.006224554032087326
0.007994080893695354
0.0055492171086370945
0.006496721878647804
0.00831350963562727
0.00437171570956707
0.005508181639015675
0.0068143634125590324
0.004863801412284374
0.010001816786825657
0.016814088448882103
0.009122774004936218
0.014011122286319733
0.00833218451589346
0.005732113495469093
0.0066865901462733746
0.006895013619214296
0.005464141257107258
0.0054733119904994965
0.004527776036411524
0.004916343372315168
0.004697239492088556
0.0060188500210642815
0.004044207278639078
0.004988433793187141
0.00376083399169147
0.004419081378728151
0.004242429509758949
0.004210662562400103
0.005054589826613665
0.0038513035979121923
0.0038080832455307245
0.004536613821983337
0.004566666204482317
0.003973307553678751
0.0040432545356452465
0.004516395274549723
0.004427698906511068
0.003650102997198701
0.0034315537195652723
0.004240348935127258
0.005275082308799028
0.003082849318161607
0.0038487748242914677
0.003827093169093132
0.0035621176939457655
0.0036007240414619446
0.0029619557317346334
0.004421456716954708
0.003738081082701683
0.0036754170432686806
0.004031328950077295
0.004575866274535656
0.004262140486389399
0.004595677834004164
0.0038226053584367037
0.004304294008761644
0.005073480773717165
0.005293507128953934
0.005308542866259813
0.0064939092844724655
0.005594035144895315
0.00580653315410018
0.0056550526060163975
0.007026698440313339
0.006024695001542568
0.0058253309689462185
0.0059552621096372604
0.006000949535518885
0.004999902099370956
0.006048643030226231
0.006301357410848141
0.004982837475836277
0.010212360881268978
0.009218973107635975
0.007656525354832411
0.008288885466754436
0.005771062336862087
0.008417370729148388
0.008606999181210995
0.00682509271427989
0.0062254625372588634
0.0055686975829303265
0.008429908193647861
0.004800636321306229
0.006243643816560507
0.010021685622632504
0.006953379604965448
0.007214253768324852
0.004424908198416233
0.004887849558144808
0.0054680039174854755
0.00484210392460227
0.003955024294555187
0.005391131620854139
0.004396193660795689
0.004997805692255497
0.004672033712267876
0.005961260758340359
0.004859164822846651
0.004919493570923805
0.004461152479052544
0.008137626573443413
0.00557987205684185
0.0043810633942484856
0.005308537743985653
0.006167445797473192
0.004566558171063662
0.005020135547965765
0.005454277154058218
0.006505961529910564
0.006771498825401068
0.007069388870149851
0.006494420114904642
0.0063945222645998
0.004785457625985146
0.003605869133025408
0.0041185589507222176
0.00445567537099123
0.004547339864075184
0.003817185526713729
0.0038856465835124254
0.0036250771954655647
0.0035482952371239662
0.002926973858848214
0.0029874341562390327
0.002922949381172657
0.002438408089801669
0.003939748276025057
