0.006102633196860552
0.015142707154154778
0.012742715887725353
0.004082140978425741
0.004454304464161396
0.004745697136968374
0.0037919150199741125
0.6728745102882385
0.009122295305132866
0.004190531559288502
0.011372281238436699
0.005264022387564182
0.006182539276778698
0.006344300229102373
0.006611094810068607
0.0070471689105033875
0.006693120114505291
0.005276781506836414
0.007349867839366198
0.006581289228051901
0.004684776067733765
0.004465186502784491
0.007062868680804968
0.0053854589350521564
0.006242081988602877
0.004966385662555695
0.005012276582419872
0.0068388432264328
0.007680833805352449
0.009241447784006596
0.007575133349746466
0.011044902727007866
0.008120444603264332
0.012465757317841053
0.00916250329464674
0.005243348423391581
0.005542773753404617
0.006562346126884222
0.010516515001654625
0.011334942653775215
0.006489459425210953
0.014316909946501255
0.012437927536666393
0.014058741740882397
0.012671712785959244
0.07725057750940323
0.019048428162932396
0.017718680202960968
0.00987109076231718
0.01634198985993862
0.01929725892841816
0.030916357412934303
0.022140026092529297
0.023446908220648766
0.016756460070610046
0.010167397558689117
0.013441165909171104
0.01741594634950161
0.020936807617545128
0.01362339872866869
0.011425085365772247
0.02177310921251774
0.015276987105607986
0.014895234256982803
0.0049611241556704044
0.013794384896755219
0.013550084084272385
0.010950018651783466
0.011598286218941212
0.009571641683578491
0.01235178578644991
0.009816110134124756
0.013988642953336239
0.011544984765350819
0.017480559647083282
0.007640977390110493
0.014756291173398495
0.017855577170848846
0.012702342122793198
0.01390781905502081
0.013182577677071095
0.012163006700575352
0.02399507351219654
0.022025899961590767
0.02363548055291176
0.013026080094277859
0.03517650440335274
0.01296397764235735
0.013740872964262962
0.011587712913751602
0.018644684925675392
0.0105310482904315
0.020111193880438805
0.01092594861984253
0.011633251793682575
0.013422747142612934
0.010748823173344135
0.01046726293861866
0.005917589645832777
0.004144373349845409
0.0036459609400480986
0.0069982693530619144
0.007607078645378351
0.004378204699605703
0.006360658444464207
0.014592009596526623
0.006855295971035957
0.004558367654681206
0.010645969770848751
0.009472474455833435
0.01901707611978054
0.0069736517034471035
0.00727039622142911
0.012131056748330593
0.013366122730076313
0.009871775284409523
0.008070934563875198
0.013970455154776573
0.00710784737020731
0.008833901025354862
0.016789717599749565
0.013053706847131252
0.012381003238260746
0.013635835610330105
0.008245430886745453
0.008221232332289219
0.007882376201450825
0.008294452913105488
0.004943484906107187
0.011178040876984596
0.008067316375672817
0.008883995935320854
0.008549348451197147
0.007932153530418873
0.009006385691463947
0.0099977757781744
0.004954048898071051
0.011355122551321983
0.00812734104692936
0.013341519981622696
0.006446773651987314
0.007021516561508179
0.005758217535912991
0.011975775472819805
0.010807687416672707
0.009337729774415493
0.005581164266914129
0.009425492025911808
0.008047262206673622
0.004039013758301735
0.004003980662673712
0.007773673161864281
0.006374412681907415
0.004044577945023775
0.0061912233941257
0.008007909171283245
0.004459026735275984
0.00356720550917089
0.009959149174392223
0.01207758393138647
0.006532406434416771
0.012676791287958622
0.008175333961844444
0.008737439289689064
0.008736984804272652
0.005934558808803558
0.006762303411960602
0.004237756598740816
0.004339675884693861
0.004667229019105434
0.0068899416364729404
0.007170707453042269
0.00987626425921917
0.007266106549650431
0.011246979236602783
0.004898320883512497
0.0071557145565748215
0.006272318307310343
0.009818130172789097
0.003461893182247877
0.009526965208351612
0.00697939982637763
0.007716985885053873
0.005029547028243542
0.009187671355903149
0.0065930308774113655
0.017990421503782272
0.0072237947024405
0.017297348007559776
0.009399411268532276
0.010328035801649094
0.022320691496133804
0.019544022157788277
0.030622774735093117
0.020712973549962044
0.026824967935681343
0.01438081543892622
0.010190313681960106
0.014170393347740173
0.012952134013175964
0.011015928350389004
0.00828240904957056
0.011460090056061745
0.006139473989605904
0.007640112657099962
0.007566212676465511
0.008407672867178917
0.010829481296241283
0.011520849540829659
0.012440352700650692
0.013556363992393017
0.027803895995020866
0.015611527487635612
0.0219099223613739
0.01393477339297533
0.021115245297551155
0.015340933576226234
0.01641319878399372
0.014070544391870499
0.015551049262285233
0.014715001918375492
0.008065271191298962
0.0058155357837677
0.010928851552307606
0.008304150775074959
0.014375428669154644
0.013915294781327248
0.011407412588596344
0.011716606095433235
0.011771517805755138
0.007637836039066315
0.0073583307676017284
0.006370304152369499
0.008586590178310871
0.0077662779949605465
0.008579411543905735
0.005102267023175955
0.012910114601254463
0.005265320651233196
0.013664230704307556
0.01022445596754551
0.012662595137953758
0.009516892023384571
0.00924332533031702
0.012084037065505981
0.011662041768431664
0.007241095881909132
0.010343410074710846
0.012852441519498825
0.01960676908493042
0.0118130873888731
0.011964818462729454
0.01637551374733448
0.014929880388081074
0.012178187258541584
0.011841614730656147
0.008517739363014698
0.006793576292693615
