0.0047594038769602776
0.004698151256889105
0.003685292089357972
0.006798497401177883
0.007552525959908962
0.006197085604071617
0.007223487365990877
0.0074884770438075066
0.013784851878881454
0.0365353524684906
0.025252342224121094
0.01830628514289856
0.02728470228612423
0.03187892585992813
0.01574772782623768
0.019052190706133842
0.03522324562072754
0.02031070925295353
0.019541852176189423
0.02556922473013401
0.006494463421404362
0.015029889531433582
0.006547559052705765
0.005722444038838148
0.005461703520268202
0.00661823246628046
0.0053617823868989944
0.005514501594007015
0.0029606122989207506
0.0040880911983549595
0.005858263466507196
0.02749595046043396
0.00490717263892293
0.005623352248221636
0.006968376692384481
0.011286615394055843
0.006948311347514391
0.01821324974298477
0.024633312597870827
0.007734334096312523
0.007310472894459963
0.01687687076628208
0.012554066255688667
0.019153889268636703
0.010244201868772507
0.0053032804280519485
0.007623616605997086
0.009138641878962517
0.004750893916934729
0.0035352897830307484
0.006623442284762859
0.004906362388283014
0.007053745910525322
0.006903308443725109
0.009098878130316734
0.010285364463925362
0.012317104265093803
0.008037082850933075
0.013419747352600098
0.01767837442457676
0.016830800101161003
0.019469141960144043
0.015266532078385353
0.026713112369179726
0.026061175391077995
0.01766153797507286
0.01055134553462267
0.009354524314403534
0.008517968468368053
0.008163245394825935
0.016407495364546776
0.0056876540184021
0.014425192028284073
0.01545845065265894
0.010540667921304703
0.007771199103444815
0.010368118062615395
0.009310324676334858
0.006861161906272173
0.008378210477530956
0.014396239072084427
0.005868903826922178
0.0057849944569170475
0.007145928218960762
0.010821801610291004
0.006297464948147535
0.005935073830187321
0.005606882274150848
0.004822832532227039
0.007002087775617838
0.003256743773818016
0.006147503852844238
0.0057037896476686
0.012455206364393234
0.009773856960237026
0.00856513436883688
0.007512095384299755
0.014164653606712818
0.019424578174948692
0.03458602353930473
0.020495306700468063
0.022615857422351837
0.019485853612422943
0.03264402970671654
0.01929178088903427
0.015496088191866875
0.014628138393163681
0.8438679575920105
0.04704498499631882
0.008610091172158718
0.012359291315078735
0.01170842070132494
0.008246589452028275
0.007659696042537689
0.011350123211741447
0.0064293150790035725
0.009294548071920872
0.010867135599255562
0.011540642939507961
0.008282945491373539
0.02329212985932827
0.0209975428879261
0.018278442323207855
0.03668690472841263
0.03778522461652756
0.019006244838237762
0.028390251100063324
0.023791853338479996
0.022963671013712883
0.017024150118231773
0.02651459351181984
0.02179626375436783
0.010244617238640785
0.008062631823122501
0.01308391708880663
0.009292090311646461
0.008933001197874546
0.010890446603298187
0.01466000359505415
0.010056421160697937
0.010261524468660355
0.007554999087005854
0.01919349655508995
0.012998729944229126
0.021460920572280884
0.01728328876197338
0.008518114686012268
0.008484304882586002
0.015938714146614075
0.006824103184044361
0.00400911457836628
0.008216824382543564
0.005615998059511185
0.004997089505195618
0.0046854703687131405
0.004247612785547972
0.007039892021566629
0.013186189346015453
0.00874403677880764
0.01221014466136694
0.01062807533890009
0.016339529305696487
0.026031460613012314
0.016546588391065598
0.013512913137674332
0.01870046742260456
0.007809738628566265
0.00853290967643261
0.007900426164269447
0.009137000888586044
0.004538664128631353
0.013883219100534916
0.006221056915819645
0.005598508752882481
0.003416941035538912
0.004727824125438929
0.0143581572920084
0.006969327572733164
0.0029378386680036783
0.005682079587131739
0.018480030819773674
0.004382425919175148
0.009043658152222633
0.004265628755092621
0.0062673864886164665
0.00344119337387383
0.006519450340420008
0.008512518368661404
0.010305581614375114
0.006053116638213396
0.011651264503598213
0.008982031606137753
0.010917249135673046
0.022811925038695335
0.02327457256615162
0.020192831754684448
0.028351066634058952
0.016050459817051888
0.026741765439510345
0.009930603206157684
0.013296051882207394
0.008732025511562824
0.014945415779948235
0.005319739226251841
0.010459995828568935
0.008213074877858162
0.011678074486553669
0.004021977540105581
0.00998237356543541
0.008098451420664787
0.003699827939271927
0.003632364561781287
0.004103487823158503
0.0061063761822879314
0.003167832037433982
0.003509281435981393
0.008293998427689075
0.01125374622642994
0.006624561734497547
0.006586550734937191
0.013800139538943768
0.010519909672439098
0.022574052214622498
0.017688337713479996
0.010220976546406746
0.008884760551154613
0.010379367507994175
0.0071127149276435375
0.009098143316805363
0.003966405056416988
0.004624368157237768
0.006353315431624651
0.005503383465111256
0.004128890577703714
0.006101083476096392
0.003663819981738925
0.009266822598874569
0.011998545378446579
0.011247403919696808
0.015358035452663898
0.008765468373894691
0.011681909672915936
0.013992306776344776
0.011549262329936028
0.009498095139861107
0.006006214302033186
0.009425945580005646
0.009844997897744179
0.01096260640770197
0.010445806197822094
0.005322262644767761
0.006623093504458666
0.013942855410277843
0.010123548097908497
0.010427388362586498
0.010622546076774597
0.005902551580220461
0.010047715157270432
0.007279846351593733
0.025683781132102013
0.028125667944550514
0.07271090149879456
0.01814582385122776
0.025722943246364594
0.07501434534788132
0.01982162334024906
0.012230169959366322
0.017280058935284615
0.012683751992881298
0.007911385037004948
0.013845523819327354
0.015968013554811478
0.010737208649516106
0.006735600531101227
0.013008815236389637
0.01114965882152319
0.06038333848118782
0.006079682614654303
0.013734321109950542
0.008316108956933022
0.016775986179709435
0.0165390782058239
0.015871185809373856
0.008652779273688793
0.0077227819710969925
0.017468294128775597
0.027559783309698105
0.030916186049580574
0.019091183319687843
0.017618101090192795
0.02251105196774006
0.01104477234184742
0.013201672583818436
0.025084959343075752
0.013345223851501942
0.00574755622074008
0.013677616603672504
0.012547029182314873
0.00864855945110321
0.0041906568221747875
0.009606589563190937
0.01272517628967762
0.014839336276054382
0.01440322957932949
0.007649869192391634
0.010621468536555767
0.006848080549389124
0.007819339632987976
0.011290106922388077
0.00525510823354125
0.005042320117354393
0.007611533161252737
0.008054147474467754
0.00664643757045269
0.004060974810272455
0.007500642444938421
0.0050944066606462
0.004529183730483055
0.0023806863464415073
0.0063867112621665
0.005253969691693783
0.0037896621506661177
0.0035636043176054955
0.005757941864430904
0.005982371512800455
0.0059831710532307625
0.004893595352768898
0.008174958638846874
0.0031889022793620825
0.003312160028144717
0.00656757690012455
0.006155302282422781
0.003167654387652874
0.00862131267786026
0.009547398425638676
0.005479809828102589
0.004070350434631109
0.010957086458802223
0.006019297521561384
0.007100824266672134
0.004935532342642546
0.00783564429730177
0.012391951866447926
0.008337930776178837
0.0033928535412997007
0.0064529674127697945
0.005713248625397682
0.0047974432818591595
0.0029967057052999735
0.0054426006972789764
0.00408620061352849
0.004202944226562977
0.002774093998596072
0.005475960206240416
0.0047967941500246525
0.002876114100217819
0.0031214903574436903
0.003002438461408019
0.0038597541861236095
