0.00540058221668005
0.004607518203556538
0.005002929829061031
0.0036777504719793797
0.003709011012688279
0.0036486138124018908
0.004024144262075424
0.0053516533225774765
0.0035698155406862497
0.0035867111291736364
0.003268212080001831
0.0038812747225165367
0.004210998769849539
0.003517451696097851
0.003993256948888302
0.006245311815291643
0.003893231740221381
0.003502205014228821
0.003822645405307412
0.003988288808614016
0.0038484602700918913
0.0035299386363476515
0.004072973970323801
0.0038952422328293324
0.003673119703307748
0.00423601595684886
0.0036138819996267557
0.003977291285991669
0.004513943567872047
0.0036591177340596914
0.004059281665831804
0.005584260914474726
0.0034513710997998714
0.005830757319927216
0.004757055081427097
0.004293406847864389
0.0036117262206971645
0.004424198530614376
0.008768964558839798
0.004486788529902697
0.0039040406700223684
0.0045206486247479916
0.005801157094538212
0.011893350630998611
0.010420703329145908
0.007964730262756348
0.007719683926552534
0.012163533829152584
0.0076936958357691765
0.006115360651165247
0.02310585416853428
0.013991385698318481
0.0187078807502985
0.02084297314286232
0.02454734966158867
0.01383578684180975
0.010129387490451336
0.012090813368558884
0.013405272737145424
0.012411143630743027
0.011897227726876736
0.015843592584133148
0.014715404249727726
0.015625156462192535
0.022562695667147636
0.01835821196436882
0.0157026257365942
0.023090790957212448
0.030677957460284233
0.025319106876850128
0.018836384639143944
0.014286567457020283
0.01203829888254404
0.007892895489931107
0.014138230122625828
0.010618853382766247
0.007019601762294769
0.008396433666348457
0.008432977832853794
0.009372438304126263
0.00415025046095252
0.006571766454726458
0.005403126589953899
0.02192750759422779
0.006671348121017218
0.010266533121466637
0.008703876286745071
0.008335541933774948
0.010015822015702724
0.016041379421949387
0.017218198627233505
0.013970397412776947
0.015538345091044903
0.008760671131312847
0.005851186811923981
0.005225266329944134
0.013307716697454453
0.007269735913723707
0.006916560232639313
0.00938795879483223
0.011416600085794926
0.006814105436205864
0.009832900948822498
0.010363930836319923
0.005080229602754116
0.0075255995616316795
0.011335370130836964
0.010094936937093735
0.011323144659399986
0.011818048544228077
0.012585826218128204
0.009335092268884182
0.008112593553960323
0.01502453163266182
0.011883765459060669
0.007617853581905365
0.011299883015453815
0.005923761520534754
0.006615741178393364
0.009151647798717022
0.006249125115573406
0.010850694961845875
0.005231513176113367
0.00607436615973711
0.01000488642603159
0.010184559039771557
0.0044622221030294895
0.010694989003241062
0.010791711509227753
0.006405708845704794
0.007199218962341547
0.008944310247898102
0.010520941577851772
0.004479970317333937
0.008691033348441124
0.00825574342161417
0.007935561239719391
0.006652232725173235
0.007228355389088392
0.009311934933066368
0.004867479205131531
0.0036301075015217066
0.006652566138654947
0.004275203216820955
0.005229404661804438
0.01330458652228117
0.005198390688747168
0.01277131401002407
0.007251680828630924
0.00930983666330576
0.011899583041667938
0.01655690371990204
0.01790020242333412
0.1297832578420639
0.03183436021208763
0.025087468326091766
0.012324498035013676
0.025614935904741287
0.01705164648592472
0.010177897289395332
0.009860674850642681
0.012820984236896038
0.010814887471497059
0.0078654233366251
0.009838993661105633
0.01148832868784666
0.004622983280569315
0.006482911761850119
0.012422860600054264
0.0063712154515087605
0.012221606448292732
0.009466422721743584
0.010552579537034035
0.009277593344449997
0.018229350447654724
0.014648793265223503
0.023719774559140205
0.023722248151898384
0.032975658774375916
0.019834371283650398
0.025490200147032738
0.0152892442420125
0.01721695438027382
0.016691315919160843
0.017307231202721596
0.009290650486946106
0.013322100043296814
0.012587450444698334
0.008510795421898365
0.005577126517891884
0.00675096595659852
0.007435717154294252
0.007603577338159084
0.008874776773154736
0.015088634565472603
0.013604355044662952
0.004655631259083748
0.008071010932326317
0.024416981264948845
0.009958123788237572
0.0047795274294912815
0.013869189657270908
0.015137706883251667
0.0063196029514074326
0.0076224831864237785
0.007665925659239292
0.010361505672335625
0.006984802428632975
0.008430402725934982
0.013040370307862759
0.012531613931059837
0.010987699031829834
0.010265525430440903
0.01319259312003851
0.018605314195156097
0.02936352975666523
0.02886221744120121
0.008402426727116108
0.014191845431923866
0.022074328735470772
0.012757733464241028
0.004721899516880512
0.00964592956006527
0.010331915691494942
0.009110119193792343
0.005497611127793789
0.01007307879626751
0.014219517819583416
0.0054321931675076485
0.011129100807011127
0.00606123823672533
0.006437239237129688
0.005415578838437796
0.009409348480403423
0.008032940328121185
0.011196671985089779
0.01088003907352686
0.009358638897538185
0.012362889014184475
0.02287052944302559
0.013411251828074455
0.02003537490963936
0.010842652060091496
0.014121969230473042
0.00577019015327096
0.01293683610856533
0.01436562929302454
0.009748975746333599
0.009779986925423145
0.013218472711741924
0.005010201130062342
0.009579217061400414
0.005691171623766422
0.004883741494268179
0.011135142296552658
0.025799941271543503
0.00480704614892602
0.017560800537467003
0.010244415141642094
0.006579774431884289
0.010270952247083187
0.006536799017339945
0.006811227183789015
0.004947861656546593
0.007710565812885761
0.007787445094436407
0.008967489004135132
0.007415681146085262
0.011761181987822056
0.011889791116118431
0.0108106080442667
0.0183310117572546
0.02176693268120289
0.021474212408065796
0.027422888204455376
0.01190503966063261
0.028211291879415512
0.014655733481049538
0.01899506337940693
0.01691158302128315
0.00999822374433279
0.01602902077138424
0.009115144610404968
0.006765183061361313
0.007167340721935034
0.01145761739462614
0.0098261758685112
0.008590271696448326
0.005349612794816494
0.009396810084581375
0.007235188037157059
0.004721614997833967
0.010614425875246525
0.00843840278685093
0.010451223701238632
0.009850284084677696
0.010245583951473236
0.013147001154720783
0.05142468586564064
0.016880899667739868
0.011895972304046154
0.012833519838750362
0.007464196998625994
0.007175516337156296
0.007426823023706675
0.0067173489369452
0.006645071320235729
0.008566170930862427
0.009656905196607113
0.003781555686146021
0.00521949864923954
0.009753922000527382
0.005086676217615604
0.004179732408374548
0.052860043942928314
0.010800521820783615
0.004855976905673742
0.004942645318806171
0.01391234528273344
0.005431006196886301
0.009598149918019772
0.00656125508248806
0.004612745717167854
0.009217849001288414
0.010736200027167797
0.01693107932806015
0.011211548000574112
0.009346670471131802
0.010225478559732437
0.0142059950158
0.015137864276766777
0.007479052059352398
0.01345872413367033
0.005995957180857658
0.006520488299429417
0.013793936930596828
0.013024486601352692
0.00841390062123537
0.008367849513888359
0.01177899818867445
0.018511852249503136
0.013817308470606804
0.015102658420801163
0.009414812549948692
0.008553843945264816
0.010974342934787273
0.011022606864571571
0.014706555753946304
0.019649848341941833
0.018328454345464706
0.01439228281378746
0.019582467153668404
0.02892301417887211
0.03725222125649452
0.7016392350196838
0.02213708870112896
0.018980424851179123
0.014254959300160408
0.022609645500779152
0.01042207982391119
0.012522471137344837
0.011281699873507023
0.02444525621831417
0.013207213953137398
0.016507331281900406
0.010123424232006073
0.018034694716334343
0.013730950653553009
0.014365251176059246
0.007959629409015179
0.01548707764595747
0.019711880013346672
0.009018732234835625
0.02320331707596779
0.014262820594012737
0.015384319238364697
0.012246915139257908
0.009786463342607021
0.012653296813368797
0.018171172589063644
0.009832237847149372
0.01174131315201521
0.00976148247718811
0.0070371003821492195
0.0075478521175682545
0.013704950921237469
0.01213529147207737
0.01013193279504776
0.010921384207904339
0.010566819459199905
0.005712825804948807
0.01107258815318346
0.013982955366373062
0.00544153805822134
0.010452713817358017
0.004740072414278984
0.006509019527584314
0.010933850891888142
0.010052748955786228
0.004534323234111071
0.008630899712443352
0.006457200273871422
0.0050306618213653564
0.010111636482179165
0.007818477228283882
0.007250342518091202
0.0043969410471618176
0.0054952469654381275
0.007589238230139017
0.003568043000996113
0.006249741185456514
0.003425157628953457
0.005906248465180397
0.04010630026459694
0.004186891485005617
0.0063927751034498215
0.010569795966148376
0.009483697824180126
0.005157973617315292
0.008833378553390503
0.013296602293848991
0.011091996915638447
0.004757516086101532
0.01343980710953474
0.014069109223783016
0.006246502045542002
0.007670580875128508
0.013168449513614178
0.01114496961236
0.01444261148571968
0.004667344037443399
0.006256339605897665
0.015300347469747066
0.010585340671241283
0.005330584477633238
0.013463625684380531
0.01015531551092863
0.0073884520679712296
0.004913060460239649
0.010944381356239319
0.011189758777618408
0.00459018861874938
0.006587000098079443
0.020501628518104553
0.007209525443613529
0.004083605017513037
0.00468640448525548
0.005520404316484928
0.004080988001078367
0.003956844564527273
0.0043844133615493774
0.004337737336754799
0.004052632488310337
0.004483371507376432
0.004302638582885265
0.0038160053081810474
0.004686050582677126
0.0033322873059660196
0.00432841619476676
0.0036441204138100147
0.0036462468560785055
0.003404008224606514
0.004211262334138155
0.0037962007336318493
0.0038452607113868
0.004014397505670786
0.003736447775736451
0.0035997098311781883
0.003302957396954298
0.0037763051223009825
0.003978583961725235
0.003971588797867298
0.003941438160836697
0.0033986642956733704
0.004039531573653221
0.003643185365945101
0.004564113914966583
0.0046522365882992744
0.0042140306904911995
0.007057490758597851
