0.010312543250620365
0.008246660232543945
0.007564128842204809
0.007774067111313343
0.00717581482604146
0.006885893177241087
0.00833996944129467
0.0076690674759447575
0.0076904925517737865
0.008188234642148018
0.007309898268431425
0.010467520914971828
0.007843504659831524
0.007133785635232925
0.007997575215995312
0.009419318288564682
0.010428174398839474
0.008918022736907005
0.01081011351197958
0.015463175252079964
0.011772138997912407
0.01823011040687561
0.019080761820077896
0.01656416431069374
0.014796586707234383
0.01107668224722147
0.018035445362329483
0.022407785058021545
0.018708182498812675
0.01580820232629776
0.016844818368554115
0.01818775199353695
0.012769223190844059
0.02355588972568512
0.019783033058047295
0.014484105631709099
0.020581046119332314
0.02559766359627247
0.022215586155653
0.025204995647072792
0.02293979562819004
0.0303491298109293
0.03570140525698662
0.02787545695900917
0.02355998009443283
0.033056505024433136
0.029565434902906418
0.027564678341150284
0.026597516611218452
0.01682440936565399
0.006262143608182669
0.02698230929672718
0.02949710562825203
0.03155027702450752
0.01413122657686472
0.02711554244160652
0.04682818055152893
0.014855043031275272
0.029321126639842987
0.06765178591012955
0.03768988698720932
0.026254653930664062
0.036233093589544296
0.03356052562594414
0.030094509944319725
0.02003193460404873
0.02799847349524498
0.02751315012574196
0.04171482473611832
0.04341910034418106
0.039469100534915924
0.031497374176979065
0.04277607426047325
0.021337907761335373
0.03455987572669983
0.03087109513580799
0.0425046943128109
0.03441718593239784
0.02137434296309948
0.02922871708869934
0.0498647540807724
0.02622782625257969
0.0422360822558403
0.06438884884119034
0.04859515652060509
0.07055824995040894
0.03639662638306618
0.05787508189678192
0.029453640803694725
0.04835599288344383
0.016887476667761803
0.03230958431959152
0.034885719418525696
0.029718775302171707
0.026434162631630898
0.018585333600640297
0.020584896206855774
0.01235534530133009
0.012289904989302158
0.007963561452925205
0.012022491544485092
0.009509771130979061
0.01760631985962391
0.009018775075674057
0.009921770542860031
0.008744094520807266
0.01106614712625742
0.010796074755489826
0.01513929944485426
0.02089609019458294
0.01124428492039442
0.015081237070262432
0.011995216831564903
0.02665478177368641
0.011946196667850018
0.02058764360845089
0.014831127598881721
0.010204218327999115
0.01828697882592678
0.0076951077207922935
0.013592305593192577
0.0058454531244933605
0.010434504598379135
0.009025728330016136
0.016822990030050278
0.009164308197796345
0.020756131038069725
0.012497435323894024
0.010812882333993912
0.0155026875436306
0.016025086864829063
0.013394348323345184
0.007608933374285698
0.024760469794273376
0.025839611887931824
0.028507892042398453
0.02000175416469574
0.036132268607616425
0.020839722827076912
0.039322808384895325
0.0603998526930809
0.03805418312549591
0.017468826845288277
0.026059536263346672
0.029128506779670715
0.014842542819678783
0.016303686425089836
0.024975785985589027
0.00774327153339982
0.013602608814835548
0.010585750453174114
0.011734387837350368
0.008960279636085033
0.015681127086281776
0.015059013850986958
0.018210960552096367
0.01975823938846588
0.03347737342119217
0.014599677175283432
0.03800301253795624
0.01585107296705246
0.0362841971218586
0.014019055292010307
0.026261189952492714
0.03973221033811569
0.0329589918255806
0.0361674427986145
0.03721563518047333
0.04056783765554428
0.03164823725819588
0.0323709174990654
0.03717932477593422
0.029420476406812668
0.042416416108608246
0.043158721178770065
0.046974800527095795
0.036485400050878525
0.023982787504792213
0.028029557317495346
0.03328176587820053
0.053495313972234726
0.06730135530233383
0.06636607646942139
0.052331794053316116
0.029243970289826393
0.03885987401008606
0.02869483269751072
0.02747929096221924
0.041358716785907745
0.04757477715611458
0.022080956026911736
0.0224441085010767
0.02835957519710064
0.03702520579099655
0.03161323443055153
0.029794342815876007
0.023771584033966064
0.01413051038980484
0.03206722438335419
0.022700628265738487
0.03253401070833206
0.0259542353451252
0.02426034025847912
0.024766020476818085
0.04277793690562248
0.02537420764565468
0.03123381920158863
0.02743680030107498
0.029169175773859024
0.04208426922559738
0.04461374506354332
0.03972211480140686
0.042424172163009644
0.04022962972521782
0.028889596462249756
0.02135452814400196
0.028672294691205025
0.022686367854475975
0.02597588114440441
0.021256079897284508
0.023124558851122856
0.013771608471870422
0.025447461754083633
0.02059340663254261
0.007072961889207363
0.02066900208592415
0.015009037218987942
0.01920127496123314
0.030695544555783272
0.02034350112080574
0.023912303149700165
0.018732912838459015
0.030290042981505394
0.02680950053036213
0.03871525079011917
0.02757050283253193
0.02458988130092621
0.03982243314385414
0.025561513379216194
0.019430769607424736
0.030786724761128426
0.031688980758190155
0.020367102697491646
0.015193929895758629
0.026826275512576103
0.017794344574213028
0.016043255105614662
0.012746814638376236
0.017169883474707603
0.011418677866458893
0.027948012575507164
0.016244105994701385
0.012276079505681992
0.012101924978196621
0.033006563782691956
0.02315893955528736
0.035466693341732025
0.022802922874689102
0.040076903998851776
0.028710832819342613
0.03312421962618828
0.02177237905561924
0.016909386962652206
0.01606096141040325
0.018645422533154488
0.01866002567112446
0.022839397192001343
0.01829272136092186
0.02319801039993763
0.02907133847475052
0.018982388079166412
0.026519441977143288
0.047780610620975494
0.03098631091415882
0.02458558790385723
0.029257874935865402
0.041589658707380295
0.04043147712945938
0.03104284033179283
0.039507266134023666
0.05924133583903313
0.027374254539608955
0.027700692415237427
0.033151376992464066
0.02717769704759121
0.022568082436919212
0.024304168298840523
0.01654139906167984
0.021475575864315033
0.013128132559359074
0.014611810445785522
0.013252558186650276
0.03383181244134903
0.024046748876571655
0.04903721436858177
0.030059924349188805
0.053199928253889084
0.04438040032982826
0.03291459381580353
0.06538525223731995
0.05158425122499466
0.03912922739982605
0.036047954112291336
0.039931848645210266
0.05389184132218361
0.04290952906012535
0.03394042328000069
0.04495777189731598
0.026887578889727592
0.022732583805918694
0.05281948298215866
0.027229327708482742
0.02659650146961212
0.02921786904335022
0.027697179466485977
0.029436767101287842
0.029227452352643013
0.012279166840016842
0.013414294458925724
0.017169110476970673
0.012882797978818417
0.015739982947707176
0.019030850380659103
0.014766852371394634
0.021191487088799477
0.014309858903288841
0.022068969905376434
0.02223334088921547
0.013806955888867378
0.33671897649765015
0.03366515412926674
0.022679729387164116
0.02343941479921341
0.019855907186865807
0.019857177510857582
0.014192566275596619
0.23158395290374756
0.020293770357966423
0.023196501657366753
0.02060811221599579
0.015337432734668255
0.02081521600484848
0.02351740375161171
0.03469613939523697
0.040901068598032
0.025752488523721695
0.025463666766881943
0.012663250789046288
0.019184106960892677
0.01900344341993332
0.16923202574253082
0.015768952667713165
0.033150460571050644
0.021204814314842224
0.016080278903245926
0.021302584558725357
0.04096882417798042
0.03523349016904831
0.03282703086733818
0.04161076620221138
0.03906332328915596
0.04094184562563896
0.05889582633972168
0.03847445547580719
0.059774212539196014
0.03208627924323082
0.7093116044998169
0.028137333691120148
0.18736940622329712
0.019078392535448074
0.014104412868618965
0.010119229555130005
0.023762589320540428
0.0072007249109447
0.01742515154182911
0.013580521568655968
0.015980305150151253
0.005505312234163284
0.021346915513277054
0.024661550298333168
0.016891157254576683
0.017533978447318077
0.014826221391558647
0.02431453950703144
0.013727218843996525
0.024308273568749428
0.02347048930823803
0.029912712052464485
0.026654338464140892
0.018511369824409485
0.023025579750537872
0.026146817952394485
0.02106432430446148
0.03780118003487587
0.03833850473165512
0.02260177582502365
0.03274807333946228
0.02437564916908741
0.02553294599056244
0.021725954487919807
0.02086317539215088
0.03056090697646141
0.013151227496564388
0.013621790334582329
0.00887158140540123
0.010186548344790936
0.027818063274025917
0.02503981813788414
0.015001981519162655
0.019285496324300766
0.016204673796892166
0.03353866562247276
0.03788331151008606
0.045967284590005875
0.03596759960055351
0.05170834809541702
0.031948160380125046
0.028657976537942886
0.0513034388422966
0.031051183119416237
0.028394566848874092
0.043047867715358734
0.028543950989842415
0.02819886989891529
0.03399801254272461
0.014555748552083969
0.024981724098324776
0.019967107102274895
0.03035368025302887
0.024684380739927292
0.020336907356977463
0.025896519422531128
0.02496868558228016
0.02142917923629284
0.01543539110571146
0.03626296669244766
0.0218124371021986
0.025016779080033302
0.01722998172044754
0.016964375972747803
0.02619246393442154
0.02341935969889164
0.0187834519892931
0.019329190254211426
0.024433961138129234
0.020135406404733658
0.02365693263709545
0.017801271751523018
0.015837406739592552
0.008574419654905796
0.010632222518324852
0.012708037160336971
0.013767600059509277
0.012271431274712086
0.01601642742753029
0.008780569769442081
0.01491303090006113
0.018202172592282295
0.014051176607608795
0.009596290998160839
0.011578596197068691
0.007808485999703407
0.013273712247610092
0.018108028918504715
0.01007116213440895
0.0146928820759058
0.018950030207633972
0.01789839379489422
0.008339200168848038
0.02104753442108631
0.018343675881624222
0.014508855529129505
0.019923148676753044
0.025949930772185326
0.02810387685894966
0.022736385464668274
0.01086124312132597
0.018856484442949295
0.02001621387898922
0.022072967141866684
0.019449861720204353
0.02049955725669861
0.01882174052298069
0.02654566802084446
0.014621507376432419
0.01761522889137268
0.010626646690070629
0.009254795499145985
0.021584229543805122
0.014042920432984829
0.022358698770403862
0.021702202036976814
0.025468947365880013
0.020450077950954437
0.02384791150689125
0.01881377212703228
0.02668827399611473
0.02375522442162037
0.015301065519452095
0.018164249137043953
0.01018244307488203
0.012132976204156876
0.01907862350344658
0.25549206137657166
0.017951015383005142
0.009288566187024117
0.010366817004978657
0.010721417143940926
0.008129751309752464
0.007925312034785748
0.01781511679291725
0.019826320931315422
0.018404141068458557
0.014617620036005974
0.022449025884270668
0.01689312979578972
0.016260413452982903
0.014716606587171555
0.017034798860549927
0.014499708078801632
0.01778218150138855
0.01673143357038498
0.012627237476408482
0.014757129363715649
0.011044933460652828
0.01213102787733078
0.01615678332746029
0.01788291707634926
0.015605314634740353
0.016470137983560562
0.016550499945878983
0.015183702111244202
0.01937706209719181
0.013087908737361431
0.019220823422074318
0.01048176921904087
0.01740097813308239
0.009743453934788704
0.015727901831269264
0.022081008180975914
0.023356610909104347
0.02470313012599945
0.025852182880043983
0.026940301060676575
0.5141141414642334
0.026588957756757736
0.028194211423397064
0.015758587047457695
0.016119126230478287
0.01793026365339756
0.01883363164961338
0.010131540708243847
0.010908262804150581
0.018160749226808548
0.008321025408804417
0.00986724067479372
0.011959835886955261
0.009677022695541382
0.011849664151668549
0.012846085242927074
0.013795973733067513
0.010832480154931545
0.01145191490650177
0.008226292207837105
0.013442842289805412
0.012191404588520527
0.00694081699475646
0.006965803448110819
0.006748037412762642
0.004241899121552706
0.0033664589282125235
0.0037929038517177105
0.003390411613509059
0.0040133800357580185
0.003946692682802677
0.004718593321740627
0.005992860533297062
0.005385818891227245
0.0043405271135270596
0.009343430399894714
0.004305609967559576
0.004049296490848064
0.004189427010715008
0.004072272218763828
0.005671828053891659
0.01082872599363327
0.0055449712090194225
0.006346113048493862
