0.004418736789375544
0.007866086438298225
0.003374528605490923
0.005777040962129831
0.004338005091995001
0.005843560677021742
0.0035625952295958996
0.008164515718817711
0.006191828288137913
0.0053302631713449955
0.006891102995723486
0.00821041502058506
0.005051418207585812
0.011806292459368706
0.011636519804596901
0.004970921669155359
0.012697504833340645
0.0055257417261600494
0.00929324422031641
0.009206629358232021
0.010930145159363747
0.012193368747830391
0.012327632866799831
0.008462950587272644
0.008744115009903908
0.007151952479034662
0.010636632330715656
0.0090101920068264
0.010233859531581402
0.0067285094410181046
0.008406654931604862
0.008131362497806549
0.010774245485663414
0.007182993460446596
0.010840075090527534
0.010104103945195675
0.007770933676511049
0.006182003300637007
0.013158222660422325
0.013133971951901913
0.008241303265094757
0.007125107571482658
0.018829399719834328
0.0139953987672925
0.011172914877533913
0.008423975668847561
0.015558663755655289
0.014600253663957119
0.013870091177523136
0.0105572659522295
0.013807800598442554
0.006966420449316502
0.008250248618423939
0.018763696774840355
0.0062075452879071236
0.0071603236719965935
0.007461915258318186
0.007753155659884214
0.00643188925459981
0.007996841333806515
0.006586526054888964
0.00986587256193161
0.004593998659402132
0.04125095531344414
0.008252968080341816
0.009397085756063461
0.00819744449108839
0.007710495963692665
0.008483574725687504
0.0071357013657689095
0.014609318226575851
0.01298206951469183
0.015385771170258522
0.015674902126193047
0.016183340921998024
0.008599547669291496
0.012105921283364296
0.010185327380895615
0.006525932811200619
0.0060143135488033295
0.014956159517168999
0.003657861379906535
0.00612017884850502
0.008192620240151882
0.0039002206176519394
0.007712799124419689
0.010849160142242908
0.013223531655967236
0.01133172120898962
0.00824245996773243
0.009972820989787579
0.00766583438962698
0.008872403763234615
0.013119220733642578
0.011416245251893997
0.01887800358235836
0.01744277961552143
0.021315932273864746
0.01741158775985241
0.01681973971426487
0.013184725306928158
0.013006795197725296
0.008036809042096138
0.006539491005241871
0.005897405091673136
0.009137986227869987
0.010753367096185684
0.009298818185925484
0.0116957426071167
0.015436765737831593
0.015445493161678314
0.01363781001418829
0.02059713751077652
0.4627905488014221
0.015597653575241566
0.01975959539413452
0.017561664804816246
0.018702587112784386
0.018948527052998543
0.013240390457212925
0.011231542564928532
0.019040880724787712
0.01962563768029213
0.010495536960661411
0.08245666325092316
0.007532291114330292
0.008136614225804806
0.008721082471311092
0.0075837657786905766
0.009486304596066475
0.011531833559274673
0.03296956419944763
0.007595963776111603
0.5935438275337219
0.00756948534399271
0.006593852769583464
0.008205066435039043
0.008252538740634918
0.007060558535158634
0.009258223697543144
0.012908061034977436
0.007694088388234377
0.008479571901261806
0.006129313725978136
0.00781749002635479
0.013655145652592182
0.008369080722332
0.013169297017157078
0.008092347532510757
0.008382954634726048
0.00634396355599165
0.006978956982493401
0.005170938093215227
0.0067641837522387505
0.006121467333287001
0.005861708428710699
0.004176203161478043
0.006457083858549595
0.0034389521460980177
0.005382330622524023
0.0058248285204172134
0.004208028316497803
0.00560449855402112
0.010622040368616581
0.011855259537696838
0.012605046853423119
0.00820323545485735
0.00637394841760397
0.007846001535654068
0.008599808439612389
0.008302866481244564
0.011917559430003166
0.010349034331738949
0.005871102213859558
0.00522273126989603
0.017513494938611984
0.008245100267231464
0.00479777529835701
0.006103058345615864
0.006942224223166704
0.004529990255832672
0.00700739398598671
0.00568808289244771
0.007390984334051609
0.004499436821788549
0.006151286419481039
0.004833796061575413
0.006065982393920422
0.004811163526028395
0.011941839940845966
0.005807254463434219
0.007168881595134735
0.007609210442751646
0.006502886768430471
0.010978334583342075
0.010370241478085518
0.007692308630794287
0.012954803183674812
0.00717133516445756
0.007961106486618519
0.009171879850327969
0.007398005574941635
0.007702076807618141
0.008222352713346481
0.006207181140780449
0.006790474988520145
0.009882599115371704
0.005770849529653788
0.005390889011323452
0.004734087735414505
0.004217453766614199
0.005904045887291431
0.005488969851285219
0.005702854134142399
0.0052291518077254295
0.011089293286204338
0.005499253515154123
0.008939998224377632
0.003936751279979944
0.0057849641889333725
0.01110636442899704
0.004726174753159285
0.004695734940469265
0.006144757382571697
0.00609580846503377
0.004438235890120268
0.004436308518052101
0.00550201628357172
0.006121582817286253
0.00800134427845478
0.003903851378709078
0.004390260204672813
0.004449101630598307
0.005541291553527117
0.00470387190580368
0.0060926456935703754
0.004991833586245775
0.0052198804914951324
0.0043683405965566635
0.006878263782709837
0.005282340571284294
0.004246117081493139
0.007783504202961922
0.004516457207500935
0.007687931414693594
0.0040535773150622845
0.004020438529551029
0.007011311128735542
0.0044999620877206326
0.00857798382639885
0.0071693528443574905
0.007123155519366264
0.007985115982592106
0.00620606355369091
0.009896264411509037
0.005164300091564655
0.010434131138026714
0.010071205906569958
0.011520642787218094
0.006430280860513449
0.0071238125674426556
0.007242563180625439
0.0062552751041948795
0.009388868696987629
0.007948966696858406
0.01092548668384552
0.009436155669391155
0.01513295341283083
0.009467021562159061
0.011235191486775875
0.0169953852891922
0.02814551442861557
0.013048769906163216
0.016027914360165596
0.015188870951533318
0.013110111467540264
0.009121576324105263
0.018051877617836
0.015847889706492424
0.017213309183716774
0.015507886186242104
0.011461214162409306
0.009000004269182682
0.015075921081006527
0.008424210362136364
0.007931769825518131
0.006083098705857992
0.012287857010960579
0.0061693694442510605
0.00917884148657322
0.004558025859296322
0.009311058558523655
0.004523041658103466
0.005915550980716944
0.003853140864521265
0.0066406880505383015
0.0045542954467237
0.0034126280806958675
0.003479826031252742
0.005356696434319019
0.00563501100987196
0.00364507595077157
0.004139578435570002
0.003378870664164424
0.004007810261100531
0.004919673781841993
0.004937645513564348
0.0046643102541565895
0.006589194294065237
0.0076472098007798195
0.004797201603651047
0.007984575815498829
0.005062795709818602
0.008530397899448872
0.008755463175475597
0.01255183294415474
0.006554362364113331
0.010005339980125427
0.012046262621879578
0.007277421187609434
0.006786903366446495
0.013816886581480503
0.008409787900745869
0.011749804019927979
0.010399889200925827
0.01072132121771574
0.009115863591432571
0.012824581936001778
0.00994083471596241
0.010397887788712978
0.007883178070187569
0.010816958732903004
0.0168654415756464
0.017110327258706093
0.015812618657946587
0.013589013367891312
0.011652423068881035
0.013289596885442734
0.015319021418690681
0.011840181425213814
0.008618504740297794
0.005572749301791191
0.00935367587953806
0.007826797664165497
0.005159759894013405
0.006831637583673
0.008378693833947182
0.006081359926611185
0.004059782717376947
0.006480390205979347
0.005956510081887245
0.006176305003464222
0.004126640502363443
0.007461706176400185
0.004591419827193022
0.004775981418788433
0.004441323224455118
0.006762438453733921
0.005003741476684809
0.004503364209085703
0.004897553939372301
0.18044859170913696
0.005535750184208155
0.004274148028343916
0.00581728108227253
0.008439252153038979
0.004274417646229267
0.005031943786889315
0.003931370098143816
0.006983247585594654
0.003957167733460665
0.006787903606891632
0.2406017780303955
0.005549693014472723
0.005507912952452898
0.01147796306759119
0.009285175241529942
0.022799767553806305
0.008553476072847843
0.011569071561098099
0.00654189195483923
0.0070105805061757565
0.009527703747153282
0.00610330980271101
0.18468911945819855
0.008520289324223995
0.008991919457912445
0.024701755493879318
0.01414795033633709
0.008918444626033306
0.02578773908317089
0.005526680499315262
0.0063989958725869656
0.10141643136739731
0.32432982325553894
0.006014487240463495
0.012046433053910732
0.0396156944334507
0.00761270709335804
0.006416239310055971
0.0081234872341156
0.012071474455296993
0.008221959695219994
0.00847949180752039
0.2994127869606018
0.019862951710820198
0.011817023158073425
0.01386820524930954
0.009270894341170788
0.009719719178974628
0.0053596775978803635
0.3850770890712738
0.008829008787870407
0.0056997425854206085
0.005659307353198528
0.01207953505218029
0.013234442099928856
0.009381846524775028
0.45340779423713684
0.006402113009244204
0.01450518798083067
0.456382691860199
0.039552632719278336
0.23453658819198608
0.02477148547768593
0.021154526621103287
0.017756571993231773
0.016023913398385048
0.017656981945037842
0.010015764273703098
0.013714725151658058
0.013658903539180756
0.014019529335200787
0.015896087512373924
0.007956013083457947
0.011166131123900414
0.0070467484183609486
0.009510116651654243
0.015753375366330147
0.3081628978252411
0.023875335231423378
0.009836309589445591
0.26613274216651917
0.00790539849549532
0.014412724412977695
0.01164714153856039
0.013349432498216629
0.017198311164975166
0.015626125037670135
0.017651043832302094
0.01094579603523016
0.00999215617775917
0.04451250657439232
0.011774257756769657
0.008028428070247173
0.007545830681920052
0.006555262487381697
0.006556709762662649
0.010383354499936104
0.015477810986340046
0.1350211203098297
0.7411661744117737
0.32271286845207214
0.0743589848279953
0.00622027600184083
0.007092636078596115
0.008725461550056934
0.004952427465468645
0.0065746367909014225
0.00914616696536541
0.008968417532742023
0.005426140036433935
0.009811013005673885
0.01258278638124466
0.01022361684590578
0.00679476372897625
0.006872029043734074
0.0048377360217273235
0.005506288725882769
0.006722918711602688
0.007378750946372747
0.005524801556020975
0.004363220650702715
0.008202222175896168
0.0073157562874257565
0.008650313131511211
0.011871811002492905
0.0077257901430130005
0.005402854643762112
0.0085096200928092
0.010096513666212559
0.010247469879686832
0.015349939465522766
0.04469885677099228
0.02336818538606167
0.020025266334414482
0.013880830258131027
0.016728177666664124
0.010912853293120861
0.010996733792126179
0.004239084664732218
0.003787718480452895
0.003430277109146118
0.006597038824111223
0.004317928105592728
0.00432452792301774
0.0038174977526068687
0.005414656829088926
0.007431393023580313
0.004333982709795237
0.0046927141956985
0.004110524896532297
0.004558560438454151
0.004447701387107372
0.004278730601072311
0.004491278436034918
0.0036170841194689274
0.004095961339771748
0.003905780613422394
0.0033187002409249544
0.014512572437524796
0.004275735467672348
0.008457422256469727
0.004570919554680586
0.004893679171800613
0.006859153974801302
0.00520022539421916
0.011209925636649132
0.00509564159438014
0.0060845608823001385
0.004771022591739893
0.004382436629384756
0.0036903698928654194
0.003708707867190242
0.003805972868576646
0.0036703392397612333
0.004298836458474398
0.0034917951561510563
0.003785497508943081
0.004341640044003725
0.0036030104383826256
0.005264044739305973
0.0036722857039421797
0.003647435223683715
0.00433748634532094
0.004167569801211357
0.002844487549737096
0.0042313020676374435
0.004180713091045618
0.003165389411151409
0.003908261656761169
0.004113930277526379
0.004628896713256836
0.0031636294443160295
0.002655796241015196
0.0039042227435857058
0.004262353293597698
0.004374811891466379
0.0035987677983939648
0.003514006966724992
0.0030351211316883564
0.0030426422599703074
0.0035327624063938856
0.003256431082263589
0.003471571020781994
0.0031756144016981125
0.0036444838624447584
0.002865140326321125
0.0028493255376815796
0.0036233551800251007
0.003595828078687191
0.0029334365390241146
0.003311292501166463
0.003842620411887765
0.0030864067375659943
0.0024632953573018312
0.003133834572508931
0.003876449540257454
0.003424555528908968
0.0031969703268259764
0.003713508602231741
0.0030371621251106262
0.0027241494972258806
0.0036065985914319754
0.004046901129186153
0.003062297124415636
0.0046362620778381824
0.003615566762164235
0.002905478933826089
0.002906114561483264
0.003688181983307004
0.0034854079131036997
0.002959547098726034
0.004106427542865276
0.0037952885031700134
0.002803757321089506
0.0035776940640062094
0.0032805621158331633
0.0029695299454033375
0.003234121249988675
0.003750828094780445
0.0031447564251720905
0.002322249813005328
0.0038475918117910624
0.002303222194314003
0.002827378921210766
0.0035501401871442795
0.003358694026246667
0.003270791145041585
0.0031815441325306892
0.0029749672394245863
0.002630755305290222
0.0027195310685783625
0.002936713397502899
0.0037632142193615437
0.0024920981377363205
0.002621356165036559
0.003437046892940998
0.0036591370590031147
0.0035425133537501097
0.002621125429868698
0.0029319070745259523
0.003842885373160243
0.0029587128665298223
0.002942621009424329
0.0031825441401451826
0.002949503716081381
0.003799040336161852
0.002615178469568491
0.003226702334359288
0.0035000459756702185
0.0031168570276349783
0.00348251243121922
0.002998216310516
0.0036248203832656145
0.003487637732177973
0.0031691137701272964
0.002810562029480934
0.003295113332569599
0.003188006579875946
0.00327570759691298
0.003275227965787053
0.004085998982191086
0.004243345465511084
0.003748485818505287
0.0050668008625507355
0.0025181116070598364
0.0032681841403245926
0.00403965637087822
0.0039642807096242905
0.0035745608620345592
0.003180200234055519
0.003215944627299905
0.003713619662448764
0.003188095986843109
0.0025964241940528154
0.003720066277310252
0.002911569317802787
0.003433333244174719
0.00295060477219522
0.002330813091248274
0.002959383884444833
0.003198733553290367
0.003942345734685659
0.0035416418686509132
0.002792631508782506
0.003675240557640791
0.003133106278255582
0.003373831044882536
0.0030306922271847725
0.0035258247517049313
0.0032811376731842756
0.002955805277451873
0.0030563981272280216
0.0037177682388573885
0.0031845823395997286
0.0027538586873561144
0.0032402202486991882
0.0032709527295082808
0.0032671589870005846
0.0027633062563836575
0.0031247043516486883
0.003075065789744258
0.00233095302246511
0.0031040350440889597
0.002369331894442439
0.0025521842762827873
0.0034102657809853554
0.003066535107791424
0.002880843821913004
0.0033837570808827877
0.0032083489932119846
0.002438278403133154
0.005172007717192173
0.0032213388476520777
0.0026810965500772
0.0027968543581664562
0.0036082116421312094
0.003946338314563036
0.0026706934440881014
0.0030799093656241894
0.004300825297832489
0.003181489882990718
0.0027978960424661636
0.0038533310871571302
0.004096591845154762
0.00662468746304512
0.0038105621933937073
0.0036213481798768044
0.0043656304478645325
0.004691491834819317
0.0042563932947814465
0.010588832199573517
0.0043990579433739185
0.004168686456978321
0.003554018447175622
0.0031460567843168974
0.026966428384184837
0.0036481113638728857
0.003965120296925306
0.004405173007398844
0.0047761378809809685
0.0043594567105174065
0.0038931744638830423
0.003407733980566263
0.003234843723475933
0.002718468429520726
0.0031334757804870605
0.0050353300757706165
0.003981057554483414
0.003943481016904116
0.0037090936675667763
0.003371258731931448
0.003634088672697544
0.0033948307391256094
0.0036004367284476757
0.0030942470766603947
0.005060173105448484
0.004007840994745493
0.0028053629212081432
0.0024179250467568636
0.003838971722871065
0.0041273850947618484
0.0031924103386700153
0.0034184728283435106
0.004194104578346014
0.00382943544536829
0.0032999604009091854
0.00466263247653842
0.0045362007804214954
0.004562164656817913
0.0035659705754369497
0.003046466037631035
0.0042353104799985886
0.0034121188800781965
0.0036227903328835964
0.007712356746196747
0.007624334190040827
0.003052743384614587
0.004206651821732521
0.004118687938898802
0.009358038194477558
0.0027881755959242582
0.004763796925544739
0.004262144677340984
0.0033917296677827835
0.0031675687059760094
0.0037740233819931746
0.002726032165810466
0.00405037309974432
0.0036123639438301325
0.00415042182430625
0.004873313009738922
